0 || `` failure to do this will continue to place a disproportionate burden `` on fulton taxpayers . || . to to on a will this place do failure burden continue taxpayers 
1 || the petition listed the mayor 's occupation as `` attorney `` and his age as 71 . || . the and the 's as as his age mayor petition 71 occupation listed attorney 
2 || it listed his wife 's age as 74 and place of birth as opelika , ala. . || , . of and 's as as his it age place wife 74 listed birth 
3 || hartsfield has been mayor of atlanta , with exception of one brief interlude , since 1937 . || , , of . of with has one been mayor since brief exception 1937 
4 || when the gubernatorial campaign starts , caldwell is expected to become a campaign coordinator for byrd . || , . to the for a is when campaign campaign become starts expected 
5 || but he added that none of georgia 's congressmen specifically asked him to offer the resolution . || . of to the 's that him he but asked resolution added offer specifically none georgia 
6 || it was marked by controversy , anonymous midnight phone calls and veiled threats of violence . || , . of and by was it anonymous violence calls phone marked controversy threats midnight 
7 || all dallas members voted with roberts , except rep. bill jones , who was absent . || , , . with was who all jones bill members roberts except absent voted 
8 || research projects as soon as possible on the causes and prevention of dependency and illegitimacy . || 
9 || `` the statements may be highly prejudicial to my client `` , bellows told the court . || , . the to the be may court my told statements client highly 
10 || he said evidence was obtained `` in violation of the legal rights of citizens `` . || of . of the in was said he evidence rights citizens legal obtained 
11 || he said this constituted a `` very serious misuse `` of the criminal court processes . || . of the a said he this court processes very serious criminal constituted 
12 || full payment of nursing home bills for up to 180 days following discharge from a hospital . || . of to for from a up days hospital home payment discharge following full bills nursing 
13 || it is a program of prepayment of health costs with absolute freedom of choice guaranteed . || of of . of with a is it costs health program freedom choice guaranteed absolute 
14 || the president said he will ask congress to increase grants to states for vocational rehabilitation . || . to to the for said will he states congress president increase grants ask rehabilitation vocational 
15 || legislators who last year opposed placing aged-care under the social security system criticized the president 's plan . || . the the 's who system under year plan opposed last president social security criticized placing 
16 || halleck said the voluntary care plan enacted last year should be given a fair trial first . || . the a said be should care year plan last first fair given trial voluntary 
17 || one diplomat described the tenor of secretary of state dean rusk 's speeches as `` inconclusive `` . || of . of the 's as state one described secretary speeches dean 
18 || they count on the aid of the neutral countries attending the geneva conference to achieve this . || . the of the to the on this countries they conference count aid neutral achieve attending geneva 
19 || but it is apparent that no acceptable formula has been found to prevent such a possibility . || . to that a is it has no but such been found formula acceptable possibility apparent prevent 
20 || how effective have kennedy administration first foreign policy decisions been in dealing with communist aggression ? ? || in with ? ? have policy how been dealing first kennedy foreign administration communist decisions effective aggression 
21 || he was critical of what he feels is president kennedy 's tendency to be too conciliatory . || . of to 's is was he he be what president too kennedy feels tendency critical 
22 || mr. nixon , for his part , would oppose intervention in cuba without specific provocation . || , , . in for his would part without specific cuba intervention mr. oppose 
23 || again and again it asked the communists to `` freeze `` the military situation in laos . || . the and to the in it again again asked situation military communists freeze 
24 || seato was steamed up and prepared contingency plans for coping with the military losses in laos . || . and the in with for up was plans military losses prepared coping 
25 || rhode island is going to examine its sunday sales law with possible revisions in mind . || . to in with is its law island possible sales mind going sunday examine 
26 || he will then appoint the study committee with mr. nugent 's cooperation , the governor said . || , . the the 's with said will he committee study then governor mr. appoint cooperation 
27 || it declares that sunday sales licenses provide `` great revenue `` to the local government . || . the to that it government revenue local sales great sunday provide 
28 || some of my fellow workers were grooming me for an office in the socialist party . || . of the in for were me an party my workers some office socialist fellow 
29 || mr. reama , far from really being retired , is engaged in industrial relations counseling . || , , . in from is relations being really far industrial retired engaged mr. 
30 || mitchell said the statement should become a major issue in the primary and the fall campaign . || . the the and the in a said should mitchell campaign issue major statement fall become primary 
31 || `` how can a man with any degree of common decency charge this `` ? ? || of with a ? ? this can man any common how degree charge 
32 || mrs. greenfield is president of the westfield women 's republican club and is a westfield county committeewoman . || . of and the 's is a is club women president county mrs. republican 
33 || in october 1944 , he was appointed state warden and chief of the forest fire section . || , . of and the in was he section forest state fire chief appointed october warden 1944 
34 || he introduced regular briefing sessions for district fire wardens and first aid training for section wardens . || . and for for he section training district fire first aid sessions introduced regular briefing 
35 || the other $ 15 million is to be alloted to municipalities on a matching fund basis . || . to the to on a is million be other fund basis 15 matching 
36 || some viewed this attempt as evidence that mr. wagner regarded himself as bigger than the party . || . the as that as than this himself party evidence some attempt regarded mr. viewed bigger 
37 || in the senate , several bills are expected to pass without any major conflict or opposition . || , . to the in are or any without conflict opposition major pass several bills expected senate 
38 || it is expected to be reported out tuesday , but this is a little uncertain . || , . to is a is out it but be this little reported expected tuesday uncertain 
39 || r. sargent shriver jr. , director of the corps , is certain that they can . || , , . of the that is can director they corps certain r. 
40 || the advisory committee on administrative and budgetary questions is expected to receive the report this week . || . the and to the on is report this committee questions week expected receive administrative advisory 
41 || an agreement among the princes on a coalition government would ease their task , diplomats conceded . || , . the on a their would an government agreement among task coalition ease conceded princes 
42 || while in the service he attended radio school at scott field in belleville , ill. . || , . in the in at he field service school while radio scott attended 
43 || he is married to the former audrey knecht and has a daughter , karol , 13 . || , , . and the to is a has he daughter 13 former married 
44 || great chapters of history have been recorded along the avenue , now about 169 years old . || , . of the about have years now along old avenue been history great recorded chapters 
45 || street car tracks run down the center of pennsylvania , powered with lines that are underground . || , . of the with that are down street car lines run tracks underground powered 
46 || moving past the presidential viewing stand and lafayette square will be at least 40 marching units . || . and the at will be square units stand past 40 moving viewing presidential least 
47 || then will come nine other states in the order of their admission to the union . || . of the to the in their will order states union other then come nine admission 
48 || the tax bill will be up for reconsideration wednesday in the house when the legislature reconvenes . || . the the the in for up will house when be tax bill legislature wednesday 
49 || many legislators are already weary and frustrated over the so-far losing battle to block token integration . || . and to the are over battle block many already integration losing token weary frustrated 
50 || passage of the sales tax measure would also give davis the means to effect a transition . || . the of the to a would effect davis tax also measure sales means give transition passage 
51 || he could tell the legislature they had provided the needed funds to carry on the battle . || . the the to the on had he could they battle needed provided funds tell legislature carry 
52 || estimates of the city 's loss in the $ 344,000 job have ranged as high as $ 200,000 . || . of the the in 's as as have high city loss job estimates ranged 
53 || the city has sued for the full amount of the $ 172,400 performance bond covering the contract . || the . the of the the for has city contract amount performance full bond covering 
54 || the philadelphia transportation co. is investigating the part its organization played in reviewing the project . || . the the the in is its part project played organization investigating reviewing 
55 || `` i am taking the position that the contract was clearly violated `` , berger said . || , . the the that was said i am position contract taking clearly 
56 || but , hemphill added , bids from other contractors ranged from $ 2400 to $ 3100 per joint . || , , . to from from per but other added joint bids contractors ranged 
57 || `` we can claim on the maximum amount of the bond `` , berger said . || , . of the the on said can we amount claim bond maximum 
58 || the cost of a license now is $ 2 , with an annual renewal fee of $ 1 . || , of . of the with a is 2 an 1 now cost annual fee renewal 
59 || goodis said that single rooms account for 95 percent of the accomodations in some hotels . || . of the in for that said account some hotels rooms single percent 
60 || he reported that the city 's contributions for animal care included $ 67,000 to the women 's s.p.c.a . ; ; || . the 's to the 's for that ; ; he care city women reported animal contributions included 
61 || $ 15,000 to pay six policemen assigned as dog catchers and $ 15,000 to investigate dog bites . || . to and to as pay dog dog six policemen assigned investigate 
62 || the city is not adequately compensated for the services covered by the fees , he said . || , . the the the by for is said he not city services fees covered adequately 
63 || he was caught driving the day after the sentence was pronounced and given a warning . || . the and the was a was he after day sentence given driving caught warning pronounced 
64 || his widow started the circulation of petitions after barnard was reprimanded for violating the probation . || . of the the for was his after started widow circulation probation 
65 || the younger boy said the blast knocked him out of bed and against the wall . || . the of the and the out said against him bed boy wall younger knocked blast 
66 || the explosion sent the hood of the car flying over the roof of the house . || of the the . the the of the over house car roof sent flying hood explosion 
67 || mining is secretary-treasurer of the local and shiflett is a member of its executive committee . || of . of and the is a is its committee member local mining executive 
68 || his schedule calls for a noon speech monday in eugene at the emerald empire kiwanis club . || . the in for a at his club empire speech noon calls monday schedule 
69 || -- three positions on the oak lodge water district board of directors have attracted 11 candidates . || . of the on have water board district three directors 11 lodge oak candidates positions attracted 
70 || incumbent richard salter seeks re-election and is opposed by donald huffman for the five-year term . || . and the by for is opposed term donald richard seeks five-year 
71 || the council agreed it should more firmly state its belief in and dependence on the bible . || . the and the in on it its council should state more agreed belief firmly bible dependence 
72 || `` surveys show that one out of three americans has vital contact with the church . || . of the with that out has one church show three surveys contact vital americans 
73 || `` in this light we need 1,000 churches in illinois , where we have 200 ; ; || , in in ; ; have this we where light we need 200 churches 1,000 
74 || -- encouraging by every means , all existing assemblies of god churches to start new churches . || , . of to by new all every god means churches start churches existing encouraging 
75 || -- engaging mature , experienced men to pioneer or open new churches in strategic population centers . || , . to in or new men population open churches experienced strategic pioneer mature 
76 || -- arranging for ministerial graduates to spend from 6-12 months as apprentices in well-established churches . || . to in for from as months churches graduates spend ministerial arranging 
77 || catcher frank house 's throw in an effort to nab throneberry was wide and in the dirt . || 
78 || the famed yankee clipper , now retired , has been assisting as a batting coach . || , , . the a as has now been coach retired 
79 || hansen arrived just before nightfall , two hours late , in company with lee macphail ; ; || , , in with ; ; hours before company two just lee arrived late 
80 || mills shot out in front and kept the lead through two thirds of the race . || . of the and the in out through two front lead race mills shot kept 
81 || he went into the army in march , 1957 , and returned two years later . || , , . and the in into years he 1957 two went army march later returned 
82 || moritz , however , kicks only about 10 or 12 extra points during each practice session . || , , . or about each points only 10 during session practice 12 extra however 
83 || `` if you kick too much , your leg gets kinda dead `` , he explained . || , , . you he your if kick leg too much gets explained dead 
84 || meek expressed particular gratification at the defensive performances of end happy nelson and halfback billy gannon . || . of and the at end expressed nelson happy performances billy defensive particular 
85 || `` as soon as it started to form , gannon spotted it `` , meek said . || , , . to as it as said it form started soon spotted 
86 || `` he 's looking a lot better , and he 's able to run `` , meek explained . || 
87 || they now lead louisville by a full game on top of the american association pack . || . of the by on a now they association lead american game top full pack 
88 || after al paschal gruonded out , jay cooke walked and jim mcdaniel singled home mcauliffe . || , . and out after home al walked jim jay 
89 || gaines hammered the ball over the left fence for the third indianapolis run in the ninth . || the . the the the in for over left ball run fence third ninth 
90 || ed donnelly is still bothered by a side injury and will miss his starting turn . || . and by a is his will side injury still turn miss starting ed bothered 
91 || lemon was on with his fourth single of the game , a liner to center . || , . of the to with on a was his game single fourth lemon 
92 || -- boston red sox outfielder jackie jensen said monday night he was through playing baseball . || . was said through he night red playing monday jackie boston 
93 || the conductor said to ritchie : `` i do n't think you want to talk to him . || . to to to the : said you i n't him do think want talk 
94 || of the two cherished achievements the elderly spahn 's hitless pitching probably reached the most hearts . || . the the of the 's two most reached probably elderly achievements hearts 
95 || the modest and happy spahn waved off his new laurels as one of those good days . || . of and the as his off days new one those good happy waved modest 
96 || willie 's big day revived the running argument about the relative merits of mays and mickey mantle . || . of the and the 's about day argument running big relative willie mickey revived merits 
97 || four years later he resigned to take a similar job with the green bay packers . || . the to with a green years he bay job four later similar take resigned 
98 || to spahn will go the sid mercer memorial award as the chapter 's player of the year . || . the of the to the 's as will year award player go memorial chapter 
99 || shea and his wife , nori , make their home at sands point , l. i. . || , , , . and at his their point home wife make l. i. 
100 || he was the lawyer for ted collins ' old boston yankees in the national football league . || . the the in for was ' he national league old football collins lawyer ted boston 
101 || all was quiet in the office of the yankees and the local national leaguers yesterday . || . the of the and the in was national all office yesterday local quiet 
102 || he won the masters , the united states open and a record $ 80,738 in prize money . || , . the and the in a he states record prize open money united won masters 
103 || but he also achieved something that endeared him to every duffer who ever flubbed a shot . || . to that a who him he but also every something shot ever achieved 
104 || a couple of weeks ago , he scored a monstrous 12 on a par-5 hole . || , . of a a on a he weeks ago 12 scored hole couple 
105 || he merely became victimized by a form of athletics that respects no one and aggravates all . || . of and by that a no he all form one became merely respects 
106 || then the pixies and the zombies took over while the banshees wailed in the distance . || . the the the and the in over took then while distance 
107 || on the narrow fairway of a 508-yard hole , arnold whipped into his second shot . || , . of the on a into his shot hole second arnold narrow 
108 || he scored a 4 for the embedded ball , a 3 with the provisional one . || , . the the with a for a 3 he 4 one ball scored embedded provisional 
109 || however , this would require a lengthening of the season from thirteen to fourteen weeks . || , . of the to from a would this season weeks however require fourteen thirteen 
110 || `` we 'll have the problem of baseball at one end and weather at the other `` . || . of the and the at at have one end we other problem 'll weather 
111 || `` pittsburgh definitely is the team to beat `` , mauch said here the other day . || , . the to the is said day team other here beat definitely 
112 || haddix has a 13-8 record against the redbirds , despite only a 1-3 mark in 1960 . || , . the in a a against has only record mark despite 1960 
113 || pirate manager danny murtaugh said he had n't decided between mizell and vern law for wednesday 's game . || . and 's for had between said n't he law manager game decided wednesday danny 
114 || with a lefthander going for pittsburgh , i may use don taussig in center `` . || , . in with for a i may use going don 
115 || since 1949 , the st. louis club has been below on may 1 just four times . || , . the on has 1 may club times been since just four below st. louis 1949 
116 || bob burnes , sports editor of the globe-democrat , presented bob nordmann with his award . || , , . of the with his award bob sports presented bob editor 
117 || mays ' day came a day earlier for willie than for the kids and commies this year . || . and the for for a ' than day this day year came earlier kids willie 
118 || also present will be the bride 's children , joan , 13 , and kirkland , 11 . || , , , , . and the 's will be children also 11 13 present bride joan 
119 || the geraghtys ' youngest daughter , molly , bows in the passavant debutante cotillion the next night . || , , . the the the in ' night daughter next molly youngest 
120 || the burkes , who now live in kankakee , are telling friends of the engagement . || , , . of the the in are who now friends live telling engagement 
121 || handsome bachelor charley was a favorite date of many of hollywood 's glamor gals for years . || of . of 's for a was years date many handsome hollywood 
122 || jump off is tomorrow night when the packs meet st. louis in their season home opener . || . the in is off their when home night season jump tomorrow st. meet louis packs 
123 || actually johnny is a glib , garrulous guy , with a rare sense of humor . || , , . of with a a is sense johnny actually guy rare 
124 || grandparents are mr. and mrs. robert l. chase and mr. and mrs . guy mullenax of kittredge . || 
125 || mrs. john c. vroman jr. of manzanola is spending several days in her sherman plaza apartment . || . of in is her days john c. several spending apartment mrs. 
126 || mrs. stanley wright is ticket chairman and mrs. theodore pate is in charge of publicity . || . of and in is is chairman charge stanley ticket wright mrs. publicity mrs. 
127 || there are even motels for local weather peculiarities in shamrock , tex . , as i discovered . || , , . . in for as are i there local even weather discovered 
128 || the rev . melvin carter officiated at the ceremony in slaughter chapel of the first baptist church . || . . the of the the in at chapel church first ceremony carter 
129 || her veil was caught to a pearl headdress , and she carried stephanotis and orchids . || , . and and to a was her she carried caught pearl 
130 || but we ca n't tell it all now and then have no new excitement later `` . || . and it have n't no but new all now we then later ca tell excitement 
131 || mr. ingo dussa , of dusseldorf , germany , and mr. bietnar haaek , of brelin . || , , , , of . of and germany mr. mr. 
132 || she will entertain at a vieux carre restaurant at 1 o'clock in the early afternoon . || . the in at a at will 1 she restaurant early afternoon o'clock entertain 
133 || the girl was in critical condition with burns over 90 per cent of her body . || . of the in with was over per her condition cent body girl burns 90 critical 
134 || the victims were h. malone dresbach , 47 , and his wife , shirley , 46 . || , , , , . and the were his wife h. 46 victims 47 shirley 
135 || police said the boys are natural brothers and were adopted as small children by the dresbachs . || . the and the by are as were said children brothers police boys small natural adopted 
136 || governor tawes announced that a triple swearing-in ceremony will be held in his office next friday . || . in that a his will be office held announced next governor ceremony triple friday 
137 || others , which are reached by walking up a single flight of stairs , have balconies . || , , . of by a up are which have flight walking single reached others stairs 
138 || they are accused of whisking secrets out of naval strongrooms over which they kept guard . || of . of out are over which they they kept accused guard secrets naval 
139 || a shadowy couple who call themselves peter kroger , bookseller , and wife , joyce . || , , , . and a who themselves call wife peter couple joyce 
140 || `` this is russian money `` , said mervin griffith-jones for the attorney general 's office . || , . the 's for is said this general office money russian attorney 
141 || almost any information about the dreadnought would also reveal secrets about the american underwater fleet . || . the the about about would information any also american almost fleet secrets reveal 
142 || it was first tried out on a conventional submarine , the albacore , in 1954 . || , , . the in on a was out it first tried conventional 1954 
143 || his losses included his money bag , containing $ 40 to $ 50 and his $ 214 paycheck . || , . and to his his his bag money containing 50 losses included 40 
144 || christine 's twin sister , patricia , and darlene kowalski , 8 , escaped with minor burns . || , , , , . and 's with 8 burns minor twin sister escaped christine 
145 || he said contributions also could be mailed to post office box 553 , warren village station . || , . to said he be could box also office station village post contributions warren 
146 || `` i never knew there were such neighbors and friends around me and my family . || . and and were me i around family there my such never knew friends 
147 || commandeering a passing car , kimmell pursued the fleeing vehicle , but lost it in traffic . || , , . the in a it but car traffic lost vehicle pursued passing 
148 || britain announced that it is asking the soviet union to agree tomorrow to an immediate cease-fire . || . to the to that is it an union announced soviet tomorrow britain agree asking immediate 
149 || he indicated that requests would be made for more u.s. arms and more u.s. military advisers . || . and for that would he more be more made arms military indicated requests advisers 
150 || he declared the government is thinking of asking for foreign troops if the situation worsens . || . of the the for is he government if thinking troops situation foreign declared asking 
151 || at least 20 other americans were reported to have been arrested in a mass political roundup . || . to in a at were have other been mass reported political 20 arrested americans least 
152 || more than 1,000 were said to have been arrested -- 100 of them roman catholic priests . || . of to were said than have them more 100 been roman catholic priests arrested 1,000 
153 || they indicated that stand-ins and picketing would be started if theater owners failed to cooperate . || . and to that would be if they started failed owners indicated 
154 || he was born in pittsboro , miss . , and was a veteran of world war 1 . || , , . . of and in was a was war he 1 world miss born veteran 
155 || he was a member of the oakland city methodist church and a native of atlanta . || of . of the and a a was he church city member native 
156 || two daughters , mrs. gene f. stoll and miss nancy harris , both of garland ; ; || , , of and ; ; gene two harris both f. miss mrs. daughters 
157 || slate said he and crawford received cuts and scratches and their uniforms were badly torn . || 
158 || the eradication effort is being pushed in bibb and jones counties , over 37,679 acres . || , . and the in is over jones being effort counties acres pushed 
159 || incidentally , 14th street and the expressway is the high accident intersection during daylight hours . || , . the and the is street hours high during accident daylight 14th incidentally 
160 || the junction of the northeast and northwest expressways and jones avenue and marietta street , aj . || 
161 || that death occurred at 50 p.m. friday and was reported sunday , the patrol said . || , . and the that was at said death p.m. reported 50 sunday patrol occurred friday 
162 || secret grand jury indictments were returned against the pair last week , detective murray logan reported . || , . the were against last reported week grand returned pair secret murray detective jury 
163 || the phoenix arrest culminates more than a year 's investigation by detective william taylor and other officers . || . and the 's by a than year more other officers taylor william arrest investigation detective 
164 || she was arrested by phoenix police after they received the indictment papers from portland detectives . || . the by from was after they she police papers received arrested detectives 
165 || for winning larson will receive a $ 100 u.s. savings bond from the junior achievement national organization . || . the for from a will national 100 organization bond junior achievement savings receive winning 
166 || bill davis quartet of hillsboro was second and baton twirler sue ann nuttall of reedville third . || of . of and was davis bill second ann third sue 
167 || janet jossy of north plains won grand champion honors of the 4-h sheep showman contest . || of . of the champion north grand won contest sheep janet 
168 || joan zurcher of hillsboro , phyllis jossy of north plains , jane cox of north plains . || , of , of . of north north jane cox joan 
169 || tom day of beaverton exhibited the grand champion 4-h market hog , a chester white . || , . of the a market day champion white grand tom exhibited chester 
170 || swine showmanship championship went to bob day , with tom day and hutchins winning other blues . || , . and to with day day went other championship tom bob blues winning 
171 || the fund 's statewide quota this year is $ 8,250 to provide christmas gifts for needy youngsters . || . to the 's for is this year fund provide christmas youngsters gifts quota 
172 || hospital officials said the injury was severe but the youth was in good condition last night . || . the the in was was said but hospital condition night last injury good youth officials severe 
173 || no formal charges have been filed as a result of either of the two reported incidents . || of . of the a as have no two been reported charges either result incidents filed formal 
174 || the conservation leader said other mistakes in spraying had caused serious damage in ohio and wyoming . || . and in the in had said damage other leader caused conservation serious mistakes 
175 || `` there was only one power control -- a valve to adjust the fuel flow . || . the to a was control power flow one there only valve fuel adjust 
176 || the only way out of this state of affairs is agreement to abolish nuclear weapons ; ; || of of to the is out ; ; way this state agreement only nuclear weapons affairs 
177 || the weather bureau has estimated that radioactive fallout from the test might arrive here next week . || . the the from that has test might here week next weather estimated bureau arrive radioactive 
178 || when huff attempted to cash another $ 100 check there monday , hotel officials called police . || , . to when hotel 100 there called police officials cash another check monday attempted 
179 || for many reasons , the demand to buy shares in the dallas-headquartered company was tremendous . || , . the to the in for was company shares demand many reasons buy tremendous 
180 || it was not a case of the investment bankers having to sell the stock ; ; || the of the to a was ; it ; not case investment stock having bankers sell 
181 || the present company is a combination of several smaller ones that date back to 1834 . || . of the to that a is back company date ones several present combination smaller 
182 || the lummus cotton gin co. has had a sales and service office in dallas since 1912 . || . and the in a had has service office since sales cotton 
183 || the moss gordin lint cleaner co. and gordin unit system of ginning have joint headquarters here . || . of and the system have unit here joint headquarters cleaner moss 
184 || they make gin saws and deal in parts , supplies and some used gin machinery . || , . and and in they some used parts make deal supplies machinery 
185 || the firm also handles gin and oil mill supplies such as belting , bearings , etc . . || , , . . and the as oil such also mill firm etc supplies handles 
186 || business firms provide 20 weeks of practical employment to supplement classroom instruction in these fields . || . of to in business these weeks employment fields firms 20 instruction provide supplement practical classroom 
187 || william cluck , deloris carrel carty , and edna earl eaton of north dallas ; ; || , , of and ; ; north william earl 
188 || patricia ann neal , johnny carruthers , and david mclauchlin of rylie of seagoville ; ; || , , of of and ; ; david johnny ann 
189 || a substantial rise in new orders and sales of durable goods was reported for last month . || . of and in for a was new goods rise last reported sales orders month substantial 
190 || under the new offering , only $ 60 million in debentures are convertible into 923,076 common shares . || , . the in into million are new under common shares only offering 60 
191 || -- american stock exchange prices enjoyed a fairly solid rise but here also trading dwindled . || . a but rise also here stock american prices exchange trading enjoyed solid fairly 
192 || the proposed c & o-b & o railroad would make it the hemisphere 's second largest . || . the the 's & it & would c make second proposed o hemisphere largest 
193 || expect their own production volume , and presumably sales , to jump 30 percent in 1961 . || , , . and to in their production sales volume jump own 30 percent expect 1961 presumably 
194 || the significance of the pickup in farm machinery sales extends beyond the farm equipment industry . || . the of the the in farm farm industry equipment sales beyond significance machinery extends 
195 || last year , we probably would have given him $ 700 for a comparable machine `` . || , . for a have him would year machine we last given probably 700 comparable 
196 || harry rolnick , president of the byer-rolnick hat corporation and designer of men 's hats ; ; || , of of and the 's ; ; men hat president corporation hats designer harry 
197 || her favorite cocktail dress is a norell , a black and white organdy and silk jersey . || , . and and a a is her black white jersey dress cocktail silk 
198 || she also likes the femininity and charm of designs by ceil chapman and helen rose . || . and of and the by also she rose designs likes charm chapman helen 
199 || among stage performances was a starring role in `` golden arrow `` directed by noel coward . || . in by a was among role stage arrow performances directed golden 
200 || ramsey , as smu 's food wrangler , buys enough groceries to serve 32,000 meals a week . || , , . to 's a as enough food week meals ramsey serve buys 
201 || once four tibetan monks , in their saffron robes , filed through the cafeteria line . || , , . the in through their line four once monks filed 
202 || `` they are n't supposed to look at women , you know `` , ramsey recalled . || , , . to at are you n't they women look know ramsey recalled supposed 
203 || `` what with all those pretty girls around , they had a hard time `` . || , . with a had around all time what they those hard girls pretty 
204 || serve each breast on a thin slice of slow-baked ham and sprinkle with thompson seedless grapes . || . of and with on a each thompson thin ham breast slice serve 
205 || see-through design of the chairs combines both the nostalgic ladder back and an oriental shoji flavor . || . of the and the back an design both chairs ladder combines oriental 
206 || to bring warmth to the dining area , golden orange tones are used in the fabrics . || , . to the to the in are area used fabrics orange tones golden dining warmth bring 
207 || center panel , hand-screened wood , actually is a back of one of the tall bookcases . || , , of . of the a is back wood one panel tall actually 
208 || decorating the ballroom will be the yellow rose of texas , in tall bushes ; ; || , of the the in ; ; will be rose bushes tall yellow texas 
209 || their activities will be climaxed in the spring of 1962 when they go to europe . || . of to the in will their when be they activities europe go spring 1962 
210 || two of these are in or near dallas and the others away from the vicinity . || . of the and the in from are or away two these near others 
211 || w. h. roquemore , treasurer , and the following chairmen : mmes mckee , publicity ; ; || , , , and the : ; ; following h. w. publicity treasurer 
212 || more than 200 are expected at the autumn event which is matched in the spring . || . the the in is at are than which more event spring 200 expected matched autumn 
213 || he started practice in 1917 , and served on the state board of medical examiners . || , . of and the in on he board state started practice medical served 1917 
214 || a heart attack when she was barely 20 put an end to the 10-hour daily practicing . || . the to a was when an attack she end heart put daily 20 barely 
215 || there they continued their studies at the university , she in art , he in architecture . || , , . in the in at he their university studies they there she art continued architecture 
216 || when they do that my wife has to drive me to work in the big car . || . to to the in that me has when work drive they car my do wife big 
217 || my wife could drive us down the hill and we could all walk from there . || . and the from down hill could all could us drive there my we wife walk 
218 || nobody walks anymore but crackpots and harry truman , and he 's already got an education . || 
219 || she is the former judy chapman , daughter of john s. chapman of this city . || , of . of the is this city she john daughter former s. chapman chapman 
220 || in the comedy division , the kings simply augment talent and imagination with a few props . || , . the and the in with a division kings comedy simply imagination few talent 
221 || net result is some crazy-wonderful nonsense , part of which can be classed as pure slapstick . || , . of is as which can be part some net result nonsense pure 
222 || bandstand features hal decicco , pianist , for both dinner hour and the late trade . || , , . and the for trade features hour dinner both late 
223 || vivacious redhead debuts another shop , her sixth , in the governor 's club hotel this week . || , , . the in 's her this club hotel shop week another governor sixth 
224 || the business education program operates with the cooperation of local high schools and business firms . || . of the and the with business education high schools business local firms program operates cooperation 
225 || at that time the second half of the christian youth crusade against communism will be staged . || . of the the that at against will time be youth half christian second staged communism 
226 || the first one , two years ago , changed the routine of their home life . || , , . the of the their years life one home two first ago changed routine 
227 || to their surprise , the children all were eager and quite able to take part . || , . to and the to were their all children part take quite surprise able eager 
228 || new officers of the church will be ordained and installed at the 7:30 p.m. service . || . of the and the at will be service new church p.m. officers installed 
229 || the season in san francisco will open with a special gala concert on november 22 . || . the in with on a will san season open francisco november 22 special concert 
230 || all the sins of ancient rome are said to be collected into this three-hour film . || . of to the into are said this be all film collected ancient rome 
231 || if that 's all the romans did , it 's a surprise to me that rome fell . || , . the 's to 's that that a it me all if did romans fell surprise rome 
232 || but this does n't detract from its merit as an interesting , if not great , film . || , , . from as n't its an but this not if does film great interesting merit 
233 || but he left the doors to his office open so he could hear the music . || . the the to his he he but could so office music left open doors hear 
234 || i 'm sure you 've heard of him and his record , ' the confederacy ' `` . || , . of and the ' his ' you i him record 've heard 'm sure 
235 || among the other artists , whose paintings were discussed were boucher , courbet , fra angelico . || , , , . the were were other among whose artists paintings discussed 
236 || they came together in the huge , high-ceilinged council chamber to hear the late leader eulogized . || , . the to the in together council they came leader chamber late huge hear 
237 || the marriage of john and mary black had clearly reached the breaking point after eight years . || . of the and the had years point after black eight john marriage reached mary clearly breaking 
238 || john had a job in a small firm where the work was dull and monotonous . || . and the in a was a had work where john job firm small dull 
239 || `` i 'm hopeful that from more traditional exchanges we can perhaps find greater common ground `` . || . from that i can more common we ground 'm perhaps greater find traditional exchanges hopeful 
240 || president kennedy will meet with soviet premier nikita s. khrushchev in vienna june 3 and 4 . || . and in with will 3 4 president soviet kennedy june s. premier meet vienna 
241 || the spirit served chiefly to lull the west while moscow made inroads into the middle east . || the . the to the into moscow made west while spirit east served middle chiefly 
242 || in 1959 president eisenhower and premier khrushchev held an informal session in the u. s. . || . in and the in an session president held s. premier informal 1959 
243 || ideally , he knew , it should be preceded by concrete progress at lower levels . || , , . by at it he be should levels knew lower progress concrete preceded ideally 
244 || the president was especially concerned about the deadlock in the nuclear test ban negotiations at geneva . || . the the the in at was about test ban president nuclear concerned negotiations especially geneva 
245 || he has indicated that he plans new moves on berlin before the year is out . || . the on that is out he has he new before year plans moves berlin indicated 
246 || community esprit de corps has been the protective shell which has made the achievement possible . || . the the has de has which made possible been community shell corps achievement protective 
247 || it is something more than the arithmetical sum of individual totals of piety and detachment . || of . of and the is it than more sum something individual 
248 || this `` family-community `` spirit is the real explanation of the marvel of our achievement . || of . the of the is this our spirit real explanation achievement 
249 || much has been made of the fact that major catholic institutions now guarantee firm tenure . || . of the that has now made been much firm major fact catholic guarantee institutions tenure 
250 || the senator was shocked by stoppages over allegedly trivial disputes that delayed our missile program . || . the by that was over our missile program disputes delayed shocked senator allegedly trivial 
251 || they are preoccupied with ending labor abuses by extending the anti-monopoly laws to the unions . || . the to the with by are they laws unions ending extending 
252 || the fact is that any business that wants to operate successfully can not follow the law . || . the to the that that is can law not any business fact wants successfully follow operate 
253 || uncle sam would then accuse them of creating a monopoly by `` unfair competition `` . || . of by a them would then competition unfair sam monopoly uncle creating 
254 || before 1933 , individuals who opposed trade unions and collective bargaining said so in plain english . || , . and in said who before opposed so trade english plain individuals bargaining unions collective 1933 
255 || the basic purpose of an effective collective-bargaining system is the removal of wages from competition . || of . of the the from is system an competition purpose effective removal wages basic 
256 || there were no pious hypocrisies then about being for collective bargaining , but against labor monopoly . || , . for were about against no but there being then bargaining monopoly collective 
257 || labor remained a commodity -- but presumably a privileged one granted immunization from the anti-trust laws . || . the a from a but one laws remained granted commodity presumably privileged 
258 || ) the court first ruled that the strike constituted only an indirect interference with commerce . || . the the ) with that an court only first strike interference ruled commerce constituted indirect 
259 || what herter presented , said gore , was `` not a very encouraging review `` . || , , . a was said not what review very presented encouraging 
260 || smith flatly rejected the offer , and mister sam thereupon decided to join the rebels . || , . the and to the smith rebels decided offer rejected sam join 
261 || but in the prospect of winning the battle loomed the specter of losing a costlier war . || of . the the of the in a war but battle prospect winning losing 
262 || fair dealer humphrey upped the ante , asked cloture power for a mere majority of senators . || , . of the for a power asked fair majority dealer mere 
263 || nixon fulfilled his assignment with grace , then went beyond the required `` sufficient declaration `` . || , . the with his went then required beyond declaration grace sufficient assignment fulfilled 
264 || as he signed his scorecard and walked off the course , player was almost in tears . || , . and the in was as his off he course player signed almost walked tears 
265 || as if to confirm his stature , he quickly won three of the first eight tournaments . || , . of the to as his he if eight three first won quickly confirm 
266 || player immediately proved he was not in the least awed by the dramatic proximity of palmer . || . of the the in by was he not player immediately proved palmer least dramatic proximity 
267 || he outplayed palmer all around the course and finished with a tremendous 65 to palmer 's 71 . || . and the to 's with a around he all course palmer 71 finished palmer 65 tremendous 
268 || starting the second nine , palmer was already four strokes behind player and knew it . || , . and the was it behind four player knew already second nine palmer strokes starting 
269 || experts point to the thinning of pitching talent in the american league caused by expansion . || . of the to the in by point league american caused expansion talent experts 
270 || with their huge backs and overdeveloped shoulders , both must have their clothes made to order . || , . and to with their have their order made must both clothes shoulders backs huge 
271 || of the two , mantle is by nature the less outgoing , maris the more outspoken . || , , . the the of the by is more two nature less 
272 || ( farrell did -- and maris led the team to victory in the little world series . || . the and to the in ( world did little team series victory led 
273 || with this ultimate weapon , the two yankees may have saved baseball from its dullest season . || , . the with from have its this may two season weapon saved ultimate 
274 || old and new briefly crossed paths in the u.s. senate , then went their respective ways . || , . and the in their new old went then ways paths briefly crossed senate respective 
275 || pittsburgh turned him down , just as pittsburgh society had been snubbing him for years . || , . for as him had down him society years been just turned 
276 || but in all its 175 years , not a single negro student has entered its classrooms . || , . in a its has its years but all not student single entered 
277 || but holmes was rejected again `` on the basis of his record and interview `` . || . of and the on was his but holmes again record basis interview rejected 
278 || they also said he lied in saying that he had never been `` arrested `` . || . in that had said he he they also been never saying arrested 
279 || their reason : holmes once paid a $ 20 speeding fine , had his license suspended . || , . a : his had their holmes once paid 20 fine reason suspended 
280 || the state will appeal -- but few think it will actually try to close the university . || . the to the will it will university but state close try think appeal actually few 
281 || and it was filled then as now by quarreling tribes with no political or historical unity . || . and with by was as or it no now then political filled historical unity 
282 || they were determined by the points at which leopold 's explorers and gunmen got tired of walking . || . of and the 's by at were which they points got walking determined tired 
283 || the religions of the people include christianity , mohammedanism , paganism , ancestor worship and animism . || , , , . of the and the people include religions worship christianity 
284 || had they been truly ruthless , the belgians might have exploited the congolese without compassion . || , . the the had have they might been without exploited truly ruthless 
285 || why did the belgians grant independence to a colony so manifestly unprepared to accept it ? ? || to the to a ? ? it did so grant why independence colony accept 
286 || and in brussels , street crowds shouted , `` pas une goutte de sang ! ! || , , and in ! ! de street shouted crowds sang brussels 
287 || the belgian government decided to act , and on july 10 dispatched paratroops to the congo . || , . to the and to the on government act 10 decided july belgian 
288 || it took the u.n. three months to bring a modest form of order to the congo . || . to the of the to a it order form took three months bring modest 
289 || from october 1960 to february 1961 , the u.n. forces in the congo took little action . || , . the to the in from action little forces took october february 1960 1961 
290 || the conversation apparently convinced mr. kennedy that the positions of france and tunisia were not irreconcilable . || . of the and the that were not kennedy positions france conversation apparently mr. convinced 
291 || the president also conferred with emissaries from guatemala and nepal who are seeking more foreign aid . || . and the with from are who more also president aid foreign seeking 
292 || all week long the president clearly was playing a larger personal role in foreign affairs ; ; || the in a was ; ; all president long role week personal affairs foreign playing clearly larger 
293 || `` the man was bent over with his hand on his stomach `` , berry said . || , . the with on was his over his said man hand bent stomach 
294 || what the man wanted was four persons to volunteer as hostages , along with the crew . || , . the to the with was as man what along four wanted crew persons volunteer hostages 
295 || they chose four : jack casey , who works for continental airlines in houston ; ; || , in for : ; ; who they works four chose jack airlines continental 
296 || at 7:30 a.m. , more than three hours after landing , the beardens gave an ultimatum : || , , the at : than an after hours more three gave a.m. landing 
297 || the elder bearden had one pistol in his hand , the other in a hip pocket . || , . the in the in a had his one hand other pocket hip elder 
298 || ( bearden reportedly hoped to peddle the plane to castro , and live high in cuba . || , . to and to the in ( high plane cuba live hoped reportedly 
299 || holders of toll-road bonds are finding improvements in monthly reports on operation of the turnpikes . || of . of the in on are reports operation bonds holders improvements monthly finding 
300 || another result is that buyers are tending to bid up the prices of these tax-exempt bonds . || . of to the that is up are these buyers prices another bid bonds result 
301 || investors , however , still see an element of more-than-ordinary risk in the toll-road bonds . || , , . of the in an see still element risk bonds investors however 
302 || then march brought an 18 per cent rise in net revenues -- after operating costs . || . in per an after cent rise net then march costs brought operating 18 revenues 
303 || some turnpikes have not been in full operation long enough to prove what they can do . || . to in have can enough not what they operation do some been long full prove 
304 || investors studying the toll-road bonds for opportunities find that not all roads are nearing their goals . || . the for that are their all not bonds roads opportunities goals investors find studying 
305 || many others are attracting the traffic needed to push revenues up to the break-even point . || . to the to the up are point traffic many needed others revenues push attracting 
306 || a skilled worker on the assembly line , for example , earns $ 37 a week . || , , . the a on for a line week assembly example worker 37 skilled 
307 || `` said secretary hodges : ' it 's a tough combination for the u.s. to face . || . the to 's for a : said it ' face secretary combination tough 
308 || there are many places where we can use their vigor and new ideas ' `` . || . and are ' their can new there where use we ideas many places 
309 || the indians and pakistanis are chafing under similar restrictions on the british market for similar reasons . || . the and the on for are market under similar british similar indians reasons restrictions 
310 || in veiled terms , that 's what the kennedy administration is saying to the american textile industry . || , . the to the in 's that is what industry terms american kennedy administration saying textile 
311 || the entire headquarters collection is available to the patrons of all members on interlibrary loans . || . of the to the on is all collection members available loans headquarters entire 
312 || the books are carried around by truck in canvas bags from headquarters to the other libraries . || . the to the in by from are around other books carried truck headquarters bags libraries canvas 
313 || the system itself is governed by a board of trustees , geographically representing its membership . || , . of the by a is system its itself board membership representing trustees governed 
314 || a fundamental source of knowledge in the world today is the book found in our libraries . || . of the in the in a is world book our knowledge found today source libraries fundamental 
315 || this session , for instance , may have insured a financial crisis two years from now . || , , . for from a have years this may now two session financial crisis insured instance 
316 || and the league takes a stand , with great regularity , on the side of right . || , , . of the and the with on a side league stand right great takes 
317 || this left the soviets plenty of leeway to start low-grade brushfire aggressions with considerable impunity . || . of to the with this left start considerable plenty 
318 || a horizon even and seamless , binding the vast sun-bleached dome of sky to earth . || , . of and the to a binding sky even earth dome horizon vast 
319 || the park service makes an impressive ecological and statistical case for creating this new park . || . and the for park park an this service new case makes statistical impressive creating ecological 
320 || a philadelphia distiller is currently breaching the customary prohibition against hard-liquor advertising on tv and radio . || . and the on a is against radio tv advertising currently customary 
321 || his election , on the other hand , would unquestionably strengthen the `` regulars `` . || , , . the the on his would hand other election strengthen 
322 || but his reelection would strengthen the liberal democrats and the labor unions who back him . || . the and the his who him would back but liberal democrats unions strengthen 
323 || the vote still gives citizens a voice in the operation of their government and their party . || . of the and the in a their their party government operation voice still citizens gives vote 
324 || both mr. k 's have so far continued to speak softly and carry big sticks over laos . || . and to 's over have so both k continued sticks far softly big carry mr. speak 
325 || in this case he has put the alternatives clearly to mr. khrushchev for the third time . || . the to the in for has he time this case put alternatives clearly third mr. 
326 || twice previously the senate has approved measures backing etv and the house has let them die . || . the and the has has them house measures approved twice let backing die previously senate 
327 || the funds would be used for equipment , not for land , buildings , or operation . || , , , . the for for or would be not operation land used equipment buildings funds 
328 || mr. speaker , mr. sam , and mr. democrat , at one and the same time . || , , , . and and the at time one speaker mr. mr. democrat sam mr. same 
329 || when it was not , one of the great dramas of washington would be presented . || , of . of the was it would be when not one great presented washington 
330 || he expected democrats to do their duty when it had been patiently pointed out to them . || . to to out it had their he them when do been duty pointed democrats expected 
331 || sound the roll of those with whom he served and who preceded him in death . || . of and the in with him who he roll death sound those served whom preceded 
332 || the excuse was offered for them that they had mistaken the italians for belgian mercenaries . || . the the for for that was had them they offered excuse belgian italians mistaken 
333 || to the contrary , through the past six weeks violence has been piled upon violence . || , . the to the through has upon been violence past weeks violence six piled contrary 
334 || further , it has its work cut out stopping anarchy where it is now garrisoned . || , . is out it it has its work now where further cut stopping 
335 || also , normal personnel attrition would make the job reduction provision more or less academic . || , . the or would more also job personnel normal less provision make reduction academic 
336 || the widely known financial firm has 60 days to spell out the terms of its contract . || . of the to the out has its days contract known terms financial firm 60 spell widely 
337 || they allotted $ 500,000 three years ago to support interama until its own financing could be arranged . || . to years its be could until support they three ago own arranged financing 
338 || it is one of the rare public ventures here on which nearly everyone is agreed . || . of the is on is it which one here public agreed nearly ventures everyone rare 
339 || the wizard who fashioned west germany 's astonishing industrial rebirth is the soul of free enterprise . || . of the the 's is who west free enterprise germany industrial soul astonishing 
340 || but it can be dangerous if the joiner does n't want to make a spectacle of himself . || . of the to a it n't can but be himself if does make want dangerous 
341 || one specific example is a secret `` fraternity `` which will `` coordinate anti-communist efforts `` . || . is a which will one specific efforts example secret 
342 || in this instance , happily , insistence is being made that our share is protected . || , , . in is that is this made our being share protected happily insistence instance 
343 || when all else fails , it is argued that open sessions slow down governmental operations . || , . that is down it when all open operations else argued sessions slow fails 
344 || without public scrutiny the deliberations of public agencies would no doubt be conducted more speedily . || . of the no would be more public without public doubt agencies conducted scrutiny 
345 || but the jurisdictional disputes that result from the craft-industrial rivalry do not win friends for labor . || . the the for from that but not do win friends result disputes 
346 || `` i have to see the facts `` , is the way the prince puts it . || , . the the to the is it i have way see prince puts facts 
347 || the university can make a valuable contribution to the state 's economic development through such a study . || . the the to 's a a through can university state development such study economic make contribution valuable 
348 || politics-ridden st. clair county in illinois presents another piece of the problem of metropolitan development . || of . of the in development county problem another piece st. presents metropolitan 
349 || the unstable political situation there represents one reason new plants shy away from the east side . || . the the from away new side one there plants political situation east reason represents shy unstable 
350 || the faget case was the kind of salvage job the administration should not have to repeat . || . the of the to the was have should not case job administration kind repeat 
351 || nowhere did the speaker recognize the serious purpose of the corps or its welcome reception abroad . || . the the of the or its did speaker welcome reception purpose corps abroad serious recognize nowhere 
352 || mr. eisenhower 's new york speech does not encourage respect for that or for his elder statesmanship . || . for 's for that or his new not does speech respect york mr. elder encourage 
353 || economy class fares and charter flights have attracted almost all new passengers to the airlines . || . and to the have new all class economy almost passengers flights fares attracted airlines charter 
354 || there was good reason for gen. taylor to make an inspection trip at this time . || . to for at was an this time there good taylor make trip reason inspection gen. 
355 || he should be , as dag hammarskjold certainly was , a citizen of the world . || , , . of the a was as he be should world certainly citizen 
356 || borough presidents , while retaining membership in the board of estimate , lose their housekeeping functions . || , , . of the in their board borough while estimate functions membership lose retaining 
357 || enlargement of the city council and a new method of selecting members will be discussed tomorrow . || of . of the and a will council be new city members method tomorrow discussed selecting 
358 || and in these days this inevitably means a concentration on the effects of the cuban revolution . || . of the and the in on a this days effects concentration these means revolution inevitably 
359 || freedom of the press was lost in cuba because of decades of corruption and social imbalances . || of of . of and the in was because press social lost cuba freedom corruption decades 
360 || dr. james b. conant has earned a nationwide reputation as a moderate and unemotional school reformer . || . and a a as has school james reputation b. earned nationwide moderate dr. 
361 || he has served in positions of greater glamour , both at home and abroad ; ; || , of and in at ; ; has he home both positions abroad served greater 
362 || i know a man who held resentment against a neighbor for more than three decades . || . a for a against than who i man more three held know resentment decades 
363 || forgiveness is the door through which a person must pass to enter the kingdom of god . || . of the the to a is through which must door kingdom god person pass enter 
364 || jesus not only taught forgiveness , he gave us an example of it on the cross . || , . of the on it he an cross not us only gave jesus example taught 
365 || if we break the minister to our bit , we are buying back our own sins . || , . to the are back we our if minister we our bit own break buying 
366 || the church truly is not a rest home for saints , but a hospital for sinners . || , . the for a for a is but hospital not home church rest saints truly 
367 || he closed his eyes and let the unintelligible drift of voices sweep pleasantly over him . || . of and the his over him he eyes closed voices let drift sweep 
368 || the winging spread of blue had gone on , calling harshly , into the wood . || , , . of the the on into had wood blue spread calling gone 
369 || the small shaft of blue had drifted down and come to rest at his feet . || . of and to the at down had his blue feet come small rest shaft drifted 
370 || then , since the auction was being held nearby , he had walked to it . || , , . to the was had it he since being then held walked nearby auction 
371 || mr. podger had thanked him gravely , and now he made use of the advice . || , . of and the had him he now made use advice mr. thanked 
372 || it is a `` stair-step `` plan , in which desegregation begins in the first grade . || , . in the in a is it which plan first grade begins 
373 || already , at least one hotel has been quietly taking reservations on a nonracial basis . || , . on a at has hotel one been basis already taking quietly least reservations 
374 || this co-operation has emboldened other southern whites to add their voices to demands for peaceable accommodation . || . to to for has their this other accommodation co-operation demands voices southern add whites 
375 || there such soggy acquiesence would be looked upon as a sure sign of deteriorating manhood . || . of a as would upon be there such looked sign sure 
376 || failing this , he would pull alongside at the first opportunity and shake his fist threateningly . || , . and the at his he would this first alongside opportunity fist pull shake failing 
377 || now richards , of course , is known as a deep thinker as baseball managers go . || , , . of as a is as now course richards known go deep managers 
378 || this happened to be vice versa , but even so , the answer was a masterpiece . || , , . the to a was but be this so even versa answer happened vice 
379 || you certainly ca n't expect the infield to do any better than it did last year . || . the to it than you n't year did any do last better ca certainly expect 
380 || if they do as well as they did in 1960 there can be no complaint . || . in as as can no they be if they did there do well 1960 complaint 
381 || there are some clubs which claim they learned something about pitching to him last year . || . to are about which him year there they some last something claim clubs learned 
382 || they do n't expect to stop him , just slow him down some with the bat . || , . the to with him down him n't they do some just stop bat slow expect 
383 || richards got a great performance out of his combination of youth and experience last season . || of . of and a out his last experience season richards got youth performance great combination 
384 || triandos has n't proved it yet , but he says he 's convinced his thumb is all right . || , . 's is it his has he n't he but all says right yet proved convinced thumb 
385 || to me , brandt looks as though he could be in for a fine year . || , . to in for a as me he be could year looks fine though 
386 || he was down , hard to talk to , and far too nonchalant on the field . || , , . to and to the on was down he field too hard far talk 
387 || and walker looks stronger , seems to be throwing better than he did last year . || , . and to than he be year did last walker better seems looks throwing stronger 
388 || so far the platoons on left and right fielders do n't seem capable of carrying the load . || . of the and the on n't so do left right seem far carrying load capable 
389 || he pushes and straightens himself as if he ca n't stand the feeling of being held . || . of and the as he n't he himself if being stand held feeling ca 
390 || for the young child this may be no more than providing food , light or movement . || , . the for or than no this be may young movement more light child food providing 
391 || or certain words or rituals that child and adult go through may do the trick . || . and the that or or through may do words child go trick certain adult 
392 || the answer is different for each autistic child , but for most there is an answer . || , . the for for is is an but each there child different most answer answer 
393 || we did not accept the diagnosis at once , but gradually we are coming to . || , . to the at are but we not did we diagnosis once coming gradually accept 
394 || seen in decorating circles of late is a renewed interest in an old art : embroidery . || . of in in a : is an old interest art seen circles late renewed 
395 || but it will include 200-odd officeholders , organization leaders and `` interested party people `` . || , . and it will people but party leaders include organization interested 
396 || biggest organizational problem , he adds , is setting up cdc units in rock-ribbed democratic territory . || , , . in up is he units problem territory democratic setting adds organizational biggest 
397 || like most democratic spokesmen , carvey predicts 1962 will be a tremendously `` partisan year `` . || , . a will be like year most democratic 1962 
398 || it works with english , russian , german , hungarian or almost any other foreign tongue . || , , , . with or it any other works english foreign almost german tongue russian hungarian 
399 || they accuse their enemies of precisely the crimes of which they themselves are most guilty . || of . of the are which their they themselves they guilty most crimes precisely enemies 
400 || `` remember the night will rogers filled a tooth for me between numbers `` ? ? || the for a ? between ? me will night numbers filled rogers remember tooth 
401 || all i could remember was billie dove pasted over the ceiling of my big brother 's room . || . of the 's was over i all room could my brother ceiling big remember 
402 || nevertheless , it will seem funny to have to send for a mechanic to improve conversation . || , . to to to for a it have will seem conversation funny send nevertheless improve 
403 || rembrandt 's `` aristotle contemplating bust of homer `` brought $ 2,300,000 at auction the other night . || . of the 's at night other brought auction bust 
404 || they ran across mr. rayburn and the youngster expressed a desire to get the speaker 's autograph . || . the and the to 's a across they speaker get ran expressed desire mr. 
405 || time , of course will testify whether the new version will have achieved its purpose . || , . of the will have will its time new course whether version purpose achieved 
406 || `` then cometh jesus from galilee to jordan unto john , to be baptized of him . || , . to of to from him be john then jordan jesus 
407 || he saw the spirit of god descending like a dove to alight upon him `` ; ; || of the to a ; ; him he upon like saw spirit god 
408 || that is why it is important to invest in comfortable , airy types of shoes . || , . of to in is that is it important shoes why types comfortable invest 
409 || no , other than cleaning out the pores and making the sweat glands work harder . || , . the and the out than no work making other sweat cleaning harder 
410 || this manifestation may be an early sign of multiple sclerosis or the beginning of sewer 's cramp . || of . of the 's or an be this may early sign multiple beginning 
411 || writes : does the cholesterol go down when most of the thyroid gland is removed ? ? || of the the is : ? down ? when does cholesterol most removed go writes 
412 || it is low when the thyroid is overactive and high when the gland is sluggish . || . the and the is is is it when when high low 
413 || the gap between the bookshelf and the record cabinet grows smaller with each new recording catalogue . || . the the and the with between new each record cabinet recording gap catalogue smaller grows 
414 || edison could hardly have guessed , however , that sophocles would one day appear in stereo . || , , . in that have would day could one appear however hardly guessed 
415 || there 's more specialization and a narrower purpose in two albums recently issued by dover publications . || . and in 's by a more there two issued purpose publications recently 
416 || previous presentations have been on french , spanish , russian , italian , german and japanese . || , , , , . and on have been french german italian spanish russian japanese previous 
417 || one of the roughest was the tv quiz shows , which gave him inferiority complexes . || , . of the the was him which one shows gave tv 
418 || he does n't want her to look frowningly at him , or speak to him angrily . || , . to to at her him or n't him he does look want angrily speak 
419 || substitute approved objects for forbidden ones and keep telling him how he is to act . || . and to for is him he act how objects ones approved keep telling substitute forbidden 
420 || bitterness comes over him and the taste of time is like unripe persimmons in his mouth . || . of and the in is his over him time like comes mouth taste bitterness 
421 || the gray hairs , the eyeglasses , bodies that are too thin or too heavy ; ; || , , the the that ; are or ; too too bodies gray thin heavy 
422 || in the stands he is lonely and lost , no matter how many are about him . || , . and the in is are about him no he how stands lost matter many lonely 
423 || one may be sure the present republican congressional leadership has n't meant to repeat this error . || . to the has n't this be may one error leadership present meant sure repeat republican 
424 || hoped-for legislative action on adjustment of the county unit system stands less chance than ever . || . of the on than system action unit county stands less ever chance adjustment legislative 
425 || the georgia state chamber of commerce tried to guard against the danger of eliminating potential candidates . || of . of the to the against state candidates potential tried chamber danger guard commerce georgia 
426 || griffin 's rural roads authority and byrd 's 60,000 miles of county contracts would look like pauper 's oaths . || 
427 || the trouble is that at first glance the idea looks like such a good one . || . the the that a at is like one such glance idea good first looks trouble 
428 || bostitch , inc. is approximately half way through a 10-year exemption of their real estate tax . || , . of a is through their way tax estate half real approximately exemption 
429 || as this tax base grows so then can your medium and low density residential areas grow . || . and as can this areas your so tax then low base grow density medium residential grows 
430 || every man is a piece of the continent , a part of the main `` . || , of . the of the a a is man part every piece main continent 
431 || i do not think that america is like russia , not in the least ! ! || , the in that is ! ! i not like not do america think russia least 
432 || it can manifest itself before discharge from service , or it can come out years later . || , . from out it or it can years can itself service before later discharge come manifest 
433 || so he keeps the veteran in until he can observe the effects of treatment or surgery . || . of the the in or he he can treatment until so effects surgery keeps veteran observe 
434 || no matter how hot the day , they are dressed properly and not in shorts . || , . and the in are no day not they how dressed matter hot shorts properly 
435 || but why is it the special responsibility of the cta to help these people ? ? || of the to the is ? it ? people but these responsibility why help special 
436 || we are slowly being regimented to having everything packaged , whether we want it or not . || , . to are or it we not we whether being having slowly everything want 
437 || judges under the jurisdiction of the chicago board of election commissioners are instructed to do this . || of . of the to the are this board under do election jurisdiction judges chicago commissioners instructed 
438 || at a rate of $ 3.22 an hour he is now earning approximately $ 580 a month . || . of a a at is he an rate now hour month approximately earning 
439 || the editorial , by omitting the words anti-trust enforcement , totally distorted mr. kennedy 's views . || , , . the the 's by words views kennedy totally mr. enforcement editorial distorted 
440 || the headline is offensive , particularly in view of the total inaccuracy of the editorial . || , of . the of the the in is view total headline offensive particularly editorial 
441 || the plane should have started at the scheduled time and left sinatra and martin to guzzle . || 
442 || to our knowledge no nurse in our agency has been employed because of political affiliation . || . of to in has no our because our been knowledge political employed agency nurse 
443 || community shelters are , of course , necessary for those having no space for shelter . || , , . of for for are no course space community those shelter having necessary 
444 || it is the only method left for a man to escape from a woman 's world . || . the to 's a for from a is it man world only woman method left escape 
445 || in the united nations charter , the right of self-determination is also an essential principle . || , . of the the in is an also right principle united nations essential charter 
446 || by political , economic , geographic and natural standards , they were justified in doing so . || , , , . and in by were so they political economic standards natural doing justified 
447 || the very rules and regulations in every city are the primary case of slum conditions . || . of the and the in are city rules case conditions every very regulations primary 
448 || recently the secretary of the friends committee on national legislation was interviewed on the air . || . the of the the on on was committee national air secretary legislation friends recently interviewed 
449 || the speaker suggested that the desolation of a post-attack world would be too awful to face . || . the of the to that a would be world face speaker too suggested awful 
450 || unfortunately the cafes might not make enough money to support themselves during the off season . || . the to the off enough not themselves support during might season money make unfortunately 
451 || it could provide security without cost of armaments and increase german prosperity and lessen taxation . || . of and and it could without increase cost security provide german taxation prosperity 
452 || the u.s.s.r. and her followers are careful in paying their obligations to the regular budget . || . the and to the in are her their budget obligations regular followers paying careful 
453 || without question , this time and temper saver should be immediately installed at the woodside station . || , . and the at be time this should without station question immediately installed temper 
454 || however , there are still several types of calls that necessitate the use of telephone operators . || , of . of the that are there use still calls types several telephone operators however 
455 || hazel park donates its recreation center , five days a week , to the school . || , , . the to a park its days school week five recreation hazel 
456 || there are 70 children there and the mothers donate one day a week to the school . || . the and the to a are there day school one children there week mothers 70 
457 || reading , writing and simple arithmetic are taught along with such crafts as working in brass . || , . and in with as are along such working simple reading writing taught brass 
458 || maybe he will help to turn our fair city into a `` ghost `` town . || . to a into will he town city our fair turn help ghost maybe 
459 || i am referring to this country conducting atmosphere tests of nuclear bombs just because russia is . || . of to is i this am because country just nuclear tests atmosphere bombs russia conducting referring 
460 || but it ca n't remind one of the freedom that washington and the continental soldiers fought for . || . of the and the for that it n't but one ca freedom soldiers fought continental washington remind 
461 || there is a trend today to bemoan the fact that americans are too `` soft `` . || . the to that a is are there too today fact trend soft americans 
462 || unfortunately , those who would remedy our `` softness `` seek to do so with calisthenics . || , . to with who would so do our those remedy seek unfortunately 
463 || it is not our bodies but our hearts and heads that have grown too soft . || . and that is it have but our not our too bodies grown heads soft hearts 
464 || not terror , but anger and resentment have been the general reaction outside the soviet sphere . || , . the and the have but not general been reaction outside soviet anger sphere terror resentment 
465 || when one powerful nation strives to emulate the success of another , it is only natural . || , . of to the is it when one only success another natural nation powerful 
466 || they are less vocal now , when it is the west berliners who are migrating . || , . the are is are it who when now they west less vocal 
467 || west berlin morale is low and , in age distribution , the situation is unfavorable . || , , . and the in is is age west distribution low situation berlin morale 
468 || the official statistics show that 60 per cent are employed workers or independent professional people . || . the that are or per people show cent workers independent professional employed official 60 statistics 
469 || another piece of evidence appears in a dispatch from bonn in the observer ( london ) . || . of in the in ) from ( a evidence london another appears piece observer 
470 || if nikita buys a small plot in some modest rural cemetery , everyone will understand . || , . in a will if some small plot rural cemetery everyone modest understand buys 
471 || the west may or not remain satisfied with the kind of neutralism that u thant represents . || . of the the with that or may not u west kind represents remain satisfied 
472 || soon they will begin to hunt down the traitors they are assured are in our midst . || . to the in are are down will they they our hunt soon assured begin midst 
473 || as it descends , the concentration of radioactivity builds up in the human body ; ; || , of the the in up as ; it ; body concentration human 
474 || the effect of radiation is cumulative over the years -- and on to succeeding generations . || . of the and to the on is over years effect radiation generations cumulative 
475 || most of these would be in the northern hemisphere , where the fallout is concentrating . || , . of the the in is would be where these most northern hemisphere concentrating 
476 || to this day the atomic energy commission shies away from discussing the health aspects of fallout . || . of the to the from away this day energy commission health aspects atomic discussing 
477 || for that is the one an increasingly large number of prominent americans are now proposing . || . of the for that is are an one now number large increasingly americans prominent proposing 
478 || equally significant , pope john has said that catholics themselves bear some responsibility for christian disunity . || , . for that said has themselves some john significant bear responsibility christian equally pope catholics 
479 || it is necessary to perceive the extent of foreign aid demanded by the christian imperative . || . of the the to by is it aid christian extent foreign necessary demanded perceive 
480 || so you yourself must seek these objective data , and come to your own conclusions . || , . and to you your data so must these yourself come own objective conclusions seek 
481 || but the army which mao continues to feed well , where are its sympathies ? ? || , to the ? are ? which its but where well army continues feed 
482 || every soldier in the army has , somewhere , relatives who are close to starvation . || , , . to the in are has who close army every somewhere soldier relatives 
483 || red china is trying to do this , and she is not likely ever to succeed . || , . to and to is is this not do she red ever trying china likely succeed 
484 || secondly , they depend on america 's `` moral cooperation `` when the crucial moment arrives . || , . the 's on when they moment america moral arrives depend cooperation crucial secondly 
485 || a great deal depends on the crystallization of mr. kennedy 's views on the world struggle . || . the of the on 's on a world views great kennedy struggle deal depends mr. 
486 || there is not anywhere on the frontiers of freedom a more highly mobilized force for liberation . || . of the for on a is force not more there freedom liberation anywhere highly 
487 || one knows better , now , who has bone and who has jelly in his spine . || , , . and in has who his has who now one better knows bone spine 
488 || right now , with almost cartoon emphasis , in the temporally linked complex of tshombe-gizenga-goa-ghana . || , , . of the in with complex now right linked almost emphasis 
489 || no matter that it is his troops who rape western women and eat western men . || . and that is his it who no men rape women troops matter western western eat 
490 || no matter that the katanga operation is strategically insane in terms of western interests in africa . || . of in the in that is no africa operation terms interests matter western 
491 || and it becomes clear why in general we can not take the initiative against the left . || . the and the in it against can not general we clear left why take becomes initiative 
492 || advise and consent , lively but shallow theater drawn from the mountainously detailed bestseller ; ; || , and the from ; ; but drawn consent detailed advise shallow lively 
493 || and other defenders invariably argue that , after all , shakespeare and moliere were adapters too . || , , . and and that were after all other too argue shakespeare defenders invariably 
494 || off-broadway , where production is still comparatively cheap , is proving itself only slightly more original . || , , . is is itself more where only production still slightly original cheap proving comparatively 
495 || the darbuka , a small drum with the treelike shape of a roemer glass ; ; || , the of the with a a ; ; glass small shape drum 
496 || serene ( mrs. wilson ) , 23 , was born in budapest and raised in manhattan . || 
497 || the show has been to boston and manhattan , will in time reach pittsburgh and minneapolis . || 
498 || his colors are dark and murky , and his landscapes and cityscapes seem swallowed in gloom . || 
499 || a 60 mm . mortar and a 57 mm . recoilless rifle owned by lauchli were brought along . || . . . and a by a were along mm owned brought mm rifle 60 57 
