0 || ask jail deputies || jail ask 
1 || ( 2 ) || ( 2 ) 
2 || a revolving fund || fund a 
3 || austin , texas || texas austin , 
4 || austin , texas || texas austin , 
5 || austin , texas || texas austin , 
6 || austin , texas || texas austin , 
7 || austin , texas || texas austin , 
8 || `` must solve problem `` || solve problem must 
9 || calls for extension || calls extension for 
10 || fears prejudicial aspects || fears aspects 
11 || washington , july 24 || washington july 24 , 
12 || decisions are made || decisions made are 
13 || issue jury subpoenas || jury issue 
14 || faced seven cases || faced cases seven 
15 || claims precedent lacking || lacking claims 
16 || washington , feb. 9 || washington 9 , 
17 || outlays would increase || increase would 
18 || nursing home care || nursing care home 
19 || calls proposal modest || proposal calls modest 
20 || would n't pay doctors || doctors pay n't would 
21 || contributions to schools || contributions schools to 
22 || more for nursing homes || homes nursing more for 
23 || asks research funds || funds asks research 
24 || reaction as expected || reaction expected as 
25 || washington , feb. 9 || washington 9 , 
26 || enforce by demand || enforce demand by 
27 || aid plans revamped || plans aid 
28 || mr. hawksley said . || mr. said . 
29 || he asked . || asked he . 
30 || sees jones ahead || ahead jones sees 
31 || that failed . || failed that . 
32 || mayor visits buckley || mayor visits 
33 || screvane and beame hailed || and 
34 || the mayor said : || mayor said : the 
35 || boston , june 16 || boston june 16 , 
36 || washington , june 18 || washington 18 june , 
37 || leadership is hopeful || leadership is 
38 || three groups to meet || meet groups three to 
39 || the hotel owner shrugged . || hotel owner . the 
40 || moscow , june 18 || moscow 18 june , 
41 || formula is due this week || formula due week is this 
42 || geneva , june 18 || geneva 18 june , 
43 || tactics studied in geneva || geneva studied tactics in 
44 || to deal with principles || principles deal with to 
45 || seats on square || seats square on 
46 || jackson , miss . || miss jackson . , 
47 || could be scramble || could be 
48 || baton rouge , la . || la . , 
49 || intervenes in case || case in 
50 || wide range in bids || wide bids range in 
51 || testifies at hearing || hearing at 
52 || backs higher fees || fees backs higher 
53 || four parks planned || parks planned four 
54 || would bar vehicles || vehicles bar would 
55 || ignition sets off blast || blast sets off 
56 || hood flies over house || flies hood house over 
57 || led fight on teamsters || fight led on 
58 || individual help best || best individual help 
59 || salem ( ap ) || ap ( ) 
60 || oak grove ( special ) || oak grove ( special ) 
61 || new point added || added point new 
62 || -- emphasizes the virgin birth || virgin birth the 
63 || -- his miracles || his 
64 || super again elected || elected super again 
65 || church loses pace || pace loses church 
66 || ' church meets change ' || meets ' church change ' 
67 || proof lack charged || proof charged lack 
68 || siebern hits homer || hits homer 
69 || house throws wild || throws wild house 
70 || robinson doubles again || doubles robinson again 
71 || 15 pounds lighter || pounds lighter 15 
72 || seeks `` improved fielding `` || seeks improved 
73 || duren , sheldon on hill || hill on , 
74 || squad cut near || squad cut near 
75 || 8,280 attend races || races attend 
76 || culmone gets first win || win gets first 
77 || austin , texas || texas austin , 
78 || it did n't ; ; || did n't ; it ; 
79 || exclaimed stram . || . 
80 || a quick touchdown resulted . || touchdown resulted quick a . 
81 || bingles and bobbles : || : and 
82 || i ca n't run . || n't ca run i . 
83 || i ca n't throw . || ca n't throw i . 
84 || philadelphia , jan. 23 || philadelphia 23 , 
85 || choice was expected || choice expected was 
86 || coach played 3 years || coach played years 3 
87 || show follows ceremonies || ceremonies follows show 
88 || flushing stadium in works || stadium works in 
89 || golf 's golden boy || golf golden boy 's 
90 || it made him human . || human him made it . 
91 || no margin for error || margin error no for 
92 || stickler for rules || rules for 
93 || he had a 16 . || he had 16 a . 
94 || the ball floated downstream . || ball . the 
95 || ruling from on high || high ruling from on 
96 || change in pitchers . || change in . 
97 || nieman kept in lineup . || kept in . 
98 || six bucks over . || over six . 
99 || and bob skinner || bob and 
100 || six bucs over . || over six . 
101 || four for alvin || four for 
102 || ' back with the met || met back with ' the 
103 || here and there || there here and 
104 || first , honolulu || first , 
105 || here and there || there here and 
106 || she 's a whiz . || she 's a . 
107 || fur goodness sake ! ! || ! fur sake ! 
108 || that 's our boy bill . || bill boy our 's that . 
109 || back to w. coast || coast w. back to 
110 || set for influx || set for 
111 || many with pools || pools many with 
112 || all for $ 14 ! ! || ! $ ! 14 all for 
113 || all for $ 14 . || $ . 14 all for 
114 || the prospects look great . || prospects great look . the 
115 || basin street beat || basin street beat 
116 || it 's big business || big business 's it 
117 || salary cut and lay-offs || salary cut and 
118 || boy in fair condition || boy fair condition in 
119 || annapolis , jan. 7 || 7 , 
120 || sent home for rest || sent home rest for 
121 || younger son calls police || son police younger calls 
122 || two brothers adopted || brothers adopted two 
123 || annapolis , jan. 7 || 7 , 
124 || simpkins from somerset || somerset from 
125 || convenience held key || convenience held key 
126 || london , feb. 9 || london 9 , 
127 || five held for trial || trial held five for 
128 || flashed to moscow || moscow to 
129 || all five pleaded innocent . || innocent five all . 
130 || refuses to grant bail || refuses grant to 
131 || `` of highest value `` || highest value of 
132 || navy 's future involved || navy involved future 's 
133 || interested in detector || interested in 
134 || no comments by u.s . || comments no by . 
135 || lives on welfare || welfare lives on 
136 || charges in doubt || charges doubt in 
137 || locked in motel || locked in 
138 || dennis , 6 ; ; || dennis ; 6 ; , 
139 || eleanor , 2 ; ; || ; 2 ; , 
140 || and bernardine , 1 . || . 1 and , 
141 || students help out || students out help 
142 || funds from dances || dances funds from 
143 || gets car number || car gets number 
144 || given 15 days || days given 15 
145 || plea for arms || arms for 
146 || havana , april 19 . || april 19 . , 
147 || arms plot charged || plot arms charged 
148 || report others held || held report others 
149 || urged in 1954 || urged 1954 in 
150 || ' intend to attend ' || attend ' intend ' to 
151 || r. e. killingsworth || e. r. 
152 || john w. ball || w. ball john 
153 || mrs. lola harris || mrs. harris 
154 || bursts into flames || flames into 
155 || salem ( special ) || ( special ) 
156 || board oks pact || board 
157 || salary termed modest || salary termed modest 
158 || he retired in 1958 . || retired 1958 he in . 
159 || and five grandchildren . || five . and 
160 || youngsters do business || youngsters business do 
161 || g-p men served || served men 
162 || hillsboro ( special ) || ( special ) 
163 || mr. giorgio was uninjured . || mr. was . 
164 || mr. vernava was uninjured . || mr. was . 
165 || asilomar , march 26 || march 26 , 
166 || glimco a buddy || buddy a 
167 || connection is sought || connection sought is 
168 || lee a witness || witness lee a 
169 || a $ 12,500 payment || $ payment a 
170 || lien payments involved || payments involved 
171 || charge lists 3 checks || checks lists charge 3 
172 || all bounced . || all . 
173 || they export also . || export also they . 
174 || new york ( ap ) || york ap ( new ) 
175 || some good news || news good some 
176 || nothing to fear || fear nothing to 
177 || due in 1986 || due 1986 in 
178 || $ 70 by 1971 ; ; || $ 1971 70 ; by ; 
179 || $ 75 by 1976 ; ; || $ 1976 75 ; by ; 
180 || $ 80 by 1981 ; ; || $ 1981 80 ; by ; 
181 || new york ( ap ) || york ap ( new ) 
182 || washington ( ap ) || ap washington ( ) 
183 || washington ( upi ) || washington ( ) 
184 || washington ( ap ) || ap washington ( ) 
185 || leaders of industry || industry leaders of 
186 || elburn , ill . || ill . , 
187 || two of three report gains || three gains report two of 
188 || dealers ' stocks down || dealers stocks down ' 
189 || bluebonnets and stagecoach silhouettes . || . and 
190 || mother of five || mother five of 
191 || i suggested . || suggested i . 
192 || i was asked . || asked was i . 
193 || even that is n't satisfactory . || satisfactory n't is even that . 
194 || but that 's hardly realistic . || hardly realistic 's that . but 
195 || stars for marriage || marriage stars for 
196 || more new addresses || addresses more new 
197 || we like fike || we like 
198 || here and there || there here and 
199 || faces in places || places faces in 
200 || plant city oct. 11 . || plant city 11 . 
201 || very austere yet racy . || very yet . 
202 || `` tires ok ? ? || ? ok ? 
203 || they polished the windshield . || they . the 
204 || he asked gloomily . || asked he . 
205 || `` about 35 `` . || about 35 . 
206 || for crucial encounter || crucial encounter for 
207 || mr. kennedy replied : || replied kennedy mr. : 
208 || road to vienna || vienna road to 
209 || deadlock on tests || tests on 
210 || the washington announcement said : || announcement washington said : the 
211 || other allies consulted || allies consulted other 
212 || adequate compensation is indispensable . || compensation adequate is . 
213 || the committee remains unresponsive . || committee remains . the 
214 || the three-front war || war the 
215 || 1 ) cuba . || cuba 1 ) . 
216 || 2 ) laos . || 2 ) . 
217 || french & indians . || indians french & . 
218 || turmoil in the house || house in the 
219 || deadly deadlock . || deadly . 
220 || equal treatment . || equal treatment . 
221 || `` unconscionable `` ! ! || ! ! 
222 || threat of war . || war threat of . 
223 || battle in the senate || senate battle in the 
224 || he bogeyed the 10th . || 10th he . the 
225 || end at seven || seven end at 
226 || player won only one . || player won one only . 
227 || the boldness of champions || champions of the 
228 || this is baseball 1961 . || baseball 1961 is this . 
229 || double threat : || threat double : 
230 || light reading : || reading light : 
231 || i 'm angry `` . || 'm angry i . 
232 || play me `` . || play me . 
233 || idols ' idols : || ' : 
234 || maris 's was ted williams . || ted was williams 's . 
235 || said maris . || said . 
236 || it crushed mickey . || crushed it . 
237 || break in georgia || georgia break in 
238 || catch for chicago || chicago catch for 
239 || but they were not . || were they not . but 
240 || confusion became chaos ; ; || confusion became chaos ; ; 
241 || lumumba fired kasavubu . || fired . 
242 || crime : ' skyjacked ' || crime ' ' : 
243 || the day wore on . || wore on day . the 
244 || congress : more muscle || muscle congress more : 
245 || tax-free returns . || returns . 
246 || swelling traffic . || traffic . 
247 || slow successes . || successes slow . 
248 || that improvement is continuing . || improvement continuing is that . 
249 || easier access . || easier access . 
250 || they threaten to strike . || strike to they . 
251 || assembly session brought much good || session assembly much brought good 
252 || chin up , soapy . || up . , 
253 || the end of trujillo || end of the 
254 || start on rapid transit || transit rapid start on 
255 || prairie national park || park national 
256 || whisky on the air || air on the 
257 || a law is needed . || law is needed a . 
258 || new york : democrats ' choice || democrats york choice new ' : 
259 || little war , big test || war big test little , 
260 || a vote for educational tv || tv vote educational a for 
261 || a good man departs . || man good a . 
262 || goodby , mr. sam || mr. sam , 
263 || un off the congo track || un track off the 
264 || meditations from a fallout shelter || shelter from a 
265 || the customer loses again || loses customer again the 
266 || a shock wave from africa || wave shock africa from a 
267 || monument to togetherness || monument to 
268 || west germany remains western || western germany remains west 
269 || better ask before joining || joining ask better before 
270 || the public . || public . the 
271 || closed doors in city hall || doors closed hall city in 
272 || help when needed || needed help when 
273 || matter of survival || survival matter of 
274 || what 's wrong at state || wrong state what at 's 
275 || in new jersey , too || jersey new too in , 
276 || that is one approach . || is approach one that . 
277 || an excess of zeal || excess an of 
278 || that might go over . || might over go that . 
279 || the faget case || case the 
280 || mr. eisenhower , politician || politician mr. , 
281 || this was juvenile ridicule . || was this . 
282 || queen of the seas || seas queen of the 
283 || mission to viet nam || mission to 
284 || of course it is . || is course . it of 
285 || what the new charter does || charter does what new the 
286 || meeting in moscow || moscow meeting in 
287 || dr. conant 's call to action || dr. action call to 's 
288 || the old couples . || couples old . the 
289 || but forgive anyway `` . || anyway . but 
290 || matthew 6 : 14-15 . || matthew 6 : . 
291 || till seven times ? ? || ? till ? times seven 
292 || matthew 18 : 21-22 . || matthew 18 : . 
293 || luke 23:34 . || luke . 
294 || she asked . || asked she . 
295 || i asked . || asked i . 
296 || she was shocked . || shocked she was . 
297 || oh , no-o ! ! || ! oh ! , 
298 || and the turtle ? ? || ? ? the and 
299 || mr. podger smiled . || mr. . 
300 || you know what ? ? || ? ? know you what 
301 || `` dad `` ! ! || ! dad ! 
302 || she said . || she said . 
303 || two spots open || spots open two 
304 || robby could be better || better could be 
305 || breeding might move up || breeding move up might 
306 || do n't ask him more . || n't ask him more do . 
307 || we think differently . || differently think we . 
308 || she wrote : || wrote she : 
309 || what future holds || future holds what 
310 || now listen closely : || closely listen : now 
311 || ( quotations follow `` . || follow ( . 
312 || on the job || job on the 
313 || kind mr. sam || mr. sam kind 
314 || then he suffered him . || he suffered him then . 
315 || he said ; ; || ; said he ; 
316 || designed for ease || ease designed for 
317 || sewing brings numbness || brings 
318 || brace for sciatica || for 
319 || cholesterol and thyroid || and 
320 || it usually goes up . || usually up goes it . 
321 || the child understands no . || child no . the 
322 || it motivates his behavior . || behavior his it . 
323 || this breaks his heart . || breaks heart his this . 
324 || actions speak louder . || speak actions . 
325 || remove temptations . || remove . 
326 || his dream goes . || dream goes his . 
327 || his bifocals blur . || his . 
328 || he always feels lonely . || lonely feels he always . 
329 || a team feels something . || feels team something a . 
330 || the breakthrough ; ; || breakthrough ; ; the 
331 || it is gone . || is gone it . 
332 || ' task force ' || task ' force ' 
333 || there are other dangers : || dangers are there other : 
334 || these men are spenders . || are men these . 
335 || for example : 1 . || 1 for example : . 
336 || `` a lousy job `` || job a 
337 || chicago , aug. 9 || chicago 9 , 
338 || short shorts on the campus || shorts campus short on the 
339 || chicago , aug. 4 || chicago 4 , 
340 || chicago , aug. 9 || chicago 9 , 
341 || subsidies from cta || from 
342 || oak park , aug. 8 || oak park 8 , 
343 || chicago , aug. 9 || chicago 9 , 
344 || chicago , aug. 9 || chicago 9 , 
345 || teaching the handicapped || teaching the 
346 || chicago , aug. 7 || chicago 7 , 
347 || from candlelight club || club from 
348 || minneapolis , aug. 7 || 7 , 
349 || more school , less pay || less pay school more , 
350 || chicago , aug. 7 || chicago 7 , 
351 || the dupont case || case the 
352 || washington , aug. 4 || washington 4 , 
353 || wilmette , aug. 7 || 7 , 
354 || downers grove , aug. 8 || grove 8 , 
355 || providence , aug. 5 || 5 , 
356 || to the editor : || editor to : the 
357 || `` plus-one `` shelters || 
358 || to the editor : || editor to : the 
359 || to the editor : || editor to : the 
360 || i am for it . || am i for it . 
361 || to the editor : || editor to : the 
362 || county college costs || county costs college 
363 || to the editor : || editor to : the 
364 || none will be elected . || elected will none be . 
365 || to the editor : || editor to : the 
366 || `` natural causes `` || causes natural 
367 || to the editor : || editor to : the 
368 || to the editor : || editor to : the 
369 || to the editor : || editor to : the 
370 || it was very refreshing . || was very it . 
371 || `` deep peep show `` || deep show 
372 || working for peace || peace working for 
373 || pets in apartments || pets apartments in 
374 || dissenting views of senators || views of 
375 || for a neutral germany || neutral germany a for 
376 || meeting u.n. obligations || obligations meeting 
377 || `` section 2 : : || : section 2 : 
378 || `` article 19 : : || article : 19 : 
379 || to aid international law || law aid international to 
380 || for better subway services || services better for 
381 || phone service criticized || criticized phone service 
382 || to the editor : || editor to : the 
383 || helping retarded children || helping children 
384 || to the editor : || editor to : the 
385 || they make beautiful objects . || objects beautiful make they . 
386 || jobs for cavanagh || jobs for 
387 || to the editor : || editor to : the 
388 || to the editor : || editor to : the 
389 || to the editor : || editor to : the 
390 || dunes park advocate || advocate park 
391 || to the editor : || editor to : the 
392 || ghost town ? ? || ? ghost town ? 
393 || good for mr . trimmer . || . mr good for . 
394 || defends big trucks || trucks big 
395 || out of school at 14 || school at out 14 of 
396 || ' we tremble not ' || ' we ' not 
397 || out of the race || race out of the 
398 || why trust jagan ? ? || ? ? trust why 
399 || russia and u.n . || russia . and 
400 || ' people to people ' || people ' people ' to 
401 || ( 2 ) || ( 2 ) 
402 || ( 3 ) || ( 3 ) 
403 || ( 4 ) || ( 4 ) 
404 || shadow over washington square || square washington shadow over 
405 || fairmount park commission || park commission 
406 || just a preliminary measure . || measure preliminary a just . 
407 || indeed no . || no indeed . 
408 || what 's your motive ? ? || ? ? your what 's 
409 || not push-ups but stand-ups || not but 
410 || to the editor : || editor to : the 
411 || escalation unto death || unto death 
412 || the tide turns || tide turns the 
413 || u thant of burma || u of 
414 || to the hills , girls || hills girls to the , 
415 || resuming atmospheric tests || atmospheric tests 
416 || the budget deficit || deficit budget the 
417 || ethics and peace || peace ethics and 
418 || he smiled . || he . 
419 || fair enough . || fair enough . 
420 || relative military manpower ? ? || ? relative military ? 
421 || say four million . || million four say . 
422 || skill ? ? || ? skill ? 
423 || training ? ? || ? ? training 
424 || morale ? ? || ? ? 
425 || the moment passes . || passes moment . the 
426 || what the moments reveal || moments reveal what the 
427 || key to the puzzles || puzzles key to the 
428 || best from abroad . || abroad best from . 
429 || dry of life . || dry life of . 
430 || the cooch terpers || the 
431 || continuum of mankind . || mankind of . 
432 || the melting pot . || pot . the 
433 || some manhattan examples : || manhattan examples some : 
434 || a short , tormented span || span short a , 
435 || the devil himself . || devil himself . the 
436 || melancholy obsession . || . 
437 || mikoyan declared : || declared : 
438 || there are other symptoms . || symptoms are there other . 
439 || tenure as criterion || tenure as 
440 || loss of initiative || loss initiative of 
441 || a brief for the negative || brief negative a for the 
442 || -- ed . . || ed . . 
443 || mental telepathy ? ? || ? mental ? 
444 || a professor and the army || army professor a the and 
445 || modern postal slogan || postal modern 
446 || the impending death of pope || pope death of the 
447 || regency -- truman . || . 
448 || improper bostonian ? ? || ? ? 
449 || facts in focus || facts focus in 
450 || southern california blackout || california southern 
451 || apparently it is not . || is not apparently it . 
452 || for a college of propaganda || propaganda college a for of 
453 || nonsense `` . || nonsense . 
454 || bayreuth next summer || summer next 
455 || rudolf kempe conducts . || . 
456 || it was all set . || was set all it . 
457 || something had to give . || give had something to . 
458 || not la dietrich . || la not . 
459 || we printed it . || printed we it . 
460 || these are the results . || are results these . the 
461 || what 's up now ? ? || ? ? what up 's now 
462 || splendor by sorcery || by 
463 || it 's a horror . || horror 's a it . 
464 || remaking an army to win || army win an to 
465 || logistics and transport ; ; || logistics transport ; ; and 
466 || airdrops and airstrips ; ; || ; ; and 
467 || expected of a commander || commander expected a of 
468 || it depresses them . || them it . 
469 || it was even beautiful . || was beautiful even it . 
470 || tempos were lively . || lively were . 
471 || the cast : || cast : the 
472 || the cast : || cast : the 
473 || the cast : || cast : the 
474 || the cast : || cast : the 
475 || the cast : || cast : the 
476 || this is drama enough . || drama enough is this . 
477 || dulles ? ? || ? ? 
478 || mccarthy ? ? || ? ? 
479 || suez ? ? || ? ? 
480 || their eisenhower is insubstantial . || . their is 
481 || the hope was vain . || was hope . the 
482 || on stalin : || stalin on : 
483 || elegance and color || color and 
484 || she 's not chubby . || she 's not . 
485 || she 's not plump . || she 's not . 
486 || she 's fat `` . || fat she 's . 
487 || jazz three open program || jazz program open three 
488 || julie wilson sings || sings julie wilson 
489 || shearing takes over || takes over 
490 || i say chantey . || say i . 
491 || `` take hands ; ; || hands take ; ; 
492 || ' an american journey ' || ' journey american an ' 
493 || 211 pages . || pages . 
494 || but it is n't . || n't is it . but 
495 || yet the idyll ended . || ended . yet the 
496 || so was the playing . || playing was . so the 
497 || so was the audience . || audience was . so the 
498 || london , july 4 || july london 4 , 
499 || a lesson in politics || lesson politics a in 
