0 || his petition charged mental cruelty . || petition mental charged his . 
1 || one validated acts of school districts . || districts school acts of one . 
2 || two tax revision bills were passed . || bills tax were revision passed two . 
3 || paris , texas ( sp . ) || texas sp paris ( . ) , 
4 || denton , texas ( sp . ) || texas sp ( . ) , 
5 || other recommendations made by the committee are : || recommendations are committee made by other : the 
6 || two other cases also were under advisement . || were under cases other . also two 
7 || it was defeated in congress last year . || defeated congress was year in last it . 
8 || cost up to $ 37 a year || $ cost up year 37 to a 
9 || the plan does not cover doctor bills . || bills does doctor cover plan . not the 
10 || he did not say by how much . || did how much not he by say . 
11 || ( some seato nations disagreed , however . || nations . some ( however , 
12 || a copy was released to the press . || released was press copy . a to the 
13 || `` that was before i studied law . || studied law was before i that . 
14 || earlier , mitchell said in a statement : || statement mitchell earlier in said a : , 
15 || that , too , will fail `` . || fail will too . that , , 
16 || jim sheeran fits that description `` . || fits jim description that . 
17 || `` it did n't come from me . || n't did me from come it . 
18 || `` the hand is out `` . || out is hand . the 
19 || `` why do you worry ? ? || ? ? worry why you do 
20 || `` i 'm a missionary `` . || 'm missionary i a . 
21 || `` same thing `` , he said . || thing he same said . , 
22 || united nations , n. y. , june 18 || nations united n. 18 june , , 
23 || the latter two are half-brothers . || two are latter . the 
24 || but no one was overly optimistic . || no was one . but 
25 || pfaff succeeds martin burke , who resigned . || resigned martin who . , 
26 || they reside at 4911 miles dr. . || miles dr. at they . 
27 || ' know enough to sue ' || ' sue enough know ' to 
28 || he was in baptist memorial hospital . || baptist memorial hospital was he in . 
29 || both have been active in the association . || active been association . in have both the 
30 || `` nobody really expects to evacuate . || nobody expects really to . 
31 || polls will be in the water office . || water will office . be in the 
32 || -- the sinless life of christ || christ life of the 
33 || -- his substitutionary work on the cross || cross his on work the 
34 || -- his bodily resurrection from the dead || resurrection dead his from the 
35 || his offices are in springfield , mo . . || . offices . his are in , 
36 || election came on the nominating ballot . || ballot election came on . the 
37 || a capsule view of proposed plans includes : || proposed includes plans view of : a 
38 || miami , fla. , march 17 || miami march 17 , , 
39 || then three consecutive pinch-hitters failed to produce . || consecutive failed three produce to then . 
40 || miami , fla. , march 17 || miami march 17 , , 
41 || bowie , md . , march 17 || march md 17 . , , 
42 || cleveland , march 17 ( ap ) || cleveland ap march ( 17 ) , 
43 || mills was timed in 1.10.4 . || mills was in . 
44 || san francisco , march 17 ( ap ) || francisco san ap march ( 17 ) , 
45 || the mustangs do n't play this week . || n't play week this . do the 
46 || `` just our luck `` ! ! || ! luck ! our just 
47 || he 's mad at the world `` . || world mad he at 's . the 
48 || but jackie had gone into the station . || station into had jackie gone . but the 
49 || but he warmed up after a while . || after he up while a . but 
50 || `` i ca n't hit anymore . || n't anymore ca hit i . 
51 || suddenly my reflexes are gone . || my suddenly are gone . 
52 || once the figure was 30-30 . || figure was once . the 
53 || cincinnati , ohio ( ap ) || ohio cincinnati ap ( ) , 
54 || williams is a defensive coach . || defensive coach is williams a . 
55 || gauer works with the ends . || ends works with . the 
56 || the selection had been expected . || had selection expected been . the 
57 || skorich began his new job auspiciously today . || began job new his today . 
58 || shea was born in manhattan . || born manhattan was in . 
59 || he boomed a 280-yard drive . || drive he a . 
60 || so he wound up with a dozen . || wound up dozen he with a so . 
61 || `` thirteen `` , said long jim . || jim thirteen long said . , 
62 || palmer 's dozen were honestly earned . || earned dozen palmer were 's . 
63 || yet he remains the fiercest of competitors . || remains competitors he . of yet the 
64 || asked palmer of an official . || official an asked palmer of . 
65 || `` no `` , said the official . || official no . said the , 
66 || the golfing fathers ruled in his favor . || favor ruled fathers his in . the 
67 || boyer is suffering from a stiff neck . || neck suffering is from a . 
68 || mizell has won both of his starts . || won his . starts has both of 
69 || , dick stuart , don hoak || dick don stuart , , 
70 || `` virdon has been blasting the ball . || ball has been . the 
71 || no plunkers for him `` . || no him for . 
72 || a year later they were 4-13 . || were later year they a . 
73 || they honored the battling billikens last night . || night they last . the 
74 || their heights , that is . || heights . is their that , 
75 || the old man was almost too possessive . || almost was old man too . the 
76 || mr. wendell jr. will be best man . || mr. be best will man . 
77 || their father is charles b. armour . || armour charles b. father . their is 
78 || their mother is mrs. camilla alsop wendell . || mrs. mother . their is 
79 || they will take a wedding trip later . || wedding trip will later take they a . 
80 || birgit nilsson will be starred . || starred will be . 
81 || the beadles formerly lived in lake forest . || lake forest lived formerly in . the 
82 || honolulu will be mrs. geraghty 's first stop . || mrs. will stop first be 's . 
83 || miss burke will arrive in december also . || miss arrive december . will also in 
84 || he 's been warbling in severe pain ; ; || severe pain he been ; 's in ; 
85 || in honor of the wackers ' new baby . || honor new baby of . in ' the 
86 || it 's one of our town 's worthiest charities . || town 's charities 's our of one it . 
87 || more : on the free world side . || free side world on . more : the 
88 || my idea of masterful movie making . || movie my making idea of . 
89 || they 'll start lessons , too , pronto . || 'll lessons too . start they , , 
90 || ah , that is simple . || ah is simple . that , 
91 || they will live in corpus christi . || corpus live will in they . 
92 || a reception was held at the church . || reception held was church at a . the 
93 || mrs. h. j. grinsfelder is chairman . || mrs. j. chairman h. is . 
94 || we 've been working for weeks . || 've weeks been working we for . 
95 || `` new orleans `` ? ? || ? orleans ? new 
96 || i know they will be good . || they be good will i know . 
97 || mrs. richard newburger is chairman of hostesses . || mrs. chairman is richard of . 
98 || mrs. joan lichtenstein , for publicity ; ; || joan mrs. publicity ; for ; , 
99 || `` but there never is any need . || never there need is any . but 
100 || the boys love it `` . || boys love the it . 
101 || they all are of wayne . || wayne are all . they of 
102 || it originated with the wissahickon section . || originated section . with it the 
103 || his condition was reported to be fair . || was condition fair his reported be to . 
104 || `` these are the board 's minutes . || minutes are board . these 's the 
105 || work resumed wednesday , he said . || resumed he wednesday said work . , 
106 || annapolis , jan. 7 ( special ) || ( special 7 ) , 
107 || dodge reported the following breakdown : || breakdown reported following : the 
108 || a breakdown of the ten-month total showed : || breakdown total showed of a : the 
109 || a full trial was ordered for : || trial ordered was full for : a 
110 || only miss gee asked for bail . || miss asked for only . 
111 || he promptly went to communist east germany . || germany communist promptly went east he to . 
112 || range was a vital detail . || detail vital was range a . 
113 || designs of parts were sought . || sought designs were parts of . 
114 || ' had to know peddlers ' || ' know had ' to 
115 || then the youths fled with his money . || fled his money . with then the 
116 || st. johns , mich. , april 19 . || st. april 19 . , , 
117 || pohl received the verdict without visible emotion . || without verdict visible received emotion . the 
118 || he also admitted killing mrs. hengesbach . || mrs. killing admitted he also . 
119 || the verdict came three hours later . || later verdict hours came three . the 
120 || emory is affiliated with the methodist church . || methodist affiliated church is with . the 
121 || he declined to name the three . || declined name he three to . the 
122 || mr. ball was a house painter . || painter ball mr. was house a . 
123 || the officers gave this account : || gave account officers this : the 
124 || survivors are his widow , alice ; ; || widow alice survivors his are ; ; , 
125 || he lived at 6124 n. willamette blvd . . || lived n. at . he . 
126 || al kader temple of the shrine ; ; || shrine temple al ; of ; the 
127 || survivors are his widow , tearle ; ; || survivors widow his are ; ; , 
128 || a son , sheldon brooks ; ; || son brooks ; a ; , 
129 || a sister , mrs. birdie gevurtz ; ; || mrs. sister ; a ; , 
130 || the family requests that flowers be omitted . || flowers omitted requests family be the that . 
131 || phil reifenrath , madison high school ; ; || madison school high phil ; ; , 
132 || ann wegener , madison ; ; || madison ann ; ; , 
133 || richard e. cohn , grant ; ; || e. grant richard ; ; , 
134 || karen kolb , franklin ; ; || franklin karen ; ; , 
135 || and shelby carlson , cleveland . || cleveland . and , 
136 || about 75 persons appeared at that time . || persons about appeared at 75 time that . 
137 || both cars were slightly damaged . || damaged cars slightly were both . 
138 || a wallet with $ 450 in it ; ; || $ in 450 ; a with it ; 
139 || saul hodosh represented the owners . || represented owners . the 
140 || all contributed will be acknowledged . || contributed will acknowledged be all . 
141 || scores of cranston children will be remembered . || scores remembered will children be of . 
142 || birmingham , ala. -- ( ap ) || ap birmingham ( ) , 
143 || the bus was burned outside anniston . || burned bus outside was . the 
144 || neither was seated on the jury . || jury seated neither was on . the 
145 || he was not seated on the jury . || jury seated was he on . not the 
146 || new york -- ( upi ) || york ( new ) 
147 || a pesticides co-ordination act ; ; || act co-ordination ; a ; 
148 || this had never been done before . || never been before done had this . 
149 || elected to the board of directors were : || elected directors board were of to : the 
150 || otherwise no peace is possible . || peace no otherwise possible is . 
151 || bonn , oct. 24 ( upi ) || ( 24 ) , 
152 || cable confirmation `` , it said translated . || translated cable confirmation said . it , 
153 || headquarters is in birmingham , ala. . || headquarters birmingham is in . , 
154 || factory operations are in columbus , ga. . || columbus factory operations are in . , 
155 || the district office here employs about 65 . || district employs 65 office about . here the 
156 || gordin manufacturing operations are in lubbock . || manufacturing operations are in . 
157 || they export cotton ginning machinery . || cotton machinery export they . 
158 || they 've been in dallas since 1921 . || been dallas 've 1921 since in they . 
159 || they distribute equipment in 11 states . || distribute states equipment in 11 they . 
160 || ' not flash in pan ' || pan flash ' not ' in 
161 || we must justify our heritage . || our heritage justify must we . 
162 || trading was comparatively dull throughout the day . || throughout trading dull was day . the 
163 || $ 85 by 1986 , and $ 90 thereafter . || $ 85 thereafter 1986 . $ 90 by and , 
164 || something has gone wrong some place . || wrong gone place has something some . 
165 || doyle can not undertake to reply to inquiries . || to undertake can reply to not . 
166 || the rate a week ago was 2.295 % . || % rate ago was . week a the 
167 || washington , march 11 ( upi ) . || washington ( march 11 . ) , 
168 || it disclosed that the builders : || builders that the : it 
169 || starts were down 20 percent from 1959 . || percent 1959 down from starts were 20 . 
170 || the tax court rejected this view . || tax rejected court view the this . 
171 || colorado has a 2 % sales tax . || tax colorado sales % has 2 a . 
172 || a favorite is norman norell , however . || norman is . however a , 
173 || she likes his classic chemise . || classic he . her likes 
174 || balenciaga is her favorite european designer . || designer her european is . 
175 || he also dishes up 3,000 snacks . || dishes 3,000 he up also . 
176 || so he hides the mayonnaise . || he . so the 
177 || salt and pepper each breast . || pepper breast salt each . and 
178 || bake slowly at least one-half hour longer . || hour slowly longer least at . 
179 || sprinkle over top of chicken breasts . || chicken over top of . 
180 || four parties are given a year . || parties four . year given are a 
181 || a. f. schmalzried , secretary ; ; || f. secretary a. ; ; , 
182 || she lives in wellsville , mo . . || lives . she in . , 
183 || and the third time was the charm . || third charm was . the time the and 
184 || foliage will glow at formal fall party || party fall formal will at 
185 || guests from across u.s. honor dr . swim || honor swim across guests u.s. dr from . 
186 || they either walked or were driven . || walked were driven either they or . 
187 || it 's much more complex than that . || than much complex that more 's it . 
188 || `` did you `` ? ? || ? ? did you 
189 || sometimes the streetcar was late . || late was sometimes . the 
190 || sometimes there were n't even any seats . || seats sometimes n't were any there even . 
191 || the young couple live in pasadena . || live young in couple . the 
192 || changes in address are noted . || changes address are noted in . 
193 || the scalloped edge is particularly appealing . || edge appealing is particularly . the 
194 || george kissak is the bossman ; ; || george is ; ; the 
195 || terry barnes has been named manager . || terry has named barnes manager been . 
196 || herbert heilman in town for a day . || town herbert . in day a for 
197 || billy and jean moffett at the rickshaw . || billy jean . at the and 
198 || jacksonville , oct. 6 ; ; || ; 6 ; , 
199 || orlando , oct. 10 ; ; || ; 10 ; , 
200 || he is the sexton of the church . || church the . is he of the 
201 || this work is no favorite of mine . || mine is no of work this . 
202 || annual members may attend for $ 16 . || annual attend $ may members 16 for . 
203 || i believe tv watchers will be bored . || bored tv be will believe i . 
204 || and you think you have language problems . || you problems language think have you . and 
205 || the week went along briskly enough . || went enough along week . the 
206 || i bought a new little foreign bomb . || bomb bought foreign little new i a . 
207 || it is a british bomb . || bomb is british a it . 
208 || you must also wear a car coat . || coat wear car must you also a . 
209 || asked the gas station man . || station gas asked man . the 
210 || this excellent foreign bomb takes only six . || bomb foreign takes excellent six only this . 
211 || they had a loving touch . || loving touch had they a . 
212 || `` get much mileage `` ? ? || ? ? get much 
213 || the gas station man sighed unhappily . || station gas man . the 
214 || crunch , that 's all she wrote `` . || she wrote . that 's all , 
215 || `` i will die rich `` . || die rich will i . 
216 || `` the windshield looks pretty clean `` . || clean pretty looks . the 
217 || a reception and tea followed . || tea reception followed . a and 
218 || she accused him of ignoring her . || her accused she him of . 
219 || mary decided she had had enough . || had decided she mary enough had . 
220 || john received a promotion in his firm . || his received firm promotion in john a . 
221 || last friday the white house announced : || announced white friday house last : the 
222 || mollusks are a case in point . || point . case are a in 
223 || this is not an isolated example ; ; || an isolated is not ; example this ; 
224 || the problem must be faced squarely . || faced must problem be . the 
225 || it was most effective against trade unions . || unions against trade most effective was it . 
226 || the law could not suspend economics . || law economics could . not the 
227 || news of rayburn 's commitment soon leaked out . || soon news commitment out 's of . 
228 || more than a streak had ended . || than ended had more a . 
229 || bob jones played that way . || played bob jones way that . 
230 || byron nelson did , hogan did . || did nelson did . , 
231 || this day palmer had started first . || started palmer first had day this . 
232 || player immediately proceeded to follow suit . || suit proceeded player follow immediately to . 
233 || a reporter asked maris recently . || reporter asked recently a . 
234 || `` see that kid `` ? ? || ? ? kid see that 
235 || `` that 's ( yogi ) berra 's . || 's . ( 's that ) 
236 || send me where i can play `` . || send i can play me where . 
237 || `` i tell people what i think . || i think people tell i what . 
238 || `` are you kidding `` ? ? || ? ? are you 
239 || mantle 's hero was joe dimaggio . || joe hero was 's . 
240 || but dimaggio never said a word . || word never said a . but 
241 || mantle has kept the vow . || kept has . the 
242 || each is a complete ballplayer . || each is complete a . 
243 || mantle is considerably better hitting for average ( || average considerably hitting is better for ( 
244 || , fourth in the league , to || league fourth in to , the , 
245 || for maris so far this year ) . || far . year for this so ) 
246 || maris 's throwing arm is stronger . || arm throwing stronger is 's . 
247 || something was needed to revive interest ; ; || interest needed was ; something to ; 
248 || the something was the home run . || was run the home something . the 
249 || `` my taste is gaudy . || taste my is . 
250 || i 'm useless for anything but racing cars . || 'm racing anything useless cars i for . but 
251 || has moss no stirling virtues ? ? || ? moss ? stirling no has 
252 || `` i appreciate beauty `` . || beauty appreciate i . 
253 || they put much effort into public housing . || housing effort into much public put they . 
254 || but almost all the schools were primary . || schools almost were primary . all but the 
255 || there were four principal ones . || were four principal ones there . 
256 || ordered an investigation of lumumba 's death ; ; || ordered death investigation an ; 's of ; 
257 || the presidency : talking and listening || presidency listening talking : the and 
258 || and that was not all . || . not was all that and 
259 || `` i figured he was sick `` . || sick he was i . 
260 || `` the other fellow had a `` . || fellow . had the other a 
261 || pfc . truman cleveland of st. augustine . || st. cleveland . of . 
262 || take off or see the hostages killed . || killed take off . see or the 
263 || the plane slowed to a halt . || plane halt . a to the 
264 || food : stew a la mulligatawny || la food : a 
265 || the kansas turnpike offers an illustration . || kansas an illustration offers . the 
266 || for some roads , troubles . || roads troubles . some for , 
267 || these , however , are exceptions . || exceptions are these . however , , 
268 || about half of these are exported . || are about half these of . 
269 || `` three , labor troubles are infrequent . || labor troubles are three . , 
270 || it 's an important clue to washington thinking . || washington clue an important thinking to 's it . 
271 || `` get competitive or get out `` . || get competitive out get or . 
272 || most library budgets are hopelessly inadequate . || budgets inadequate are library most . 
273 || headquarters gets about 100 requests every day . || every headquarters gets 100 requests about day . 
274 || the need for lifetime reading is apparent . || lifetime . apparent reading is need for the 
275 || league regularly stands on the side of right || league side regularly stands on right of the 
276 || it 's a good use of money . || money a . good 's use it of 
277 || look to coosa valley for industrial progress || valley industrial progress look to for 
278 || the undertaking has abundant promise . || abundant promise has undertaking . the 
279 || rusk idea strengthens united states defense || defense states united idea 
280 || that theory was and is sound . || was theory sound is . that and 
281 || dekalb budget shows county is on beam || county beam budget shows on is 
282 || somewhere , somebody is bound to love us || somebody bound somewhere love to is us , 
283 || power company backs confidence with dollars || confidence dollars power backs company with 
284 || georgia has made some reforms , true . || georgia reforms made has true . some , 
285 || the intensive treatment program is working well . || intensive program treatment is well working . the 
286 || the boost is helpful but inadequate . || inadequate boost helpful is . but the 
287 || trujillo knew a great deal about assassination . || assassination deal knew great about a . 
288 || must berlin remain divided ? ? || ? divided ? berlin remain must 
289 || but this year prospects may be better . || prospects be may better year this . but 
290 || his leadership was not for audiences . || audiences leadership was his for not . 
291 || and it was the house he loved . || he was house loved . it the and 
292 || he served `` with `` him . || served him he with . 
293 || with republican presidents , he fought fair . || republican fought fair he with . , 
294 || his firm hand will be desperately missed . || desperately missed firm will his hand be . 
295 || he earnestly urged a cease-fire . || urged he a . 
296 || he gave his life for his beliefs . || his his beliefs gave life he for . 
297 || that is the hope of mankind . || mankind . is hope of that the 
298 || too many have bogged down in bickering . || many down too have in . 
299 || unanimity on interama is not surprising . || is surprising on not . 
300 || county officials have cooperated consistently . || county officials consistently have . 
301 || a short report and a good one || a short good report a one and 
302 || inevitably this means some compromise . || compromise inevitably some means this . 
303 || the latter is what concerns us all . || what concerns . latter us is all the 
304 || outwardly , ciudad trujillo is calm . || calm is . , 
305 || none of the trujillo family remains . || remains family none of . the 
306 || this should n't surprise the secretary ; ; || secretary n't surprise should ; this ; the 
307 || mr. goldberg has less reason for missing . || missing has mr. less reason for . 
308 || well , we ca n't have everything . || n't ca everything well have we . , 
309 || but that heritage is shrinking even faster . || faster heritage even is that . but 
310 || it will be a 16-hour training day . || be training will it day a . 
311 || his official term expired last summer . || term official summer his last . 
312 || the u.n. 's ' gravest crisis ' || crisis ' 's ' the 
313 || some fiscal changes are important . || fiscal changes important are some . 
314 || it will also correct some injustices . || correct also will some it . 
315 || in such conditions all freedoms are lost . || are conditions lost . such all in 
316 || these warnings must not be treated lightly . || lightly warnings must treated be these not . 
317 || and now -- more junk mail || mail more now and 
318 || our creditors do not forget us || forget creditors our do us not 
319 || letter writing is a dying art . || writing art letter dying is a . 
320 || it could n't close , she said . || n't she could close said . it , 
321 || reason : the cannery loses $ 3,000 yearly . || yearly loses $ 3,000 reason . : the 
322 || it helps those people who help themselves . || helps themselves people who help those it . 
323 || the young married people ; ; || married young people ; ; the 
324 || the dairy truck driver ; ; || truck dairy driver ; ; the 
325 || the old woman with the stew . || woman . old the with the 
326 || there is one thing i know ; ; || thing know there is ; i one ; 
327 || several years ago i was his pastor . || pastor ago years his several was i . 
328 || jesus made three things clear about forgiveness . || jesus about made clear three things . 
329 || god 's mercy and patience will last forever . || mercy patience forever god will . last 's and 
330 || `` are n't you sure `` ? ? || ? ? n't sure are you 
331 || i asked , looking at her searchingly . || asked her looking at i . , 
332 || `` bore me `` ? ? || ? bore ? me 
333 || why , he 's so darling and `` || why he 's and so , 
334 || be friends with your mother-in-law . || your friends with be . 
335 || the pulpit is a lonely place . || lonely is place a . the 
336 || who stops to think of that ? ? || ? ? stops who that think to of 
337 || but how little love we give him . || how love give him little we . but 
338 || would the driver see the turtle ? ? || ? ? driver would the see the 
339 || mr. podger took no chances . || chances took mr. no . 
340 || where was the driver now ? ? || ? ? driver was where now the 
341 || what was he doing ? ? || ? ? he doing what was 
342 || then there had been the auction itself . || had auction itself been . there then the 
343 || mr. podger heard again ; ; || mr. heard ; again ; 
344 || `` we got one at home . || got at home we one . 
345 || we need you to start it . || you we need to start it . 
346 || are n't you happy `` ? ? || ? ? n't happy are you 
347 || `` never happier in my life . || my life never in . 
348 || in nashville , a school was dynamited . || school was in . a , 
349 || there are many causes for this change . || are causes there change many for this . 
350 || one of the most important is economic . || important most of economic is . one the 
351 || miami , fla. , march 17 . || miami march 17 . , , 
352 || you ca n't expect it , though . || n't ca expect though you . it , 
353 || robby 's performance last year was tremendous . || tremendous was performance year last 's . 
354 || he 's been entirely different all spring . || entirely different he spring been . all 's 
355 || some people believe she did . || did people believe she some . 
356 || but we do n't think she creates them . || n't do she think we creates them . but 
357 || this mother is quite correct . || correct quite mother is this . 
358 || only ingenuity will uncover it . || will only it . 
359 || she is an aggressive , nervous child . || nervous she an aggressive child is . , 
360 || they seem darned proud of it . || proud seem they . it of 
361 || out of this session may come : 1 || session may 1 out come of : this 
362 || state sen. dick richards will keynote ; ; || dick richards state ; will ; 
363 || it is a short course in communese . || short is in course a it . 
364 || tass from moscow in english to europe : || moscow english europe from to : in 
365 || moscow radio in russian to the ussr : || moscow ussr russian radio in to : the 
366 || british common sense is proverbial . || common sense british is . 
367 || moscow tass in russian datelined sochi : || moscow russian : in 
368 || `` billie was really beautiful `` ! ! || ! ! beautiful really was 
369 || specific broadening of travel rights . || rights travel specific of . 
370 || john tried to dissuade him . || tried him john to . 
371 || john then allowed him to come . || him allowed to john come then . 
372 || the kingdom of heaven is theirs `` . || kingdom heaven is of . the 
373 || to a novice that is significant . || significant is to a that . 
374 || this is not contemporary english . || english is contemporary not this . 
375 || there is one danger , however . || danger there is . however one , 
376 || the only answer will be continuous study . || will continuous study answer be . only the 
377 || softness is found in crushed textures . || crushed found is in . 
378 || do n't overlook the straws this year . || n't year this . do the 
379 || contrast trim provides other touches of color . || color touches provides contrast other of . 
380 || flats have a scalloped throat . || throat flats have a . 
381 || a catalogue is available on request . || available catalogue is request on a . 
382 || teaching guides are included with each record . || guides each are record teaching included with . 
383 || his answer was simple but honest . || honest answer his was simple . but 
384 || he senses his mother 's disapproval . || his mother senses he 's . 
385 || but explanations leave him confused and unmoved . || explanations leave confused him . but and 
386 || the conscience is non-existent in the 2-year-old . || . conscience is the in the 
387 || she can decrease the number of temptations . || decrease number . she can of the 
388 || she can remove all knick-knacks within reach . || remove within reach she can all . 
389 || the fading signs of old beauty ; ; || beauty signs old ; of ; the 
390 || the long runs on the kick-offs ; ; || runs long the ; on ; the 
391 || the hard , jolting tackles ; ; || hard ; ; the , 
392 || the desperate agony of goal-line stands . || stands desperate of . the 
393 || but it is no use . || no is use it . but 
394 || politics is an accelerating game . || an game politics is . 
395 || there is a way out of this . || is out a there . this way of 
396 || it has arranged a campaign for governor . || governor campaign has arranged a for it . 
397 || ike 's somewhat like george washington . || washington somewhat george . like 's 
398 || well , there lies your answer . || lies your there answer well . , 
399 || many thanks for a job well done . || job well thanks for done many a . 
400 || this we can sympathetically understand . || understand can we this . 
401 || evansville , ind . , aug. 5 || . 5 , , 
402 || no , we are not greedy . || are no not we . , 
403 || the legion convention and sidney holzman || legion convention the and 
404 || this is a step toward overt socialism . || toward socialism is step a this . 
405 || `` workers of the party `` || party workers of the 
406 || such tactics reek of totalitarianism ! ! || ! tactics ! such of 
407 || this , again , applies to katanga . || applies . again to , this , 
408 || this is taxation without representation . || taxation representation without is this . 
409 || military power does not cause war ; ; || war does cause military power ; not ; 
410 || soviets said to fear resurgence of german militarism || german fear said to of 
411 || `` article 17 , section 1 : : || article 1 : section 17 : , 
412 || connally amendment 's repeal held step toward world order || amendment toward held step world order 's 
413 || but the hospitals and doctors should be . || hospitals be doctors should . but the and 
414 || church finds news features are helpful || finds helpful news church features are 
415 || to the editor of the inquirer : || editor the of to : the 
416 || to the editor of the inquirer : || editor the of to : the 
417 || to the editor of the inquirer : || editor the of to : the 
418 || to the editor of the inquirer : || editor the of to : the 
419 || to the editor of the inquirer : || editor the of to : the 
420 || to the editor of the inquirer : || editor the of to : the 
421 || to the editor of the inquirer : || editor the of to : the 
422 || to the editor of the inquirer : || editor the of to : the 
423 || to the editor of the inquirer : || editor the of to : the 
424 || to the editor of the inquirer : || editor the of to : the 
425 || expressway answer : east river drive || river answer east drive : 
426 || to the editor of the inquirer : || editor the of to : the 
427 || however , several pertinent considerations deserve recognition . || deserve recognition several considerations . however , 
428 || to the editor of the inquirer : || editor the of to : the 
429 || take away george washington 's statue . || statue washington george away take 's . 
430 || the trees are their homes ; ; || trees homes their are ; ; the 
431 || who wants this deed done `` ? ? || ? deed ? wants done who this 
432 || to the editor of the inquirer : || editor the of to : the 
433 || disputes stans column business scandal views || scandal disputes column views business 
434 || they will be faithful unto death . || unto faithful will death be they . 
435 || the handwriting is on the wall . || wall the is on . the 
436 || who but nikita himself ? ? || ? himself ? who but 
437 || the doctrine has never worked ; ; || doctrine worked never has ; ; the 
438 || it is not working now . || is not working now it . 
439 || it can not bring them into actual play . || into play actual them bring can it not . 
440 || as the trap is sprung . || trap is as . the 
441 || a holier-than-thou sermon was not . || was not a . 
442 || the trial balloons are afloat . || trial are . the 
443 || things are n't that simple anymore . || n't anymore simple are things that . 
444 || how much fallout will we get ? ? || ? ? how we get much will 
445 || this third choice was in fact made . || was third made choice this in fact . 
446 || that is the contamination we most fear . || contamination most fear is we the that . 
447 || several effects were immediately evident . || several effects were evident immediately . 
448 || what are the relevant data ? ? || ? ? data relevant what are the 
449 || the morale is very high . || high is very . the 
450 || their privations are almost beyond endurance . || beyond are almost their . 
451 || in behalf of what ? ? || ? ? behalf what in of 
452 || leninism-marxism , as understood by exegete mao . || understood by as . , 
453 || but there must be a catalytic pressure . || pressure must there be a . but 
454 || the family is largely broken up ; ; || largely broken family up is ; ; the 
455 || now the government must do that ; ; || must government do ; that now ; the 
456 || the second mistake is tibet . || mistake second is . the 
457 || on these they feel they can rely . || they rely can they feel on these . 
458 || the crisis burns these suddenly away . || crisis away burns suddenly these . the 
459 || but the key revelation is not new . || revelation . is key new not but the 
460 || what explains this uni-directional paralysis ? ? || ? ? explains what this 
461 || becket , by france 's jean anouilh ; ; || jean france by ; 's ; , 
462 || but that explanation is only partly true . || explanation partly true is only that . but 
463 || several more will open soon . || several will soon open more . 
464 || customers often bring their children ; ; || customers their children bring ; often ; 
465 || the def , a low-pitched tambourine . || . a the , 
466 || but they do not strip . || they strip do not . but 
467 || the striptease is crass ; ; || is ; ; the 
468 || schiele 's paintings are anything but pleasant . || paintings pleasant anything are 's . but 
469 || i will also be underpaid . || be will i also . 
470 || not acquiesce to an international planning board . || board planning an international to not . 
471 || with this no loyal citizen can quarrel . || loyal citizen no can with this . 
472 || mercenary : term of honor ? ? || ? honor ? term : of 
473 || this confuses me no end . || no me end this . 
474 || it 's an eighteenth-century negative , man ! ! || ! negative an ! man 's it , 
475 || `` u.s. flier loses plea . || loses u.s. . 
476 || indonesia court upholds pope 's death sentence . || sentence pope indonesia court death 's . 
477 || this possibility is anything but reassuring . || possibility anything is this . but 
478 || are tractors available for him ? ? || ? ? available are him for 
479 || consider this table : 1 . || table consider 1 : this . 
480 || louis 14 , -- aj . || louis 14 . , 
481 || louis 15 , -- eisenhower . || louis 15 . , 
482 || louis 16 , -- kennedy . || louis kennedy 16 . , 
483 || and marie antoinette -- jacqueline bouvier . || marie . and 
484 || `` the beautiful and light-hearted `` . || beautiful . the and 
485 || french revolution -- conservative revolution ? ? || revolution ? revolution conservative french ? 
486 || i personally gained strength from it . || gained personally strength from i it . 
487 || first , it does not communicate . || does communicate first not . it , 
488 || ( sr , feb. 11 ) . || sr ( 11 . ) , 
489 || alas , no such thing happened . || happened no thing such . , 
490 || let the media clean house , too || clean media let house too the , 
491 || he flounders and lets music sprawl . || music lets he . and 
492 || shorter booking , but still a booking . || booking booking shorter still . a but , 
493 || will somebody please reopen the auditorium ? ? || ? please ? somebody will the 
494 || it will continue all month . || continue will month all it . 
495 || larkin has an answer to all that . || has an answer to all that . 
496 || first one , then the other || first one other then the , 
497 || she topped the sextet brilliantly . || topped she . the 
498 || richard tucker sang edgardo in glorious voice . || sang glorious voice richard in . 
499 || anyone for musical ping-pong ? ? || ? anyone musical ? for 
