0 || the couple was married aug. 2 , 1913 . || married 1913 was couple . 2 the , 
1 || the hartsfield home is at 637 e. pelham rd . aj . || . rd . e. at is home the 
2 || the mayor 's present term of office expires jan. 1 . || mayor term of office . 's present 1 the 
3 || caldwell 's resignation had been expected for some time . || resignation had been expected . for some time 's 
4 || `` everything went real smooth `` , the sheriff said . || sheriff smooth went everything . real said the , 
5 || `` there was n't a bit of trouble `` . || n't trouble was there a bit of . 
6 || i 'm willing to stake my political career on it `` . || 'm career my stake political willing on i to it . 
7 || another enlarged authority of the beaumont navigation district . || district navigation enlarged authority of another . the 
8 || `` dallas and fort worth can vote bonds . || dallas bonds fort vote worth can . and 
9 || this would help the little peanut districts `` . || districts would little help the this . 
10 || a normal year 's work in college is 30 semester hours . || college hours is year in normal 's 30 work a . 
11 || `` yes , your honor `` , replied bellows . || replied honor your yes . , , 
12 || there is a conflict among the defendants `` . || conflict among is there a . the 
13 || karns ' ruling pertained to eight of the 10 cases . || ruling eight . cases the 10 to ' of 
14 || wexler has denied repeatedly that coercion was used in questioning . || denied repeatedly has was used questioning in that . 
15 || both figures would go higher in later years . || figures higher later . years would go both in 
16 || `` this is not a program of socialized medicine . || medicine is program a . this not of 
17 || every person will choose his own doctor and hospital `` . || doctor hospital choose every own . will person and his 
18 || they would still be paid by the patient . || be they paid patient . would by still the 
19 || congressional reaction to the message was along expected lines . || congressional reaction lines . message was expected along to the 
20 || policies on nuclear test ban negotiations were reviewed and changed . || ban nuclear negotiations reviewed changed policies test were on . and 
21 || but thus far there has been no response in kind . || has no far been there response . thus kind in but 
22 || the administration declared itself in favor of a neutralized laos . || favor declared the administration itself in of a . 
23 || east providence now has no civil defense program . || defense civil has program east no now . 
24 || he is not interested in being named a full-time director . || full-time named he is interested director being in not a . 
25 || riverside residents would go to the seekonk assembly point . || residents assembly riverside would point . go to the 
26 || dumont spoke on the merit of having an open primary . || . merit spoke an primary open on having of the 
27 || it can only rebound to mr. hughes ' discredit `` . || can hughes mr. to only ' it . 
28 || i 'm not afraid to tangle with the republican nominee `` . || republican 'm nominee afraid to not with i . the 
29 || she served one four-year term on the national committee . || served national term she committee on . one the 
30 || day after day some new episode is reported . || episode day after reported new . day is some 
31 || an assistant attorney general is directed to investigate . || attorney directed investigate assistant an general is to . 
32 || the housing bill is now in the house rules committee . || committee house bill . housing rules is the in now the 
33 || six of these were proposed by religious groups . || were religious groups proposed by of these . six 
34 || when he protested , the hotel owner said : || hotel owner he said when : the , 
35 || the u. s. government is paying for it . || u. government . paying is s. it for the 
36 || the jobs formula is understood to follow these lines : || formula follow lines understood jobs these is to : the 
37 || but from a historic viewpoint none can approach it . || historic viewpoint can from it none approach a . but 
38 || they were the suffragettes and they wanted to vote . || they were vote wanted to . they the and 
39 || division one of the parade will be the service academies . || parade division . the be service of will one the 
40 || he could terminate special sessions of the legislature . || legislature sessions . special he could of the 
41 || travelers indemnity co. and the continental casualty co. . || co. continental co. . the and 
42 || the contract called for overhauling of 102 joints . || joints contract . called of for the 
43 || `` certain people must have known about it `` . || certain have about known people must it . 
44 || goodis voiced his objection before city council 's finance committee . || council voiced committee his objection city finance before 's . 
45 || victim of the accident was robert lee stansbery , 39 . || accident lee was robert . victim of 39 the , 
46 || kansas city , mo . , feb. 9 ( upi ) || kansas ( city . 9 ) , , 
47 || the left front wheel landed 100 feet away . || wheel landed feet away left 100 front . the 
48 || ankara , turkey , oct. 24 ( ap ) || ap turkey ( 24 ) , , 
49 || he is married and the father of three children . || married father . three he of children is the and 
50 || martin called for patience on the part of americans . || patience . americans part on called martin of for the 
51 || many changes involved minor editing and clarification ; ; || minor editing involved changes ; many ; and 
52 || -- and his exaltation to the right hand of god . || his god . right the hand to of and 
53 || 800 in southern new england , we have 60 ; ; || 800 southern england have new ; 60 in we ; , 
54 || it was ruled a difficult chance and a hit . || ruled hit difficult a was chance . a it and 
55 || then throneberry rapped into a fast double play . || into fast double play a then . 
56 || the 22-year-old southpaw enlisted earlier last fall than did hansen . || earlier fall than did last . the 
57 || `` then we 'd really have someplace to go `` . || 'd we go really to have then . 
58 || st. petersburg , fla. , march 17 ( ap ) || petersburg st. ap march ( 17 ) , , 
59 || `` so i started practicing on it in spring training . || started spring i on training it . in so 
60 || practice helps you to get your timing down . || your helps you timing down practice get to . 
61 || monday , he had four longhorns in the top four . || four he four in . monday had top the , 
62 || we needed it and we got it `` . || we needed it got . we it and 
63 || both turned in top jobs for the second straight game . || game straight jobs second . turned in top both for the 
64 || `` nelson played magnificent football `` , meek praised . || played praised football nelson magnificent . , 
65 || and he caused the fumble that set up our touchdown . || touchdown caused he . up our set that the and 
66 || `` he almost brought it back all the way `` . || he almost brought back it . way all the 
67 || `` he 'll be out of action all this week . || out be 'll action he of week all this . 
68 || there is definitely some ligament damage in his knee `` . || knee damage definitely . there his is some in 
69 || cliff cook accounted for three of the tribe 's eight hits . || eight tribe cliff accounted . hits cook three of 's for the 
70 || mary dobbs tuttle was back at the organ . || organ mary was at back . the 
71 || dallas , tex . , may 1 -- ( ap ) || ap dallas may ( . 1 , , ) 
72 || st. paul-minneapolis , may 1 -- ( ap ) || st. ap ( may 1 ) , 
73 || ogden , utah , may 1 -- ( ap ) || utah ap ( may 1 ) , , 
74 || `` i 've had it `` , he told a newsman . || 've he had told a i . it , 
75 || you 'll probably get a ball bat on the head . || bat 'll ball you . head on probably get a the 
76 || ritchie walked up to him at the magazine stand . || walked him magazine up . stand at to the 
77 || he said he had never talked to liston `` . || he talked never had he said to . 
78 || incidentally , only two did it before a home audience . || before did audience . two it home a only , 
79 || willie 's lifetime batting average of is 11 points beyond mickey 's . || batting average 's willie . lifetime is beyond points 11 's of 
80 || the yanks also took advantage of three cincinnati errors . || cincinnati errors took advantage three of also . the 
81 || the crowd of 32,589 had only two chances to applaud . || crowd chances . two had the to only of 
82 || an injury forced skorich to quit after the 1948 season . || injury forced season quit 1948 an after to . the 
83 || the eagles signed him for shaw 's staff in 1959 . || eagles signed . him shaw in staff 's for the 1959 
84 || frank graham , the journal-american sports columnist ; ; || frank sports graham ; ; the , 
85 || stengel will receive the ben epstein good guy award . || award ben receive guy will good . the 
86 || despite countless barriers and disappointments , shea moved forward . || barriers moved countless despite forward . and , 
87 || shea 's efforts figure prominently in the new stadium . || stadium efforts figure . new 's in the 
88 || he played basketball there while working toward a law degree . || basketball degree played toward law he there working while a . 
89 || maris is in line for a big raise . || raise is big . line a for in 
90 || the dinner will be held at the hotel pierre . || hotel held pierre will dinner . at the be the 
91 || he tried again and once more sliced out of bounds . || once tried he out . more again of and 
92 || each of the four wayward shots cost him two strokes . || four shots each . cost two him of the 
93 || `` how many is that , jim `` ? ? || ? ? jim how many is that , 
94 || asked willie at one stage of his excavation project . || excavation willie his asked stage of at project one . 
95 || nor were there any rules to save him . || nor rules save were him any there to . 
96 || this knowledge has come in handy , too . || handy has too knowledge . come in this , 
97 || that 's how he first won the masters in 1958 . || won he first masters 1958 how 's in the that . 
98 || it happened on the twelfth hole , a 155-yarder . || hole happened on . a it the , 
99 || `` you must play it where it lies `` . || lies it must play where you it . 
100 || pete rozelle , the league commissioner , pointed out : || commissioner league pete pointed out : , the , 
101 || 3 the redbirds ' disheartening 11-7 collapse against the phillies sunday . || collapse against sunday the . 3 ' the 
102 || `` bill white ( sore ankles ) should be ready . || white should bill ( ready be ) . 
103 || our pitching is much better than it has shown `` . || than much has shown better is our it . 
