0 || ask jail deputies || 
1 || ( 2 ) || ) ( 
2 || a revolving fund || a fund 
3 || austin , texas || 
4 || austin , texas || 
5 || austin , texas || 
6 || austin , texas || 
7 || austin , texas || 
8 || `` must solve problem `` || 
9 || calls for extension || 
10 || fears prejudicial aspects || 
11 || washington , july 24 || 
12 || decisions are made || made decisions 
13 || issue jury subpoenas || issue 
14 || faced seven cases || cases faced 
15 || claims precedent lacking || claims lacking 
16 || washington , feb. 9 || 
17 || outlays would increase || increase outlays 
18 || nursing home care || care nursing 
19 || calls proposal modest || calls modest 
20 || would n't pay doctors || 
21 || contributions to schools || schools contributions 
22 || more for nursing homes || more nursing 
23 || asks research funds || 
24 || reaction as expected || reaction expected 
25 || washington , feb. 9 || 
26 || enforce by demand || demand enforce 
27 || aid plans revamped || aid revamped 
28 || mr. hawksley said . || said mr. 
29 || he asked . || . he 
30 || sees jones ahead || 
31 || that failed . || . that 
32 || mayor visits buckley || mayor buckley 
33 || screvane and beame hailed || and hailed 
34 || the mayor said : || the said 
35 || boston , june 16 || june boston 
36 || washington , june 18 || june washington 
37 || leadership is hopeful || leadership hopeful 
38 || three groups to meet || 
39 || the hotel owner shrugged . || . the owner 
40 || moscow , june 18 || moscow june 
41 || formula is due this week || 
42 || geneva , june 18 || june geneva 
43 || tactics studied in geneva || in tactics 
44 || to deal with principles || to deal with 
45 || seats on square || square seats 
46 || jackson , miss . || jackson miss 
47 || could be scramble || could be 
48 || baton rouge , la . || , . baton 
49 || intervenes in case || case intervenes 
50 || wide range in bids || in wide 
51 || testifies at hearing || hearing testifies 
52 || backs higher fees || 
53 || four parks planned || 
54 || would bar vehicles || would vehicles 
55 || ignition sets off blast || off ignition 
56 || hood flies over house || over hood 
57 || led fight on teamsters || on led 
58 || individual help best || 
59 || salem ( ap ) || 
60 || oak grove ( special ) || ) ( oak 
61 || new point added || new added 
62 || -- emphasizes the virgin birth || 
63 || -- his miracles || his 
64 || super again elected || elected super 
65 || church loses pace || church pace 
66 || ' church meets change ' || ' ' meets 
67 || proof lack charged || 
68 || siebern hits homer || hits 
69 || house throws wild || house wild 
70 || robinson doubles again || again robinson 
71 || 15 pounds lighter || 15 lighter 
72 || seeks `` improved fielding `` || 
73 || duren , sheldon on hill || , on 
74 || squad cut near || 
75 || 8,280 attend races || attend 
76 || culmone gets first win || win gets 
77 || austin , texas || 
78 || it did n't ; ; || ; it did n't 
79 || exclaimed stram . || . exclaimed 
80 || a quick touchdown resulted . || . a touchdown 
81 || bingles and bobbles : || and : 
82 || i ca n't run . || . i ca n't 
83 || i ca n't throw . || . i ca n't 
84 || philadelphia , jan. 23 || 
85 || choice was expected || 
86 || coach played 3 years || 3 coach 
87 || show follows ceremonies || show ceremonies 
88 || flushing stadium in works || in flushing 
89 || golf 's golden boy || 
90 || it made him human . || . it him 
91 || no margin for error || for no 
92 || stickler for rules || for 
93 || he had a 16 . || . he had a 
94 || the ball floated downstream . || . the floated 
95 || ruling from on high || on ruling 
96 || change in pitchers . || . change 
97 || nieman kept in lineup . || . kept 
98 || six bucks over . || over six 
99 || and bob skinner || and skinner 
100 || six bucs over . || over six 
101 || four for alvin || four alvin 
102 || ' back with the met || ' with the 
103 || here and there || there here 
104 || first , honolulu || first 
105 || here and there || there here 
106 || she 's a whiz . || . a she 
107 || fur goodness sake ! ! || ! fur sake 
108 || that 's our boy bill . || that bill our 
109 || back to w. coast || 
110 || set for influx || set influx 
111 || many with pools || 
112 || all for $ 14 ! ! || ! all $ 
113 || all for $ 14 . || . all $ 
114 || the prospects look great . || . the look 
115 || basin street beat || 
116 || it 's big business || it big 
117 || salary cut and lay-offs || and salary 
118 || boy in fair condition || boy fair 
119 || annapolis , jan. 7 || , 7 
120 || sent home for rest || for sent 
121 || younger son calls police || 
122 || two brothers adopted || two adopted 
123 || annapolis , jan. 7 || , 7 
124 || simpkins from somerset || from 
125 || convenience held key || key convenience 
126 || london , feb. 9 || london feb. 
127 || five held for trial || for five 
128 || flashed to moscow || moscow flashed 
129 || all five pleaded innocent . || . all pleaded 
130 || refuses to grant bail || grant refuses 
131 || `` of highest value `` || of value 
132 || navy 's future involved || future navy 
133 || interested in detector || interested in 
134 || no comments by u.s . || . by no 
135 || lives on welfare || 
136 || charges in doubt || 
137 || locked in motel || 
138 || dennis , 6 ; ; || ; 6 dennis 
139 || eleanor , 2 ; ; || ; 2 eleanor 
140 || and bernardine , 1 . || , . and 
141 || students help out || out students 
142 || funds from dances || 
143 || gets car number || number gets 
144 || given 15 days || days given 
145 || plea for arms || 
146 || havana , april 19 . || . april havana 
147 || arms plot charged || 
148 || report others held || report held 
149 || urged in 1954 || 
150 || ' intend to attend ' || to ' ' 
151 || r. e. killingsworth || r. 
152 || john w. ball || john ball 
153 || mrs. lola harris || harris mrs. 
154 || bursts into flames || 
155 || salem ( special ) || 
156 || board oks pact || board pact 
157 || salary termed modest || 
158 || he retired in 1958 . || . in he 
159 || and five grandchildren . || and grandchildren 
160 || youngsters do business || business youngsters 
161 || g-p men served || men 
162 || hillsboro ( special ) || ) ( 
163 || mr. giorgio was uninjured . || . was mr. 
164 || mr. vernava was uninjured . || . was mr. 
165 || asilomar , march 26 || , 26 
166 || glimco a buddy || a 
167 || connection is sought || 
168 || lee a witness || lee witness 
169 || a $ 12,500 payment || a payment 
170 || lien payments involved || involved lien 
171 || charge lists 3 checks || 3 charge 
172 || all bounced . || . all 
173 || they export also . || they also 
174 || new york ( ap ) || 
175 || some good news || news some 
176 || nothing to fear || 
177 || due in 1986 || 
178 || $ 70 by 1971 ; ; || by ; $ 
179 || $ 75 by 1976 ; ; || by ; $ 
180 || $ 80 by 1981 ; ; || by ; $ 
181 || new york ( ap ) || 
182 || washington ( ap ) || 
183 || washington ( upi ) || ) washington 
184 || washington ( ap ) || 
185 || leaders of industry || industry leaders 
186 || elburn , ill . || , . 
187 || two of three report gains || report two of 
188 || dealers ' stocks down || 
189 || bluebonnets and stagecoach silhouettes . || and silhouettes 
190 || mother of five || 
191 || i suggested . || . i 
192 || i was asked . || . i was 
193 || even that is n't satisfactory . || . even is n't 
194 || but that 's hardly realistic . || . but that hardly 
195 || stars for marriage || 
196 || more new addresses || more addresses 
197 || we like fike || we 
198 || here and there || there here 
199 || faces in places || 
200 || plant city oct. 11 . || . plant oct. 
201 || very austere yet racy . || . very yet 
202 || `` tires ok ? ? || ? ok 
203 || they polished the windshield . || . the they 
204 || he asked gloomily . || he gloomily 
205 || `` about 35 `` . || . about 
206 || for crucial encounter || for encounter 
207 || mr. kennedy replied : || replied mr. 
208 || road to vienna || road vienna 
209 || deadlock on tests || tests deadlock 
210 || the washington announcement said : || the : announcement 
211 || other allies consulted || other consulted 
212 || adequate compensation is indispensable . || . is adequate 
213 || the committee remains unresponsive . || . the remains 
214 || the three-front war || the war 
215 || 1 ) cuba . || 1 cuba 
216 || 2 ) laos . || 2 laos 
217 || french & indians . || 
218 || turmoil in the house || 
219 || deadly deadlock . || . deadly 
220 || equal treatment . || . equal 
221 || `` unconscionable `` ! ! || ! 
222 || threat of war . || war threat 
223 || battle in the senate || battle the senate 
224 || he bogeyed the 10th . || . the he 
225 || end at seven || end seven 
226 || player won only one . || player only one 
227 || the boldness of champions || of the 
228 || this is baseball 1961 . || 
229 || double threat : || : double 
230 || light reading : || : light 
231 || i 'm angry `` . || . i angry 
232 || play me `` . || . play 
233 || idols ' idols : || 
234 || maris 's was ted williams . || . 's ted 
235 || said maris . || . said 
236 || it crushed mickey . || it mickey 
237 || break in georgia || break georgia 
238 || catch for chicago || 
239 || but they were not . || not but they 
240 || confusion became chaos ; ; || ; chaos confusion 
241 || lumumba fired kasavubu . || . fired 
242 || crime : ' skyjacked ' || ' ' crime 
243 || the day wore on . || on the day 
244 || congress : more muscle || more congress 
245 || tax-free returns . || . tax-free 
246 || swelling traffic . || . swelling 
247 || slow successes . || . slow 
248 || that improvement is continuing . || . that is 
249 || easier access . || . easier 
250 || they threaten to strike . || . to they 
251 || assembly session brought much good || 
252 || chin up , soapy . || , . chin 
253 || the end of trujillo || the end of 
254 || start on rapid transit || 
255 || prairie national park || park prairie 
256 || whisky on the air || 
257 || a law is needed . || . a is 
258 || new york : democrats ' choice || 
259 || little war , big test || , test little 
260 || a vote for educational tv || for a tv 
261 || a good man departs . || 
262 || goodby , mr. sam || , sam 
263 || un off the congo track || the track un 
264 || meditations from a fallout shelter || a shelter meditations 
265 || the customer loses again || the loses 
266 || a shock wave from africa || a africa wave 
267 || monument to togetherness || 
268 || west germany remains western || west remains 
269 || better ask before joining || before better 
270 || the public . || the public 
271 || closed doors in city hall || in hall closed 
272 || help when needed || 
273 || matter of survival || matter survival 
274 || what 's wrong at state || what state wrong 
275 || in new jersey , too || , in new 
276 || that is one approach . || approach that is 
277 || an excess of zeal || of an 
278 || that might go over . || . that go 
279 || the faget case || the case 
280 || mr. eisenhower , politician || , mr. 
281 || this was juvenile ridicule . || 
282 || queen of the seas || the queen 
283 || mission to viet nam || mission viet 
284 || of course it is . || is of course 
285 || what the new charter does || 
286 || meeting in moscow || moscow meeting 
287 || dr. conant 's call to action || to 's dr. 
288 || the old couples . || . the old 
289 || but forgive anyway `` . || . but anyway 
290 || matthew 6 : 14-15 . || . : matthew 
291 || till seven times ? ? || ? times till 
292 || matthew 18 : 21-22 . || . : matthew 
293 || luke 23:34 . || . luke 
294 || she asked . || . she 
295 || i asked . || . i 
296 || she was shocked . || . she was 
297 || oh , no-o ! ! || ! oh 
298 || and the turtle ? ? || ? and the 
299 || mr. podger smiled . || smiled mr. 
300 || you know what ? ? || ? you know what 
301 || `` dad `` ! ! || ! dad 
302 || she said . || she said 
303 || two spots open || open two 
304 || robby could be better || could be 
305 || breeding might move up || 
306 || do n't ask him more . || . him do n't 
307 || we think differently . || we differently 
308 || she wrote : || : she 
309 || what future holds || what holds 
310 || now listen closely : || now closely 
311 || ( quotations follow `` . || . ( follow 
312 || on the job || on the 
313 || kind mr. sam || 
314 || then he suffered him . || him then he 
315 || he said ; ; || ; he said 
316 || designed for ease || 
317 || sewing brings numbness || 
318 || brace for sciatica || brace 
319 || cholesterol and thyroid || cholesterol thyroid 
320 || it usually goes up . || . it goes 
321 || the child understands no . || . the understands 
322 || it motivates his behavior . || . it his 
323 || this breaks his heart . || . his this 
324 || actions speak louder . || 
325 || remove temptations . || . remove 
326 || his dream goes . || his goes 
327 || his bifocals blur . || his blur 
328 || he always feels lonely . || . he feels 
329 || a team feels something . || . a feels 
330 || the breakthrough ; ; || the ; 
331 || it is gone . || . it is 
332 || ' task force ' || ' force 
333 || there are other dangers : || 
334 || these men are spenders . || . are these 
335 || for example : 1 . || 1 for example 
336 || `` a lousy job `` || a job 
337 || chicago , aug. 9 || 
338 || short shorts on the campus || on the short 
339 || chicago , aug. 4 || 
340 || chicago , aug. 9 || 
341 || subsidies from cta || subsidies 
342 || oak park , aug. 8 || , 8 oak 
343 || chicago , aug. 9 || 
344 || chicago , aug. 9 || 
345 || teaching the handicapped || handicapped teaching 
346 || chicago , aug. 7 || 
347 || from candlelight club || from club 
348 || minneapolis , aug. 7 || 
349 || more school , less pay || , pay more 
350 || chicago , aug. 7 || 
351 || the dupont case || the case 
352 || washington , aug. 4 || 
353 || wilmette , aug. 7 || , 7 
354 || downers grove , aug. 8 || grove aug. 
355 || providence , aug. 5 || 
356 || to the editor : || : to the 
357 || `` plus-one `` shelters || shelters 
358 || to the editor : || : to the 
359 || to the editor : || : to the 
360 || i am for it . || it i am 
361 || to the editor : || : to the 
362 || county college costs || county costs 
363 || to the editor : || : to the 
364 || none will be elected . || . be none 
365 || to the editor : || : to the 
366 || `` natural causes `` || natural 
367 || to the editor : || : to the 
368 || to the editor : || : to the 
369 || to the editor : || : to the 
370 || it was very refreshing . || it was refreshing 
371 || `` deep peep show `` || show deep 
372 || working for peace || peace working 
373 || pets in apartments || 
374 || dissenting views of senators || of dissenting 
375 || for a neutral germany || for a germany 
376 || meeting u.n. obligations || meeting obligations 
377 || `` section 2 : : || : section 
378 || `` article 19 : : || : article 
379 || to aid international law || to international 
380 || for better subway services || for subway 
381 || phone service criticized || 
382 || to the editor : || : to the 
383 || helping retarded children || children helping 
384 || to the editor : || : to the 
385 || they make beautiful objects . || . they beautiful 
386 || jobs for cavanagh || jobs 
387 || to the editor : || : to the 
388 || to the editor : || : to the 
389 || to the editor : || : to the 
390 || dunes park advocate || 
391 || to the editor : || : to the 
392 || ghost town ? ? || ? ghost 
393 || good for mr . trimmer . || good mr trimmer 
394 || defends big trucks || 
395 || out of school at 14 || at out of 
396 || ' we tremble not ' || ' ' tremble 
397 || out of the race || out of the 
398 || why trust jagan ? ? || ? why 
399 || russia and u.n . || . russia 
400 || ' people to people ' || to ' ' 
401 || ( 2 ) || ) ( 
402 || ( 3 ) || ) ( 
403 || ( 4 ) || ) ( 
404 || shadow over washington square || 
405 || fairmount park commission || park 
406 || just a preliminary measure . || measure just a 
407 || indeed no . || . indeed 
408 || what 's your motive ? ? || ? your what 
409 || not push-ups but stand-ups || not but 
410 || to the editor : || : to the 
411 || escalation unto death || death escalation 
412 || the tide turns || the turns 
413 || u thant of burma || of u 
414 || to the hills , girls || , to the 
415 || resuming atmospheric tests || tests resuming 
416 || the budget deficit || the deficit 
417 || ethics and peace || peace ethics 
418 || he smiled . || . he 
419 || fair enough . || . fair 
420 || relative military manpower ? ? || ? relative manpower 
421 || say four million . || million say 
422 || skill ? ? || ? skill 
423 || training ? ? || ? training 
424 || morale ? ? || ? morale 
425 || the moment passes . || the passes 
426 || what the moments reveal || 
427 || key to the puzzles || the key 
428 || best from abroad . || 
429 || dry of life . || life dry 
430 || the cooch terpers || the 
431 || continuum of mankind . || 
432 || the melting pot . || the pot 
433 || some manhattan examples : || some examples 
434 || a short , tormented span || , a span 
435 || the devil himself . || the himself 
436 || melancholy obsession . || . melancholy 
437 || mikoyan declared : || declared 
438 || there are other symptoms . || 
439 || tenure as criterion || 
440 || loss of initiative || loss initiative 
441 || a brief for the negative || a for the 
442 || -- ed . . || . ed 
443 || mental telepathy ? ? || ? mental 
444 || a professor and the army || a and the 
445 || modern postal slogan || 
446 || the impending death of pope || the death pope 
447 || regency -- truman . || regency truman 
448 || improper bostonian ? ? || ? improper 
449 || facts in focus || 
450 || southern california blackout || southern blackout 
451 || apparently it is not . || is not apparently 
452 || for a college of propaganda || of for a 
453 || nonsense `` . || . nonsense 
454 || bayreuth next summer || next 
455 || rudolf kempe conducts . || 
456 || it was all set . || 
457 || something had to give . || something to give 
458 || not la dietrich . || not dietrich 
459 || we printed it . || it we 
460 || these are the results . || results these are 
461 || what 's up now ? ? || up ? what 
462 || splendor by sorcery || by 
463 || it 's a horror . || . a it 
464 || remaking an army to win || to an 
465 || logistics and transport ; ; || ; transport logistics 
466 || airdrops and airstrips ; ; || and ; 
467 || expected of a commander || a expected 
468 || it depresses them . || it them 
469 || it was even beautiful . || 
470 || tempos were lively . || 
471 || the cast : || the : 
472 || the cast : || the : 
473 || the cast : || the : 
474 || the cast : || the : 
475 || the cast : || the : 
476 || this is drama enough . || enough this is 
477 || dulles ? ? || ? dulles 
478 || mccarthy ? ? || ? mccarthy 
479 || suez ? ? || ? suez 
480 || their eisenhower is insubstantial . || . is their 
481 || the hope was vain . || . the was 
482 || on stalin : || on : 
483 || elegance and color || elegance color 
484 || she 's not chubby . || . not she 
485 || she 's not plump . || . not she 
486 || she 's fat `` . || . she fat 
487 || jazz three open program || open jazz 
488 || julie wilson sings || 
489 || shearing takes over || over shearing 
490 || i say chantey . || . i 
491 || `` take hands ; ; || ; take 
492 || ' an american journey ' || ' ' american 
493 || 211 pages . || . 211 
494 || but it is n't . || . but it is 
495 || yet the idyll ended . || . yet idyll 
496 || so was the playing . || . the so 
497 || so was the audience . || . the so 
498 || london , july 4 || london july 
499 || a lesson in politics || in a 
