0 || it urged that the city `` take steps to remedy `` this problem . || . to it that the this take 
1 || implementation of georgia 's automobile title law was also recommended by the outgoing jury . || by the law also implementation jury automobile georgia 
2 || on other matters , the jury recommended that : ( 1 ) || the on : 1 matters recommended 
3 || henry l. bowden was listed on the petition as the mayor 's attorney . || . the 's as the henry listed bowden 
4 || his political career goes back to his election to city council in 1923 . || . in his city back to election career 
5 || a similar resolution passed in the senate by a vote of 29-5 . || . of a in the by a resolution 
6 || davis received 1,119 votes in saturday 's election , and bush got 402 . || . and got votes election davis saturday 
7 || `` being at the polls was just like being at church . || the being church being was just 
8 || the campaign leading to the election was not so quiet , however . || the the was not leading quiet however 
9 || sheriff felix tabb said the ordinary apparently made good his promise . || good said the sheriff promise apparently 
10 || under committee rules , it went automatically to a subcommittee for one week . || for a it under rules week automatically 
11 || `` you take out of circulation many millions of dollars `` . || . of you out of many 
12 || it was one of a series of recommendations by the texas research league . || . by the research series of it was one of 
13 || -- paradise lost to the alleged water needs of texas ' big cities thursday . || . of to the ' water cities paradise 
14 || most of the fire was directed by cotten against dallas and sen. parkhouse . || . and by was against most of the 
15 || `` this is a poor boy 's bill `` , said chapman . || , bill boy chapman this is a 
16 || the remainder of the 4-year college requirement would be in general subjects . || . the of the college general would be 
17 || college teachers in texas are not required to have the education courses . || in college courses are not to have the 
18 || fifty-three of the 150 representatives immediately joined grover as co-signers of the proposal . || . the of the as joined representatives fifty-three 
19 || bellows made the request while the all-woman jury was out of the courtroom . || . the out of the while the jury bellows 
20 || karns had been scheduled this week to hear seven cases involving 35 persons . || . had been cases hear this week 35 
21 || these would be paid for out of general , not payroll , taxes . || , of for be these taxes payroll 
22 || community visiting nurse services at home for up to 240 days an illness . || days up to community illness at home nurse 
23 || he further proposed grants of an unspecified sum for experimental hospitals . || . he sum of an proposed experimental 
24 || he also asked congress to approve establishment of a national child health institute . || to a he institute child asked establishment 
25 || those who backed a similar plan last year hailed the message . || . the a plan year those who 
26 || only 11 senators were on the floor and there was no record vote . || only vote on the floor there was no senators 
27 || a number of scattered `` ayes `` and `` noes `` was heard . || . and was a number of 
28 || strenuous efforts were made to remove pin pricking from administration statements . || to from were statements pin strenuous 
29 || but the communists aided the pathet lao at an even faster rate . || . an but the faster aided lao 
30 || the lawyer with whom i studied law steered me off the socialist track . || the the with me i law track 
31 || he steered me to the right track -- the free enterprise track `` . || . the he right me to enterprise 
32 || increasing opposition can be expected in coming weeks , it was indicated . || . in can be weeks it was increasing 
33 || nothing has been done yet to take advantage of the enabling legislation . || of the been take legislation yet nothing 
34 || at present all offenses must be taken to sixth district court for disposition . || . to for at all district must be 
35 || he then launched into what the issues should be in the campaign . || . the he should be launched what the 
36 || he also expanded and modernized the radio system with a central control station . || . he control with a radio expanded modernized 
37 || there is a tangible feeling in the air of revulsion toward politics . || 
38 || `` it 's ' see joe , see jim ' `` , he says . || , ' it ' says see joe 
39 || but there are reasons for the current spotlight on the subject . || . on the reasons but there the current 
40 || mr. trimble has been in the hospital but is expected back tuesday . || the but has been expected mr. tuesday 
41 || the democratic leadership , however , hopes to pass it sometime this week . || the week pass leadership hopes however sometime 
42 || it also provides for funds to clear slums and help colleges build dormitories . || and it clear provides colleges funds dormitories 
43 || the u. s. government pays for all its overseas workers `` . || . the all pays s. overseas 
44 || `` i do n't work for the government `` , the american said . || , . for the american i do n't 
45 || mr. khrushchev was jesting in the expansive mood of the successful banker . || the was in the mood mr. banker 
46 || in 1960 more than 6,000 communist technicians were present in those countries . || in in were countries more than communist 
47 || india is the most populous united nations member with more than 400,000,000 inhabitants . || member united the most more than inhabitants india 
48 || the pace of the talks has slowed with each passing week . || . the with of the has passing 
49 || princess moune , prince souvanna phouma 's young daughter , read the princes ' statement . || , 's daughter statement read princess princes 
50 || division three will be headed by the marines followed by 12 states ; ; || ; by the will be division followed 12 
51 || division five , by the air force followed by 11 states . || , . 11 division followed the air 
52 || -- what does 1961 offer in political and governmental developments in mississippi ? ? || and in ? what developments 1961 mississippi 
53 || barnett is not expected to be able to withstand the pressure . || . the not barnett to be able to 
54 || the year will probably start out with segregation still the most troublesome issue . || out issue the most the year probably segregation 
55 || actually , davis would have to toss in the towel soon anyway . || . in the have to davis soon actually 
56 || it could become an acute problem in the coming fiscal year . || . the an problem fiscal it could 
57 || the prospect of cutting back spending is an unpleasant one for any governor . || . of the back any one is an 
58 || varani has been fired on charges of accepting gifts from the contractor . || . of the on has been gifts 
59 || wagner said the city paid only $ 37,500 to the hughes company . || to the company only the city wagner 
60 || `` the ptc is investigating the whole matter `` , pratt said . || , the is said the whole 
61 || the esplanade would feature pedestrian bridges over roads in the project . || . the in the over would pedestrian 
62 || it was first believed the bomb was rigged to the car 's starter . || 
63 || gen. gursel has headed the military junta the last 17 months . || has months the last gen. the military 
64 || ierulli , 29 , has been practicing in portland since november , 1959 . || , , , . in been since 
65 || he is a graduate of portland university and the northwestern college of law . || and the college law he is graduate portland 
66 || he will speak to willamette university young republicans thursday night in salem . || he university night salem speak republicans 
67 || the dinner is sponsored by organized labor and is scheduled for 7 p.m. . || the is by for is p.m. labor 
68 || the election will be dec. 4 from 8 a.m. to 8 p.m. . || the to 4 will be p.m. 8 
69 || five candidates seek the place vacated by secretary hugh g. stout . || by place five seek hugh stout 
70 || the first of 16 beliefs of the denomination , now reads : || , of the 16 the first reads 
71 || to accomplish this would necessitate some changes in methods , he said . || to this changes methods he said necessitate 
72 || three were doubles , brooks robinson getting a pair and marv breeding one . || . three pair getting breeding brooks doubles 
73 || jackie brandt singled deep into the hole at short to start the rally . || . the to at into the jackie singled 
74 || then robinson slammed a long double to left center to score both runners . || to long then score center slammed runners 
75 || freshman average , completes the birds ' spring squad at 49 players . || at birds players average spring completes 
76 || waters injured his left knee in the last game of the 1960 season . || of the his season waters the last knee 
77 || that 's because he already has kicked 14 extra points in 15 tries . || . that has points 15 14 because he 
78 || but he was scholastically ineligible in 1959 and merely present last season . || . last but he merely ineligible 1959 
79 || place kicking is largely a matter of timing , moritz declared . || , is place declared a matter of 
80 || he now has 273 yards in 22 tries during three games . || has he during games yards 22 
81 || `` he knocked down the interference and made key stops lots of times . || and he times down the key lots 
82 || gannon contributed saving plays on the falcons ' aerial thrusts in the late stages . || . ' on the the late thrusts saving gannon 
83 || he really crucified him he nailed it for a yard loss `` . || . a it he he loss crucified 
84 || `` kelsey is very doubtful for the rice game `` , meek said . || , the is said game doubtful 
85 || rice has not played since injuring a knee in the opener with maryland . || . with a in the not rice since 
86 || `` in fact our whole defensive unit did a good job `` . || . unit whole a good in fact 
87 || nischwitz fanned six and walked only charley hinton in the third inning . || . and only the third hinton fanned 
88 || alusik then moved cooke across with a line drive to left . || with a drive left then cooke 
89 || the infield was well flooded but the expanded outfield was much too dark . || . the the was was too flooded 
90 || he came all the way around on gardner 's hit before 5777 fans . || 's on he before fans all the way 
91 || this was the first word from jensen on his sudden walkout . || from first on his this was walkout 
92 || `` i told him who i was and he was quite cold . || i him he was cold i was 
93 || the record books , however , would favor the giants ' ace . || . the the ' would books however 
94 || actually they were helpless to do anything about the nationwide policy . || were about the policy to do actually 
95 || there are two more sunday afternoons when the situation will arise . || . the will more there are afternoons 
96 || he succeeds buck shaw , who retired at the end of last season . || , he season the end of retired buck 
97 || in the past the club depended largely on van brocklin 's aerials . || . 's van club in the past largely 
98 || he began his coaching career at pittsburgh central catholic high school in 1949 . || his he school career catholic 1949 pittsburgh 
99 || he was there one season before rejoining the steelers as an assistant coach . || the before one he was as an coach 
100 || his goal was to obtain a national league team for this city . || . a his league was to for this 
101 || the new york franchise is headed by mrs. charles shipman payson . || . by is charles the new york 
102 || he attended new york university before switching to georgetown university in washington . || to he university before new york washington 
103 || the principal speaker will be senator stuart symington , democrat of missouri . || , . of the be speaker stuart 
104 || the ball went off in a majestic arc , an out-of-bounds slice . || the an in a went slice arc 
105 || he hooked the next two out of bounds on the opposite side . || on the he out of side the next 
106 || `` it is possible that i over-corrected `` , he said ruefully . || , . said it is that i 
107 || willie 's partner was long jim barnes , who tried to keep count . || . who long barnes partner to keep willie 
108 || arnold sent for joe dey , the executive secretary of the golf association . || the the for association secretary arnold dey 
109 || he 'll even bull head-on into the rules when he is sure he 's right . || . the 's he even when he sure head-on 
110 || `` i can remove the ball , ca n't i `` ? ? || , the ? n't i can 
111 || `` the pirates showed they could outclass the field last year . || the could year showed the field 
112 || the pirates have a 9-6 record this year and the redbirds are 7-9 . || . the the are year record have a 
113 || 2 the desire to give broglio as many starts as possible ; ; || as ; 2 possible give desire starts 
114 || `` he should be getting back in the groove before long . || . be he before back in the 
115 || st. louis university found a way to win a baseball game . || a university game st. a way to 
116 || the truth is , though , that men react differently to different treatment . || , , . men different the truth differently 
117 || only the families and a dozen close friends will be present . || . a families will be only close 
118 || the bridegroom 's children were here for the christmas holidays and ca n't return . || . the 's were for the holidays ca n't 
119 || mr. wendell and his bride will live in his lake forest house . || . will forest in his and his mr. 
