cluster_num: 0
num_sents: 300
num_words: 4968



People are walking inside a building that has many murals on it

Kids in red shirts are playing in the leaves

The kids are playing outdoors near a man with a smile

Various people are eating at red tables in a crowded restaurant with purple lights

Two young women are not sparring in a kickboxing fight

There is no child lying in the snow and making snow angels

There is no biker jumping in the air

Two dogs are wrestling and hugging

Four girls are doing backbends and playing in the garden

A family is watching a little boy who is hitting a baseball

A man who is playing dunks the basketball into the net and a crowd is in background

There is no deer jumping fences

A purple crowd of people is eating on various red lit restaurant tables

Several people are in front of a colorful building

A brown dog is attacking another animal in front of the man in pants

The man's jumper is in the empty pool

People are walking outside the building that has several murals on it

Two dogs are fighting

The game of basketball consists of a ball being dunked by a man with a jersey

Masked people are looking in the same direction in a forest

Two people are kickboxing and spectators are not watching

A man who is playing is running with the ball in his hands

Five kids are standing close together and one kid has a gun

A motorcycle rider is standing up on the seat of a white motorcycle

Children in red shirts are playing in the leaves

Two people are kickboxing and spectators are watching

A young girl is looking at a woman in costume

A deer is jumping over the enclosure

Three kids are sitting in the leaves

A wild deer is jumping a fence

A child is missing a baseball

A person in a black jacket is doing tricks on a motorbike

A brown dog is attacking another animal in front of the tall man in pants

People are walking outside a building that has many murals on it

Nobody is riding the bicycle on one wheel

Few people are eating at red tables in a restaurant without lights

The player is dunking the basketball into the net and a crowd is in background

A man is jumping into an empty swimming pool

A group of people in a large Asian restaurant is eating

Children covered by leaves are playing with red shirts

Four girls are doing backbends and playing indoors

A man is sitting in a field

Two spectators are kickboxing and some people are watching

Five kids are standing close together and none of the kids has a gun

A group of boys in a yard is playing and a man is standing in the background

There is no man dunking the ball at a basketball game

Five children are standing in front of a hut made of wood

Two women are sparring in a kickboxing match

Five children are standing in a wooden hut

A person is sitting and wearing a grass hat

A little girl is looking at a woman in costume

Two groups of people are playing football

People wearing costumes are gathering in a forest and are looking in the same direction

A little boy is watching a family that is hitting a baseball

A person is riding the bicycle on one wheel

Two people wearing snowsuits are on the ground making snow angels

A person is wearing a hat and is sitting on the grass

A group of kids is playing in a yard and an old man is standing in the background

Two children are lying in the snow and are making snow angels

A lone biker is jumping in the air

Several people are in front of a building which is covered by colors

There is no man in a black jacket doing tricks on a motorbike

A player is running with the ball

The player is missing the basket and a crowd is in background

A deer is jumping a fence

A group of friends are riding the current in a raft

People are looking at some costumes gathered in the vicinity of the forest

Five wooden stands are in front of each child's hut

A player is throwing the ball

The current is being ridden by a group of friends in a raft

A boy is hitting a baseball

A group of children is playing in the house and there is no man standing in the background

The young boys are playing outdoors and the man is smiling nearby

A person is sitting in a field and is wearing a hat

Two young women are sparring in a kickboxing fight

A deer is jumping over a fence

A person on a black motorbike is doing tricks with a jacket

A child is hitting a baseball

Two angels are making snow on the lying children

Two teams are competing in a football match

A large group of Asian people is eating at a restaurant

Three boys are jumping in the leaves

A skilled person is riding a bicycle on one wheel

A group of people from Asia is eating at a restaurant

Two children are lying in the snow and are drawing angels

Four girls are doing backbends and playing outdoors

Nobody is practicing water safety and wearing preservers

Four kids are doing backbends in the park

This group of people is practicing water safety and wearing preservers

Two people in snowsuits are lying in the snow and making snow angels

A man is jumping into an empty pool

A man with a jersey is dunking the ball at a basketball game

Children in red shirts are sleeping in the leaves

A group is not riding the current in a raft

Two teams are competing in a baseball game

A family is watching a boy who is hitting a baseball

Four children are doing backbends in the gym

There is no boy playing outdoors and there is no man smiling

An old man is sitting in a field

Five children are standing in front of a wooden hut

boys	love	it

made	him	human

austere	yet	racy

is	a	complete

to	grant	bail

prospects	look	great

emphasizes	the	birth

to	w.	coast

works	with	the	ends

cars	were	slightly	damaged

can't	hit	anymore

was	born	in

gets	first	win

on	the	air

not	flash	in	pan

that's	hardly	realistic

held	for	trial

up	to	a	year

had	to	know	peddlers

the	sinless	life	of

of	three	report	gains

played	that	way

has	kept	the

son	calls	police

been	working	for	weeks

five	pleaded	innocent

back	with	the

the	streetcar	was	late

will	be	starred

he	hides	the	mayonnaise

hotel	owner	shrugged

stadium	in	works

was	a	vital	detail

otherwise	no	peace	is	possible

polished	the	windshield

ball	floated	downstream

know	enough	to	sue

bluebonnets	and	stagecoach	silhouettes

that	isn't	satisfactory

cut	and	lay-offs

of	parts	were	sought

the	figure	was

law	is	needed

latter	two	are	half-brothers

a	pesticides	co-ordination	act

home	for	rest

kept	in	lineup

deal	with	principles

boomed	a	280-yard	drive

contributed	will	be	acknowledged

is	a	defensive	coach

petition	charged	mental	cruelty

from	on	high

heights	that	is

is	a	bomb

reception	and	tea	followed

must	justify	our	heritage

was	timed	in

fight	on	teamsters

my	reflexes	are	gone

dozen	were	honestly	earned

selection	had	been	expected

plunkers	for	him

officers	gave	this	account

flies	over	house

compensation	is	indispensable

had	a	loving	touch

that	is	simple

and	pepper	each	breast

in	address	are	noted

arm	is	stronger

intend	to	attend

faces	in	places

reported	the	following	breakdown

likes	his	classic	chemise

session	brought	much	good

margin	for	error

the	gas	station	man

backs	confidence	with	dollars

and	five	grandchildren

represented	the	owners

groups	to	meet

range	in	bids

in	fair	condition

of	an	official

g-p	men	served

quick	touchdown	resulted

church	meets	change

sets	off	blast

that	was	not	all

for	nursing	homes

is	due	this	week

export	cotton	ginning	machinery

war	big	test

were	four	ones

disclosed	that	the	builders

all	are	of

they	were	not

set	for	influx

from	a	shelter

did	not	say	by	how	much

committee	rules	it	went	to	a	for	one	week

on	nuclear	test	were	and	changed

also	and	the	radio	system	with	a	central	control	station

figures	would	go	higher	in	later	years

is	going	to	its	sales	law	with	possible	in	mind

he	was	state	and	chief	of	the

that	sales	provide	great	to	the	local	government

political	goes	back	to	his	election	to	city	in

the	campaign	is	expected	to	become	a	campaign	for

reaction	to	the	message	was	along	expected	lines

can	a	man	with	any	degree	of	common	charge	this

in	are	not	required	to	have	the

said	he	had	made	a	personal	attack	on	a	past	president

effective	have	administration	first	foreign	policy	been	in	with

of	the	immediately	as	of	the

the	the	at	an	even	rate

addition	has	studied	at	and	of

his	age	as	and	place	of	birth	as

audience	last	night	did	not	with	either	or	to	mention	of

of	home	for	up	to	days	following	from	a	hospital

regular	for	district	fire	and	first	aid	training	for	section

the	election	campaign	both	and	received	telephone	calls

as	soon	as	possible	on	the	and	of	and

was	no	as	the	passed	the	bill	on	to	the

of	the	fire	was	directed	by	against	and

that	any	future	would	not	become

was	marked	by	phone	calls	and	of

administration	itself	in	favor	of	a

general	has	local	police	that	it	is	their	duty	to	the	blue

present	all	must	be	taken	to	for

said	can	see	signs	of	the	attack	on	the	administration

had	been	expected	for	some	time

who	a	similar	plan	last	year	the	message

said	he	will	ask	to	increase	to	states	for

then	into	what	the	issues	should	be	in	the	campaign

far	from	really	being	is	in	industrial	relations

of	the	college	would	be	in	general	subjects

on	the	aid	of	the	countries	the	conference	to	this

said	this	a	very	serious	of	the	court

will	then	the	study	committee	with	the	governor	said

is	not	interested	in	being	named	a	director

of	title	law	was	also	recommended	by	the

with	whom	studied	law	me	off	the

would	be	paid	for	out	of	general	not

said	the	statement	should	become	a	major	issue	in	the	and	the	fall	campaign

was	critical	of	what	he	is	to	be	too

we'll	have	a	well	planned	forward	looking	honest	platform

were	on	the	floor	and	there	was	no	record

similar	resolution	passed	in	the	by	a	of

steps	would	be	developed	after	information	down	to	the	local	level	from	the	federal	government

it	is	apparent	that	no	formula	has	been	found	to	prevent	such	a

would	still	be	paid	by	the	patient

has	served	as	a	and	was	in	the	of	the

who	last	year	under	the	social	security	system	the	plan

and	again	it	asked	the	to	the	military	situation	in

said	evidence	was	obtained	in	of	the	legal	rights	of

has	been	done	yet	to	take	advantage	of	the

thus	far	there	has	been	no	response	in	kind

was	up	and	prepared	plans	for	with	the	military	in

was	one	of	a	series	of	by	the

spoke	on	the	of	having	an	open

holds	an	of	degree	from	the	of

of	the	indicated	they	knew	they	were	property

for	the	said	that	an	property	has	been	agreed	upon

now	has	no	civil	defense	program

with	a	pistol	stood	by	at	the	to	order

he	added	that	none	of	asked	him	to	offer	the	resolution

tax	would	be	on	those	under	the	system

said	the	care	plan	last	year	should	be	given	a	fair	trial	first

take	out	of	many	of	dollars

has	been	of	with	of	one	brief	since

resolution	which	tossed	into	the	will	be	read

person	will	choose	his	own	doctor	and	hospital

is	a	program	of	of	health	costs	with	freedom	of	choice

of	these	men	is	former	he	said

campaign	to	the	election	was	not	so	quiet	however

can	be	expected	in	coming	weeks	it	was	indicated

to	do	this	will	continue	to	place	a	on

service	for	all	costs	in	of	a	patient

said	the	ordinary	apparently	made	good	his

is	president	of	the	and	is	a	county

had	been	this	week	to	hear	seven	cases	persons

at	the	was	just	like	being	at	church

the	as	and	his	age	as

may	be	highly	to	my	told	the	court

these	as	being	the	reaction	to	basic	made	in	the	previous	administration

of	my	fellow	workers	were	me	for	an	office	in	the

services	at	home	for	up	to	days	an

that	the	city	take	steps	to	this	problem

made	the	while	the	was	out	of	the

me	to	the	right	the	free

is	expected	to	make	the	traditional	visit	to	both	as	they	work	toward

lost	to	the	water	needs	of	big	cities

for	his	part	would	in	without	specific

also	asked	to	of	a	national	child	health

didn't	a	drop	of	and	we	didn't	have	a	bit	of	trouble

normal	work	in	college	is	hours

efforts	were	made	to	remove	from	administration

will	have	to	carry	out	long	since	laid	down	but	never	completely




cluster_num: 1
num_sents: 0
num_words: 32






