cluster_num: 0
num_sents: 144
num_words: 34



Kids in red shirts are playing in the leaves

Various people are eating at red tables in a crowded restaurant with purple lights

There is no child lying in the snow and making snow angels

There is no biker jumping in the air

Two dogs are wrestling and hugging

Four girls are doing backbends and playing in the garden

A family is watching a little boy who is hitting a baseball

A man who is playing dunks the basketball into the net and a crowd is in background

A purple crowd of people is eating on various red lit restaurant tables

Several people are in front of a colorful building

A brown dog is attacking another animal in front of the man in pants

The man's jumper is in the empty pool

People are walking outside the building that has several murals on it

The game of basketball consists of a ball being dunked by a man with a jersey

Masked people are looking in the same direction in a forest

Two people are kickboxing and spectators are not watching

A man who is playing is running with the ball in his hands

Five kids are standing close together and one kid has a gun

A motorcycle rider is standing up on the seat of a white motorcycle

Children in red shirts are playing in the leaves

Two people are kickboxing and spectators are watching

A young girl is looking at a woman in costume

Three kids are sitting in the leaves

A person in a black jacket is doing tricks on a motorbike

A brown dog is attacking another animal in front of the tall man in pants

Few people are eating at red tables in a restaurant without lights

The player is dunking the basketball into the net and a crowd is in background

A group of people in a large Asian restaurant is eating

Four girls are doing backbends and playing indoors

A man is sitting in a field

Two spectators are kickboxing and some people are watching

Five kids are standing close together and none of the kids has a gun

A group of boys in a yard is playing and a man is standing in the background

Five children are standing in front of a hut made of wood

A person is sitting and wearing a grass hat

A little girl is looking at a woman in costume

People wearing costumes are gathering in a forest and are looking in the same direction

A little boy is watching a family that is hitting a baseball

A person is wearing a hat and is sitting on the grass

A group of kids is playing in a yard and an old man is standing in the background

Two children are lying in the snow and are making snow angels

A lone biker is jumping in the air

Several people are in front of a building which is covered by colors

There is no man in a black jacket doing tricks on a motorbike

The player is missing the basket and a crowd is in background

A group of friends are riding the current in a raft

People are looking at some costumes gathered in the vicinity of the forest

Five wooden stands are in front of each child's hut

The current is being ridden by a group of friends in a raft

A group of children is playing in the house and there is no man standing in the background

The young boys are playing outdoors and the man is smiling nearby

A person is sitting in a field and is wearing a hat

A person on a black motorbike is doing tricks with a jacket

A large group of Asian people is eating at a restaurant

Three boys are jumping in the leaves

A group of people from Asia is eating at a restaurant

Two children are lying in the snow and are drawing angels

Four girls are doing backbends and playing outdoors

Nobody is practicing water safety and wearing preservers

Four kids are doing backbends in the park

This group of people is practicing water safety and wearing preservers

Two people in snowsuits are lying in the snow and making snow angels

A man with a jersey is dunking the ball at a basketball game

Children in red shirts are sleeping in the leaves

A group is not riding the current in a raft

A family is watching a boy who is hitting a baseball

Four children are doing backbends in the gym

There is no boy playing outdoors and there is no man smiling

An old man is sitting in a field

Five children are standing in front of a wooden hut

bluebonnets	and	stagecoach	silhouettes

cut	and	lay-offs

reception	and	tea	followed

and	pepper	each	breast

and	five	grandchildren

on	nuclear	test	were	and	changed

also	and	the	radio	system	with	a	central	control	station

is	going	to	its	sales	law	with	possible	in	mind

he	was	state	and	chief	of	the

political	goes	back	to	his	election	to	city	in

the	campaign	is	expected	to	become	a	campaign	for

reaction	to	the	message	was	along	expected	lines

can	a	man	with	any	degree	of	common	charge	this

in	are	not	required	to	have	the

of	the	immediately	as	of	the

addition	has	studied	at	and	of

his	age	as	and	place	of	birth	as

audience	last	night	did	not	with	either	or	to	mention	of

of	home	for	up	to	days	following	from	a	hospital

regular	for	district	fire	and	first	aid	training	for	section

the	election	campaign	both	and	received	telephone	calls

as	soon	as	possible	on	the	and	of	and

was	no	as	the	passed	the	bill	on	to	the

of	the	fire	was	directed	by	against	and

was	marked	by	phone	calls	and	of

administration	itself	in	favor	of	a

general	has	local	police	that	it	is	their	duty	to	the	blue

said	can	see	signs	of	the	attack	on	the	administration

said	he	will	ask	to	increase	to	states	for

then	into	what	the	issues	should	be	in	the	campaign

far	from	really	being	is	in	industrial	relations

of	the	college	would	be	in	general	subjects

on	the	aid	of	the	countries	the	conference	to	this

said	this	a	very	serious	of	the	court

is	not	interested	in	being	named	a	director

of	title	law	was	also	recommended	by	the

said	the	statement	should	become	a	major	issue	in	the	and	the	fall	campaign

was	critical	of	what	he	is	to	be	too

were	on	the	floor	and	there	was	no	record

similar	resolution	passed	in	the	by	a	of

steps	would	be	developed	after	information	down	to	the	local	level	from	the	federal	government

it	is	apparent	that	no	formula	has	been	found	to	prevent	such	a

has	served	as	a	and	was	in	the	of	the

and	again	it	asked	the	to	the	military	situation	in

said	evidence	was	obtained	in	of	the	legal	rights	of

has	been	done	yet	to	take	advantage	of	the

was	up	and	prepared	plans	for	with	the	military	in

was	one	of	a	series	of	by	the

spoke	on	the	of	having	an	open

holds	an	of	degree	from	the	of

of	the	indicated	they	knew	they	were	property

with	a	pistol	stood	by	at	the	to	order

he	added	that	none	of	asked	him	to	offer	the	resolution

take	out	of	many	of	dollars

has	been	of	with	of	one	brief	since

person	will	choose	his	own	doctor	and	hospital

is	a	program	of	of	health	costs	with	freedom	of	choice

of	these	men	is	former	he	said

campaign	to	the	election	was	not	so	quiet	however

can	be	expected	in	coming	weeks	it	was	indicated

to	do	this	will	continue	to	place	a	on

service	for	all	costs	in	of	a	patient

is	president	of	the	and	is	a	county

at	the	was	just	like	being	at	church

the	as	and	his	age	as

these	as	being	the	reaction	to	basic	made	in	the	previous	administration

of	my	fellow	workers	were	me	for	an	office	in	the

services	at	home	for	up	to	days	an

made	the	while	the	was	out	of	the

me	to	the	right	the	free

is	expected	to	make	the	traditional	visit	to	both	as	they	work	toward

lost	to	the	water	needs	of	big	cities

also	asked	to	of	a	national	child	health

didn't	a	drop	of	and	we	didn't	have	a	bit	of	trouble




cluster_num: 1
num_sents: 0
num_words: 5122






