People are walking inside a building that has many murals on it
People are walking outside a building that has many murals on it
0.0005147208079940846
on
0.3583634662911426


Kids in red shirts are playing in the leaves
Children in red shirts are playing in the leaves
0.00034729276778122653
in
0.13181742702464372


The kids are playing outdoors near a man with a smile
A man with a jersey is dunking the ball at a basketball game
0.036702783688180474
the
0.1811348860875669


Various people are eating at red tables in a crowded restaurant with purple lights
effective	have	administration	first	foreign	policy	been	in	with
0.08106054132729057
in
0.22053602358233504


Two young women are not sparring in a kickboxing fight
Two young women are sparring in a kickboxing fight
0.0018632870121687573
in
0.10548069648220015


There is no child lying in the snow and making snow angels
Four girls are doing backbends and playing in the garden
0.01722016692364703
and
0.22434803226222755


There is no biker jumping in the air
A lone biker is jumping in the air
0.02344073485584175
the
0.23574515561543463


Two dogs are wrestling and hugging
Four girls are doing backbends and playing indoors
0.0013220483228973956
and
0.01690615936723905


Four girls are doing backbends and playing in the garden
Two children are lying in the snow and are drawing angels
0.006149628933418638
and
0.22452462906756232


A family is watching a little boy who is hitting a baseball
A family is watching a boy who is hitting a baseball
0.0007791388748169537
a
0.13867341935132482


A man who is playing dunks the basketball into the net and a crowd is in background
The player is missing the basket and a crowd is in background
0.007993950538742745
the
0.22534314917490417


There is no deer jumping fences
otherwise	no	peace	is	possible
0.02434052545468579
is
0.06264873874312193


A purple crowd of people is eating on various red lit restaurant tables
A large group of Asian people is eating at a restaurant
0.05688767814880935
of
0.08237476371950525


Several people are in front of a colorful building
Five children are standing in front of a wooden hut
0.0016642724028840261
of
0.1170771033264949


A brown dog is attacking another animal in front of the man in pants
A brown dog is attacking another animal in front of the tall man in pants
2.2910778488371975e-05
in
0.2795595338282235


The man's jumper is in the empty pool
The player is dunking the basketball into the net and a crowd is in background
0.0697950019125565
the
0.15041128697538264


People are walking outside the building that has several murals on it
Two people wearing snowsuits are on the ground making snow angels
0.057257467403743045
the
0.17526532352757196


Two dogs are fighting
latter	two	are	half-brothers
0.011043827608512968
are
0.027170450941388258


The game of basketball consists of a ball being dunked by a man with a jersey
was	one	of	a	series	of	by	the
0.03116405956129764
of
0.15117310458526267


Masked people are looking in the same direction in a forest
Kids in red shirts are playing in the leaves
0.014141533407460827
in
0.17150775356759607


Two people are kickboxing and spectators are not watching
Two people are kickboxing and spectators are watching
0.0010701922704227096
and
0.05479027189258712


A man who is playing is running with the ball in his hands
A lone biker is jumping in the air
0.06853592833873556
the
0.3131875560582974


Five kids are standing close together and one kid has a gun
Two dogs are wrestling and hugging
0.05011584496772559
and
0.06410498562840294


A motorcycle rider is standing up on the seat of a white motorcycle
spoke	on	the	of	having	an	open
0.05176580878532033
of
0.2694487177492595


Children in red shirts are playing in the leaves
Children in red shirts are sleeping in the leaves
2.3832650610344785e-05
in
0.13226914570404658


Two people are kickboxing and spectators are watching
Two spectators are kickboxing and some people are watching
0.0005279756779058564
and
0.0536705577844


A young girl is looking at a woman in costume
A little girl is looking at a woman in costume
0.001822377231407879
in
0.23269139333282862


A deer is jumping over the enclosure
A player is throwing the ball
0.011781906333539371
the
0.0809801619785866


Three kids are sitting in the leaves
Three boys are jumping in the leaves
0.00024644353335134817
the
0.21789208782313074


A wild deer is jumping a fence
A deer is jumping a fence
6.617628362992622e-05
a
0.07909348466096888


A child is missing a baseball
A child is hitting a baseball
3.54358791747611e-05
a
0.07976416549457399


A person in a black jacket is doing tricks on a motorbike
There is no man in a black jacket doing tricks on a motorbike
0.018611325122009914
a
0.2573630421705416


A brown dog is attacking another animal in front of the tall man in pants
A brown dog is attacking another animal in front of the man in pants
2.2910778488371975e-05
in
0.27956584675882135


People are walking outside a building that has many murals on it
People are walking inside a building that has many murals on it
0.0005147208079940846
on
0.3582636071092261


Nobody is riding the bicycle on one wheel
A person is riding the bicycle on one wheel
0.026194787948934706
the
0.14209107343081717


Few people are eating at red tables in a restaurant without lights
Two teams are competing in a baseball game
0.045448023423732886
in
0.13241406776688835


The player is dunking the basketball into the net and a crowd is in background
The player is missing the basket and a crowd is in background
0.01379263972726641
the
0.13585874184269708


A man is jumping into an empty swimming pool
A man is jumping into an empty pool
0.00011128371613911003
a
0.27318369347470883


A group of people in a large Asian restaurant is eating
administration	itself	in	favor	of	a
0.023459618765356627
of
0.16348996386462822


Children covered by leaves are playing with red shirts
deal	with	principles
0.23990819478221048
with
0.23959883964412432


Four girls are doing backbends and playing indoors
Four girls are doing backbends and playing outdoors
1.027034013989514e-05
and
0.01624607897522845


A man is sitting in a field
An old man is sitting in a field
0.025318557583112744
in
0.22876733577363983


Two spectators are kickboxing and some people are watching
Two people are kickboxing and spectators are watching
0.0005279756779058564
and
0.05407993577231485


Five kids are standing close together and none of the kids has a gun
he	was	state	and	chief	of	the
0.019595703951720833
of
0.2482622386321639


A group of boys in a yard is playing and a man is standing in the background
A group of kids is playing in a yard and an old man is standing in the background
0.0025704393648929846
in
0.3221767199472487


There is no man dunking the ball at a basketball game
A player is throwing the ball
0.03603430382967021
the
0.11328914840182835


Five children are standing in front of a hut made of wood
Five children are standing in front of a wooden hut
0.022296406416827952
of
0.03798890270149935


Two women are sparring in a kickboxing match
Two teams are competing in a football match
0.0015120225577174295
in
0.1019754286866027


Five children are standing in a wooden hut
Two teams are competing in a baseball game
0.0033156934674960503
in
0.0990340980027341


A person is sitting and wearing a grass hat
Five kids are standing close together and one kid has a gun
0.05691759178816813
and
0.1474662368312224


A little girl is looking at a woman in costume
A young girl is looking at a woman in costume
0.001822377231407879
in
0.2323421666154737


Two groups of people are playing football
all	are	of
0.003332782235677789
of
0.012037680339739731


People wearing costumes are gathering in a forest and are looking in the same direction
Two people in snowsuits are lying in the snow and making snow angels
0.00922525709871913
in
0.2102062768228301


A little boy is watching a family that is hitting a baseball
A family is watching a little boy who is hitting a baseball
0.043480858798658484
a
0.16919307174984344


A person is riding the bicycle on one wheel
Nobody is riding the bicycle on one wheel
0.026194787948934706
the
0.14089822212332248


Two people wearing snowsuits are on the ground making snow angels
Two angels are making snow on the lying children
0.004133227814382079
the
0.1300457127219875


A person is wearing a hat and is sitting on the grass
A man who is playing dunks the basketball into the net and a crowd is in background
0.05974290143791605
and
0.30346404357932155


A group of kids is playing in a yard and an old man is standing in the background
A group of boys in a yard is playing and a man is standing in the background
0.0025704393648929846
in
0.30831474321496477


Two children are lying in the snow and are making snow angels
Two children are lying in the snow and are drawing angels
0.00027668785979095833
and
0.22112117214171223


A lone biker is jumping in the air
A group is not riding the current in a raft
0.014180436717515343
the
0.21246496550142702


Several people are in front of a building which is covered by colors
Several people are in front of a colorful building
0.03903337076371571
of
0.1763433921898584


There is no man in a black jacket doing tricks on a motorbike
A person in a black jacket is doing tricks on a motorbike
0.018611325122009914
in
0.25636976548215573


A player is running with the ball
The kids are playing outdoors near a man with a smile
0.04184575696805082
the
0.17104118948274327


The player is missing the basket and a crowd is in background
A man who is playing dunks the basketball into the net and a crowd is in background
0.007993950538742745
the
0.22040495680576588


A deer is jumping a fence
A wild deer is jumping a fence
6.617628362992622e-05
a
0.07903493507711978


A group of friends are riding the current in a raft
The current is being ridden by a group of friends in a raft
0.02745260108715364
of
0.27117555886689104


People are looking at some costumes gathered in the vicinity of the forest
A group of friends are riding the current in a raft
0.048908609118429536
the
0.27204914191189233


Five wooden stands are in front of each child's hut
Five children are standing in front of a wooden hut
0.07578209931693225
of
0.16317049464725153


A player is throwing the ball
A deer is jumping over the enclosure
0.011781906333539371
the
0.06897494959134542


The current is being ridden by a group of friends in a raft
similar	resolution	passed	in	the	by	a	of
0.012582465678775745
of
0.3028277457801837


A boy is hitting a baseball
A deer is jumping a fence
0.0016896166599869034
a
0.0798514486499946


A group of children is playing in the house and there is no man standing in the background
A group of kids is playing in a yard and an old man is standing in the background
0.01875224379247864
in
0.34981891672560106


The young boys are playing outdoors and the man is smiling nearby
The player is dunking the basketball into the net and a crowd is in background
0.03256124085321399
the
0.15335731465637747


A person is sitting in a field and is wearing a hat
A person is sitting and wearing a grass hat
0.05702532170834673
and
0.24402817089333895


Two young women are sparring in a kickboxing fight
Two young women are not sparring in a kickboxing fight
0.0018632870121687573
in
0.10287064227164955


A deer is jumping over a fence
A deer is jumping a fence
0.026182181251295678
a
0.10544273055333586


A person on a black motorbike is doing tricks with a jacket
A skilled person is riding a bicycle on one wheel
0.10096326207630635
a
0.2183733898080391


A child is hitting a baseball
A child is missing a baseball
3.54358791747611e-05
a
0.07975592000156229


Two angels are making snow on the lying children
Two people wearing snowsuits are on the ground making snow angels
0.004133227814382079
the
0.12844400594743954


Two teams are competing in a football match
Two women are sparring in a kickboxing match
0.0015120225577174295
in
0.10142665426167541


A large group of Asian people is eating at a restaurant
A group of people from Asia is eating at a restaurant
0.020180917485814964
of
0.11474618110807722


Three boys are jumping in the leaves
Three kids are sitting in the leaves
0.00024644353335134817
the
0.21796573515922424


A skilled person is riding a bicycle on one wheel
said	he	had	made	a	personal	attack	on	a	past	president
0.08509743780674539
a
0.21188635909373565


A group of people from Asia is eating at a restaurant
A large group of Asian people is eating at a restaurant
0.020180917485814964
of
0.13850189075827735


Two children are lying in the snow and are drawing angels
Two children are lying in the snow and are making snow angels
0.00027668785979095833
and
0.22092906577504245


Four girls are doing backbends and playing outdoors
Four girls are doing backbends and playing indoors
1.027034013989514e-05
and
0.016243628576495306


Nobody is practicing water safety and wearing preservers
bluebonnets	and	stagecoach	silhouettes
0.030569897092955656
and
0.03056716894920053


Four kids are doing backbends in the park
Three kids are sitting in the leaves
0.007308475284205862
the
0.22341526845903148


This group of people is practicing water safety and wearing preservers
addition	has	studied	at	and	of
0.018384908759538132
of
0.14674213309117756


Two people in snowsuits are lying in the snow and making snow angels
People wearing costumes are gathering in a forest and are looking in the same direction
0.00922525709871913
in
0.1816202887031345


A man is jumping into an empty pool
A man is jumping into an empty swimming pool
0.00011128371613911003
a
0.2730505494401577


A man with a jersey is dunking the ball at a basketball game
The kids are playing outdoors near a man with a smile
0.036702783688180474
a
0.20463384724954137


Children in red shirts are sleeping in the leaves
Children in red shirts are playing in the leaves
2.3832650610344785e-05
in
0.13226173116777074


A group is not riding the current in a raft
A lone biker is jumping in the air
0.014180436717515343
the
0.22240832937298116


Two teams are competing in a baseball game
Two teams are competing in a football match
0.0020496119446039573
in
0.09983774603216311


A family is watching a boy who is hitting a baseball
A family is watching a little boy who is hitting a baseball
0.0007791388748169537
a
0.13813586066301464


Four children are doing backbends in the gym
Three kids are sitting in the leaves
0.0013327379326131261
the
0.21814500395806846


There is no boy playing outdoors and there is no man smiling
Nobody is practicing water safety and wearing preservers
0.03149683134702652
and
0.09530092668027879


An old man is sitting in a field
is	not	interested	in	being	named	a	director
0.013785991494454142
in
0.13661071372455658


Five children are standing in front of a wooden hut
Several people are in front of a colorful building
0.0016642724028840261
of
0.11578737764139047


boys	love	it
People are walking outside the building that has several murals on it
0.49237313011150896
it
0.056287640809782324


made	him	human
said	the	ordinary	apparently	made	good	his
0.6799086374482428
him
0.06854607538675506


austere	yet	racy
A person is sitting in a field and is wearing a hat
0.9082150459226006
yet
0.009307892067928258


is	a	complete
is	a	defensive	coach
0.00048296332248687346
a
0.2261505416402102


to	grant	bail
intend	to	attend
0.00040755428224781287
to
0.0004015750411755503


prospects	look	great
Five kids are standing close together and one kid has a gun
0.9241281756517711
look
0.1442970091253667


emphasizes	the	birth
polished	the	windshield
2.451350352716819e-05
the
2.013209519458048e-05


to	w.	coast
intend	to	attend
0.0004950212921807084
to
0.0004890541875637311


works	with	the	ends
back	with	the
0.002968081631172126
the
0.1532489382890504


cars	were	slightly	damaged
dozen	were	honestly	earned
0.015609350773684083
were
0.014975218450382188


can't	hit	anymore
There is no boy playing outdoors and there is no man smiling
0.9315478723004028
hit
0.011724417760270778


was	born	in
was	timed	in
4.595958797259936e-05
in
0.05590336172398658


gets	first	win
A person is sitting in a field and is wearing a hat
0.9039668345435948
win
0.2254353904384202


on	the	air
tax	would	be	on	those	under	the	system
0.01396807689947177
the
0.10246596041019995


not	flash	in	pan
kept	in	lineup
0.004245435052911972
in
0.004073910263309499


that's	hardly	realistic
A person is sitting and wearing a grass hat
0.9588259896956918
hardly
0.25483849616198084


held	for	trial
margin	for	error
0.0030159313900027795
for
0.0021270059422356935


up	to	a	year
to	do	this	will	continue	to	place	a	on
0.07428502120920544
to
0.09634236848402677


had	to	know	peddlers
had	been	this	week	to	hear	seven	cases	persons
0.003957207203634461
to
0.019374391015584358


the	sinless	life	of
of	the	immediately	as	of	the
0.003073513459360133
of
0.13937952213094262


of	three	report	gains
of	an	official
0.0028416502193702176
of
0.0016470776611984261


played	that	way
that	isn't	satisfactory
0.019331680620289893
that
0.019309843126342763


has	kept	the
polished	the	windshield
0.01057379705751127
the
0.010570884518774193


son	calls	police
There is no boy playing outdoors and there is no man smiling
0.9454738182820221
son
0.23706386236574517


been	working	for	weeks
margin	for	error
0.005750592757571393
for
0.004858758250865902


five	pleaded	innocent
Five children are standing in a wooden hut
0.9249486791215602
five
0.04425331999037696


back	with	the
works	with	the	ends
0.002968081631172126
the
0.15485007566287634


the	streetcar	was	late
the	figure	was
0.0004616004459814249
the
0.044190190757310566


will	be	starred
contributed	will	be	acknowledged
0.003430815069130344
will
0.17865001378845768


he	hides	the	mayonnaise
polished	the	windshield
0.00446512029527435
the
0.004461407932287442


hotel	owner	shrugged
selection	had	been	expected
0.9535308356267461
hotel
0.04662314290994962


stadium	in	works
kept	in	lineup
0.0011093083703513917
in
0.0009181024295701334


was	a	vital	detail
had	a	loving	touch
0.1485529887478393
a
0.22110794508167186


otherwise	no	peace	is	possible
There is no deer jumping fences
0.02434052545468579
is
0.0651291804506765


polished	the	windshield
emphasizes	the	birth
2.451350352716819e-05
the
4.381912649176201e-06


ball	floated	downstream
There is no man dunking the ball at a basketball game
0.9688612283469917
ball
0.019166261739404056


know	enough	to	sue
intend	to	attend
0.0027487894977656913
to
0.0027441039325407646


bluebonnets	and	stagecoach	silhouettes
cut	and	lay-offs
0.00015459869142331328
and
2.6185087064201085e-06


that	isn't	satisfactory
played	that	way
0.019331680620289893
that
2.2846834190515253e-05


cut	and	lay-offs
bluebonnets	and	stagecoach	silhouettes
0.00015459869142331328
and
0.00015213464888497175


of	parts	were	sought
of	an	official
0.007535761268489427
of
0.0063483619394336666


the	figure	was
the	streetcar	was	late
0.0004616004459814249
the
0.04459747220050703


law	is	needed
compensation	is	indispensable
0.024726338516293023
is
0.024342387016080158


latter	two	are	half-brothers
Two dogs are fighting
0.011043827608512968
are
0.01627734261385727


a	pesticides	co-ordination	act
boomed	a	280-yard	drive
0.022349109964784897
a
0.009942148995335187


home	for	rest
for	nursing	homes
0.006359574021677639
for
0.00703852972526664


kept	in	lineup
faces	in	places
0.0006690427695850154
in
0.00019921776602849217


deal	with	principles
backs	confidence	with	dollars
0.001741657494885307
with
0.0007522809951605591


boomed	a	280-yard	drive
a	pesticides	co-ordination	act
0.022349109964784897
a
0.01254892475795688


contributed	will	be	acknowledged
will	be	starred
0.003430815069130344
will
0.18067732350407717


is	a	defensive	coach
is	a	complete
0.00048296332248687346
a
0.22665507108673255


petition	charged	mental	cruelty
A person is wearing a hat and is sitting on the grass
0.9685522301865764
charged
0.27207637617620195


from	on	high
fight	on	teamsters
0.21109298221898642
on
0.2110714475997718


heights	that	is
that	is	simple
0.01136972954530513
that
0.18453582637564303


is	a	bomb
is	a	complete
0.001674782613938941
a
0.22769808592182694


reception	and	tea	followed
bluebonnets	and	stagecoach	silhouettes
0.00039675860159671394
and
0.00039411079028095486


must	justify	our	heritage
The young boys are playing outdoors and the man is smiling nearby
0.6598425043821923
must
0.2840631439172493


was	timed	in
was	born	in
4.595958797259936e-05
in
0.05585390128832124


fight	on	teamsters
from	on	high
0.21109298221898642
on
0.00012788452352752167


my	reflexes	are	gone
latter	two	are	half-brothers
0.0355318342036407
are
0.0215830752563142


dozen	were	honestly	earned
were	four	ones
0.014626256375950497
were
0.0006443675708739383


selection	had	been	expected
had	a	loving	touch
0.48443595202658096
had
0.017794930176800117


plunkers	for	him
margin	for	error
0.032464373646778455
for
0.031601517801624124


officers	gave	this	account
the	streetcar	was	late
0.6441663087955118
this
0.2975098741294201


flies	over	house
A deer is jumping over a fence
0.7297640759945089
over
0.11101823425069646


compensation	is	indispensable
arm	is	stronger
0.009806099810890756
is
0.0004006721638994959


had	a	loving	touch
a	pesticides	co-ordination	act
0.13716528838265807
a
0.12944332439312234


that	is	simple
heights	that	is
0.01136972954530513
that
0.17618872416504527


and	pepper	each	breast
bluebonnets	and	stagecoach	silhouettes
0.0018757952717378679
and
0.0018736997955977053


in	address	are	noted
kept	in	lineup
0.03290838062557455
in
0.03291278240289863


arm	is	stronger
compensation	is	indispensable
0.009806099810890756
is
0.009415839819878702


intend	to	attend
to	grant	bail
0.00040755428224781287
to
5.997630667664566e-06


faces	in	places
kept	in	lineup
0.0006690427695850154
in
0.00047005076119999156


reported	the	following	breakdown
polished	the	windshield
0.000642447289363246
the
0.0006381851593383336


likes	his	classic	chemise
said	the	ordinary	apparently	made	good	his
0.4462997311314335
his
0.004417783572997491


session	brought	much	good
we'll	have	a	well	planned	forward	looking	honest	platform
0.8753287305326709
session
0.3221562745230687


margin	for	error
for	nursing	homes
0.002531446260038206
for
0.0008984863721929193


the	gas	station	man
polished	the	windshield
0.004685540921064879
the
0.004681270583577479


backs	confidence	with	dollars
deal	with	principles
0.001741657494885307
with
0.0009949471986422376


and	five	grandchildren
bluebonnets	and	stagecoach	silhouettes
0.0002567122694084878
and
0.00025408689458172873


represented	the	owners
polished	the	windshield
0.00015500169299353939
the
0.0001507378185104935


groups	to	meet
intend	to	attend
0.0011135233439047987
to
0.0011077415611976393


range	in	bids
kept	in	lineup
0.004156157007989436
in
0.003958810110807343


in	fair	condition
kept	in	lineup
0.0027099613904834063
in
0.00251376796670022


of	an	official
of	three	report	gains
0.0028416502193702176
of
0.0013058004777999344


g-p	men	served
There is no boy playing outdoors and there is no man smiling
0.9186432680198265
men
0.024389139399203175


quick	touchdown	resulted
A group of kids is playing in a yard and an old man is standing in the background
0.962448619301121
quick
0.19373368925448908


church	meets	change
at	the	was	just	like	being	at	church
0.9440133519795796
church
0.20867505205555392


sets	off	blast
with	whom	studied	law	me	off	the
0.8111120146986238
off
0.0039925171602116505


that	was	not	all
that	any	future	would	not	become
0.15864275810337292
that
0.18782024249988183


for	nursing	homes
margin	for	error
0.002531446260038206
for
0.0016349078497767122


is	due	this	week
compensation	is	indispensable
0.031467156283741415
is
0.031127449304029997


export	cotton	ginning	machinery
also	and	the	radio	system	with	a	central	control	station
0.9563689070626556
cotton
0.28169953008418946


war	big	test
on	nuclear	test	were	and	changed
0.9558339154954718
war
0.1277091424058755


were	four	ones
dozen	were	honestly	earned
0.014626256375950497
were
0.014063466651272893


disclosed	that	the	builders
he	hides	the	mayonnaise
0.06562795638395369
the
0.06675442055037606


all	are	of
Two groups of people are playing football
0.003332782235677789
of
0.010138755686670442


they	were	not
dozen	were	honestly	earned
0.07630659201285672
were
0.07603919420161565


set	for	influx
margin	for	error
0.003235326683628914
for
0.0023720379958888094


from	a	shelter
a	pesticides	co-ordination	act
0.3181067908470202
from
0.21981372368688767


did	not	say	by	how	much
Children covered by leaves are playing with red shirts
0.32260428453828927
by
0.015635123555366004


committee	rules	it	went	to	a	for	one	week
present	all	must	be	taken	to	for
0.05859804362381438
to
0.1406052596271331


on	nuclear	test	were	and	changed
bluebonnets	and	stagecoach	silhouettes
0.0809953088797849
and
0.08099219908373823


also	and	the	radio	system	with	a	central	control	station
the	election	campaign	both	and	received	telephone	calls
0.07542839279183766
and
0.30306357490063296


figures	would	go	higher	in	later	years
kept	in	lineup
0.014935797266628525
in
0.014933455440387933


is	going	to	its	sales	law	with	possible	in	mind
political	goes	back	to	his	election	to	city	in
0.13068188721633656
to
0.27202914168889425


he	was	state	and	chief	of	the
Five kids are standing close together and none of the kids has a gun
0.019595703951720833
of
0.22262012244471052


that	sales	provide	great	to	the	local	government
that	the	city	take	steps	to	this	problem
0.002898383094739776
to
0.28309372913955244


political	goes	back	to	his	election	to	city	in
intend	to	attend
0.0635532350200686
to
0.0635605896010919


the	campaign	is	expected	to	become	a	campaign	for
campaign	to	the	election	was	not	so	quiet	however
0.0713514929824468
the
0.31519619455059134


reaction	to	the	message	was	along	expected	lines
campaign	to	the	election	was	not	so	quiet	however
0.0025892761414656462
to
0.25807214648702614


can	a	man	with	any	degree	of	common	charge	this
is	a	program	of	of	health	costs	with	freedom	of	choice
0.04239864849846742
of
0.09632148005761598


in	are	not	required	to	have	the
these	as	being	the	reaction	to	basic	made	in	the	previous	administration
0.061444185482773306
to
0.31994547349717506


said	he	had	made	a	personal	attack	on	a	past	president
A skilled person is riding a bicycle on one wheel
0.08509743780674539
a
0.2210245313821484


effective	have	administration	first	foreign	policy	been	in	with
Various people are eating at red tables in a crowded restaurant with purple lights
0.08106054132729057
in
0.1836741549244858


of	the	immediately	as	of	the
the	sinless	life	of
0.003073513459360133
of
0.1407301327157825


the	the	at	an	even	rate
polished	the	windshield
0.014323792665663082
the
0.01432203582605851


addition	has	studied	at	and	of
This group of people is practicing water safety and wearing preservers
0.018384908759538132
of
0.14694431496196325


his	age	as	and	place	of	birth	as
addition	has	studied	at	and	of
0.03476817765980522
of
0.16580193164236479


audience	last	night	did	not	with	either	or	to	mention	of
also	asked	to	of	a	national	child	health
0.06110725211358847
of
0.18999086024123502


of	home	for	up	to	days	following	from	a	hospital
also	asked	to	of	a	national	child	health
0.05253729495092485
of
0.22061997831458258


regular	for	district	fire	and	first	aid	training	for	section
and	pepper	each	breast
0.2019541690934028
and
0.20240864483113075


the	election	campaign	both	and	received	telephone	calls
The young boys are playing outdoors and the man is smiling nearby
0.03378833957502991
and
0.22855109637103355


as	soon	as	possible	on	the	and	of	and
he	was	state	and	chief	of	the
0.05281064147634218
and
0.18128413333922533


was	no	as	the	passed	the	bill	on	to	the
me	to	the	right	the	free
0.029740132760038174
the
0.08226896146347029


of	the	fire	was	directed	by	against	and
he	was	state	and	chief	of	the
0.024119059478732496
of
0.2535725105745186


that	any	future	would	not	become
that	isn't	satisfactory
0.044402342042918486
that
0.04440243662286991


was	marked	by	phone	calls	and	of
This group of people is practicing water safety and wearing preservers
0.04012248329272161
of
0.17584216074593595


administration	itself	in	favor	of	a
Five children are standing in front of a wooden hut
0.007372299359425072
of
0.10687252445782147


general	has	local	police	that	it	is	their	duty	to	the	blue
that	the	city	take	steps	to	this	problem
0.031058307040786826
the
0.2935280914724686


present	all	must	be	taken	to	for
said	he	will	ask	to	increase	to	states	for
0.025179941542026962
to
0.08640876584950663


said	can	see	signs	of	the	attack	on	the	administration
made	the	while	the	was	out	of	the
0.037714091468111
the
0.23188055180739786


had	been	expected	for	some	time
been	working	for	weeks
0.08570760489541218
for
0.08803710652093832


who	a	similar	plan	last	year	the	message
said	the	care	plan	last	year	should	be	given	a	fair	trial	first
0.019321018615731544
the
0.04539484586451892


said	he	will	ask	to	increase	to	states	for
present	all	must	be	taken	to	for
0.025179941542026962
to
0.031836897410612464


then	into	what	the	issues	should	be	in	the	campaign
said	the	statement	should	become	a	major	issue	in	the	and	the	fall	campaign
0.04590878669127185
the
0.07724453926009811


far	from	really	being	is	in	industrial	relations
normal	work	in	college	is	hours
0.08721278648599662
in
0.13325380135820875


of	the	college	would	be	in	general	subjects
of	my	fellow	workers	were	me	for	an	office	in	the
0.027716354212209415
of
0.19008957210191058


on	the	aid	of	the	countries	the	conference	to	this
made	the	while	the	was	out	of	the
0.04990480807146924
the
0.16586369864088113


said	this	a	very	serious	of	the	court
the	sinless	life	of
0.020870135002583057
of
0.19627770245553067


will	then	the	study	committee	with	the	governor	said
works	with	the	ends
0.03634960842845203
the
0.054756435181860796


is	not	interested	in	being	named	a	director
An old man is sitting in a field
0.013785991494454142
in
0.11901090996215935


of	title	law	was	also	recommended	by	the
was	one	of	a	series	of	by	the
0.030141223971961506
of
0.1905961868925351


with	whom	studied	law	me	off	the
works	with	the	ends
0.0192547964620724
the
0.16423025911463884


would	be	paid	for	out	of	general	not
take	out	of	many	of	dollars
0.04804480760254337
of
0.060607717053146604


said	the	statement	should	become	a	major	issue	in	the	and	the	fall	campaign
The player is dunking the basketball into the net and a crowd is in background
0.014600877302880289
the
0.10107215219365207


was	critical	of	what	he	is	to	be	too
also	asked	to	of	a	national	child	health
0.040416230009459486
of
0.16493559783379863


we'll	have	a	well	planned	forward	looking	honest	platform
a	pesticides	co-ordination	act
0.06924053559393883
a
0.060966087380374456


were	on	the	floor	and	there	was	no	record
the	election	campaign	both	and	received	telephone	calls
0.06105781061744264
and
0.21638701548547212


similar	resolution	passed	in	the	by	a	of
The current is being ridden by a group of friends in a raft
0.012582465678775745
of
0.26356163099370866


steps	would	be	developed	after	information	down	to	the	local	level	from	the	federal	government
me	to	the	right	the	free
0.025123428897097178
the
0.1328238201556995


it	is	apparent	that	no	formula	has	been	found	to	prevent	such	a
is	expected	to	make	the	traditional	visit	to	both	as	they	work	toward
0.11917187122567696
to
0.1797217950689085


would	still	be	paid	by	the	patient
represented	the	owners
0.1168152531123765
the
0.11681871392757859


has	served	as	a	and	was	in	the	of	the
A group of children is playing in the house and there is no man standing in the background
0.02317554223219076
the
0.3317456913648541


who	last	year	under	the	social	security	system	the	plan
polished	the	windshield
0.005879977061379549
the
0.005876289390110756


and	again	it	asked	the	to	the	military	situation	in
these	as	being	the	reaction	to	basic	made	in	the	previous	administration
0.051478940053852784
the
0.2446967395133538


said	evidence	was	obtained	in	of	the	legal	rights	of
holds	an	of	degree	from	the	of
0.03307687133891635
of
0.07371518361813811


has	been	done	yet	to	take	advantage	of	the
lost	to	the	water	needs	of	big	cities
0.002876215434828855
of
0.22864047862353654


thus	far	there	has	been	no	response	in	kind
kept	in	lineup
0.026594633094263243
in
0.026614502152134234


was	up	and	prepared	plans	for	with	the	military	in
There is no child lying in the snow and making snow angels
0.07498481374466381
and
0.26627122409963977


was	one	of	a	series	of	by	the
holds	an	of	degree	from	the	of
0.025470597170636045
of
0.0836713541970141


spoke	on	the	of	having	an	open
of	the	immediately	as	of	the
0.03077079891800505
of
0.17230003509520642


holds	an	of	degree	from	the	of
was	one	of	a	series	of	by	the
0.025470597170636045
of
0.05286911051649379


of	the	indicated	they	knew	they	were	property
the	sinless	life	of
0.00737259617648911
of
0.14077500451330027


for	the	said	that	an	property	has	been	agreed	upon
disclosed	that	the	builders
0.09848642986500611
the
0.16733397488381818


now	has	no	civil	defense	program
There is no deer jumping fences
0.45880108475542636
has
0.22763625108462127


with	a	pistol	stood	by	at	the	to	order
may	be	highly	to	my	told	the	court
0.13356943042045255
the
0.3343468091192403


he	added	that	none	of	asked	him	to	offer	the	resolution
lost	to	the	water	needs	of	big	cities
0.017365430537150783
of
0.2530440628410041


tax	would	be	on	those	under	the	system
on	the	air
0.01396807689947177
the
0.11647170588781885


said	the	care	plan	last	year	should	be	given	a	fair	trial	first
who	a	similar	plan	last	year	the	message
0.019321018615731544
the
0.05602977167196643


take	out	of	many	of	dollars
of	an	official
0.005408621529060298
of
0.004296229521427386


has	been	of	with	of	one	brief	since
is	a	program	of	of	health	costs	with	freedom	of	choice
0.006005976513073108
of
0.02058942980896361


resolution	which	tossed	into	the	will	be	read
represented	the	owners
0.05019791742260693
the
0.050222887363478574


person	will	choose	his	own	doctor	and	hospital
bluebonnets	and	stagecoach	silhouettes
0.01889268911941544
and
0.01888992990933991


is	a	program	of	of	health	costs	with	freedom	of	choice
has	been	of	with	of	one	brief	since
0.006005976513073108
of
0.01428533185253622


of	these	men	is	former	he	said
is	a	program	of	of	health	costs	with	freedom	of	choice
0.024237830040509944
of
0.026034883024207645


campaign	to	the	election	was	not	so	quiet	however
reaction	to	the	message	was	along	expected	lines
0.0025892761414656462
to
0.25802830426190715


can	be	expected	in	coming	weeks	it	was	indicated
was	timed	in
0.02397188423756158
in
0.07966614823655516


to	do	this	will	continue	to	place	a	on
intend	to	attend
0.046860649836596546
to
0.04686587245174956


service	for	all	costs	in	of	a	patient
administration	itself	in	favor	of	a
0.028109396513053775
of
0.142510582381558


said	the	ordinary	apparently	made	good	his
polished	the	windshield
0.026227244810842598
the
0.026226891540376718


is	president	of	the	and	is	a	county
Five kids are standing close together and none of the kids has a gun
0.02103794887136967
of
0.26017093532113167


had	been	this	week	to	hear	seven	cases	persons
had	to	know	peddlers
0.003957207203634461
to
0.023200190989533076


at	the	was	just	like	being	at	church
There is no man dunking the ball at a basketball game
0.10218697705164881
the
0.1949820771007681


the	as	and	his	age	as
the	election	campaign	both	and	received	telephone	calls
0.04512227494741927
and
0.2549834209217825


may	be	highly	to	my	told	the	court
reaction	to	the	message	was	along	expected	lines
0.022239103882951583
to
0.2565043984171397


these	as	being	the	reaction	to	basic	made	in	the	previous	administration
and	again	it	asked	the	to	the	military	situation	in
0.051478940053852784
the
0.17142873696461347


of	my	fellow	workers	were	me	for	an	office	in	the
of	the	college	would	be	in	general	subjects
0.027716354212209415
of
0.22519678003058352


services	at	home	for	up	to	days	an
present	all	must	be	taken	to	for
0.06757833708253258
to
0.1490071658609483


that	the	city	take	steps	to	this	problem
that	sales	provide	great	to	the	local	government
0.002898383094739776
the
0.28340315850404607


made	the	while	the	was	out	of	the
said	can	see	signs	of	the	attack	on	the	administration
0.037714091468111
the
0.12691289403270767


me	to	the	right	the	free
steps	would	be	developed	after	information	down	to	the	local	level	from	the	federal	government
0.025123428897097178
the
0.1051279244757759


is	expected	to	make	the	traditional	visit	to	both	as	they	work	toward
may	be	highly	to	my	told	the	court
0.059796793892959554
to
0.1084256846425895


lost	to	the	water	needs	of	big	cities
has	been	done	yet	to	take	advantage	of	the
0.002876215434828855
of
0.2287325102673492


for	his	part	would	in	without	specific
figures	would	go	higher	in	later	years
0.1365373507388894
in
0.1380359799173072


also	asked	to	of	a	national	child	health
was	critical	of	what	he	is	to	be	too
0.040416230009459486
of
0.15860203846656162


didn't	a	drop	of	and	we	didn't	have	a	bit	of	trouble
Five children are standing in front of a hut made of wood
0.042523946749820074
of
0.06551399488766219


normal	work	in	college	is	hours
thus	far	there	has	been	no	response	in	kind
0.06455212968485213
in
0.06682216938155683


efforts	were	made	to	remove	from	administration
intend	to	attend
0.08532239792407148
to
0.0853400769773851


will	have	to	carry	out	long	since	laid	down	but	never	completely
intend	to	attend
0.0728591521024381
to
0.07288182406783195


