on
in
0.7629077012066502
on
0.0


in
in
0.0
in
0.0


the
a
0.520686037837987
the
0.0


in
in
0.0
in
0.0


is
has
0.533183777441
is
0.0


of
and
0.7311742522344974
of
0.0


are
were
0.5297933507146794
are
0.0


and
is
0.5869956530406684
and
0.0


a
the
0.520686037837987
a
0.0


with
in
0.8278942564416342
with
0.0


it
the
0.5342049433502705
it
0.0


to
and
0.7839205922385446
to
0.0


were
were
0.0
were
0.0


hit
and
0.9403587101622373
hit
0.0


hardly
and
0.9589156515979969
hardly
0.0


son
has
0.9821367235881303
son
0.0


for
and
0.7790440045444765
for
0.0


five
a
0.939375320912273
five
0.0


will
is
0.6551384415363164
will
0.0


hotel
and
0.9687657060772825
hotel
0.0


ball
and
0.9780878454163849
ball
0.0


charged
and
0.9828560153612621
charged
0.0


over
in
0.8893157031214721
over
0.0


his
the
0.5672225026526418
his
0.0


session
is
0.9831747864568854
session
0.0


men
and
0.946023350594342
men
0.0


quick
ball
0.9793265157129996
quick
0.0


church
and
0.9735655743104191
church
0.0


off
it
0.9279274239366673
off
0.0


cotton
and
0.9759910224157665
cotton
0.0


were
were
0.0
were
0.0


war
a
0.9881118475642379
war
0.0


from
and
0.8280152510401669
from
0.0


by
in
0.8179673459933295
by
0.0


that
it
0.8228215203032908
that
0.0


has
is
0.533183777441
has
0.0


