0 || `` failure to do this will continue to place a disproportionate burden `` on fulton taxpayers . || . to on a do will failure burden 
1 || attorneys for the mayor said that an amicable property settlement has been agreed upon . || for the upon property has been said that 
2 || the petition listed the mayor 's occupation as `` attorney `` and his age as 71 . || . the as mayor and his occupation listed 
3 || it listed his wife 's age as 74 and place of birth as opelika , ala. . || , . of and as it age his wife 
4 || hartsfield has been mayor of atlanta , with exception of one brief interlude , since 1937 . || , , . of one has been exception 
5 || when the gubernatorial campaign starts , caldwell is expected to become a campaign coordinator for byrd . || , . for is campaign campaign when the to become 
6 || but he added that none of georgia 's congressmen specifically asked him to offer the resolution . || . of the 's that him to specifically but he 
7 || it was marked by controversy , anonymous midnight phone calls and veiled threats of violence . || , by it was calls violence threats midnight 
8 || there was no debate as the senate passed the bill on to the house . || . to the as the bill passed there was no 
9 || all dallas members voted with roberts , except rep. bill jones , who was absent . || , , . with was all bill members 
10 || dr. clark holds an earned doctor of education degree from the university of oklahoma . || of . of the degree holds earned dr. 
11 || research projects as soon as possible on the causes and prevention of dependency and illegitimacy . || . and of and on the research as soon as 
12 || `` the statements may be highly prejudicial to my client `` , bellows told the court . || , the court told may be to my 
13 || `` some of the defendants strongly indicated they knew they were receiving stolen property . || . they some of the they were strongly stolen 
14 || he said evidence was obtained `` in violation of the legal rights of citizens `` . || . in of the was rights citizens he said 
15 || he said this constituted a `` very serious misuse `` of the criminal court processes . || . of the court very constituted he said 
16 || similar payroll tax boosts would be imposed on those under the railroad retirement system . || . on tax would be under the similar retirement 
17 || full payment of nursing home bills for up to 180 days following discharge from a hospital . || . of to for a days home discharge full 
18 || hospital outpatient clinic diagnostic service for all costs in excess of $ 20 a patient . || of in service hospital all clinic 20 patient 
19 || it is a program of prepayment of health costs with absolute freedom of choice guaranteed . || of of of costs guaranteed it is a absolute 
20 || the president said he will ask congress to increase grants to states for vocational rehabilitation . || . to states he ask grants the president vocational 
21 || legislators who last year opposed placing aged-care under the social security system criticized the president 's plan . || who plan year president under the security criticized placing 
22 || halleck said the voluntary care plan enacted last year should be given a fair trial first . || . a be care trial said the last year 
23 || one diplomat described the tenor of secretary of state dean rusk 's speeches as `` inconclusive `` . || of . of 's as one described dean 
24 || they count on the aid of the neutral countries attending the geneva conference to achieve this . || . the of the on the countries they conference achieve 
25 || the united states hopes that any future lao cabinet would not become communist dominated . || . that not future cabinet communist the united states 
26 || but it is apparent that no acceptable formula has been found to prevent such a possibility . || . to that has been acceptable such a but it is 
27 || how effective have kennedy administration first foreign policy decisions been in dealing with communist aggression ? ? || in with ? have how foreign administration decisions aggression 
28 || he was critical of what he feels is president kennedy 's tendency to be too conciliatory . || . 's to be president he was of what feels 
29 || mr. nixon , for his part , would oppose intervention in cuba without specific provocation . || , , . his without intervention mr. 
30 || again and again it asked the communists to `` freeze `` the military situation in laos . || . in again again asked communists the military 
31 || seato was steamed up and prepared contingency plans for coping with the military losses in laos . || . was with the up and plans losses 
32 || one of these men is former fire chief john a. laughlin , he said . || , said men chief former one of a. 
33 || rhode island is going to examine its sunday sales law with possible revisions in mind . || . in with its island sales going to 
34 || he will then appoint the study committee with mr. nugent 's cooperation , the governor said . || , . 's with he then governor the study 
35 || it declares that sunday sales licenses provide `` great revenue `` to the local government . || that to the it government sales great provide 
36 || some of my fellow workers were grooming me for an office in the socialist party . || in the were me an party some of fellow 
37 || mr. reama , far from really being retired , is engaged in industrial relations counseling . || , , . from being industrial engaged mr. 
38 || mitchell said the statement should become a major issue in the primary and the fall campaign . || the in the and the should mitchell campaign a major 
39 || `` how can a man with any degree of common decency charge this `` ? ? || of ? any how charge a man 
40 || jones said he regretted hughes had made a personal attack on a past president . || a he jones hughes attack president made a 
41 || mrs. greenfield is president of the westfield women 's republican club and is a westfield county committeewoman . || . of the is women county and is republican mrs. 
42 || in october 1944 , he was appointed state warden and chief of the forest fire section . || . and in of the state fire he was 1944 
43 || he introduced regular briefing sessions for district fire wardens and first aid training for section wardens . || . and for he district aid sessions regular 
44 || but we 'll have a liberal , well planned , forward looking , honest platform . || , , forward have a planned platform but we 
45 || the plan will provide $ 45 million for purchase of open land by the state . || of the for will land the state 45 
46 || the other $ 15 million is to be alloted to municipalities on a matching fund basis . || . to on a fund is to 15 the other 
47 || some viewed this attempt as evidence that mr. wagner regarded himself as bigger than the party . || . as that as this some than the regarded 
48 || -- a wave of public resentment against corruption in government is rising in massachusetts . || . of a government rising resentment corruption 
49 || a succession of highly publicized scandals has aroused the public within the last year . || . of a has the public the last 
50 || -- congress starts another week tomorrow with sharply contrasting forecasts for the two chambers . || for the congress another tomorrow chambers sharply 
51 || in the senate , several bills are expected to pass without any major conflict or opposition . || , . in the or without major bills expected to 
52 || it is expected to be reported out tuesday , but this is a little uncertain . || , out to be it is this is a uncertain 
53 || they are james j. delaney of queens and thomas p. o'neill jr. of massachusetts . || of . of and j. p. they are 
54 || and then , some churchmen remarked , there is a more classical church-state problem : || some problem and then remarked there is a classical 
55 || r. sargent shriver jr. , director of the corps , is certain that they can . || , , of the certain r. they can 
56 || the advisory committee on administrative and budgetary questions is expected to receive the report this week . || the the committee questions this week administrative expected to 
57 || an agreement among the princes on a coalition government would ease their task , diplomats conceded . || . an government on a task among the ease 
58 || while in the service he attended radio school at scott field in belleville , ill. . || , . the at he field while radio 
59 || he is married to the former audrey knecht and has a daughter , karol , 13 . || , , . and a to the he is 
60 || great chapters of history have been recorded along the avenue , now about 169 years old . || , . of about years have been along the great 
61 || street car tracks run down the center of pennsylvania , powered with lines that are underground . || , . of with street down the tracks that are 
62 || moving past the presidential viewing stand and lafayette square will be at least 40 marching units . || the and be square units viewing moving least 
63 || then will come nine other states in the order of their admission to the union . || . in the to the other of their then come 
64 || division four will be headed by the navy , followed by 11 states ; ; || , by ; by the states will be division 
65 || the odds favor a special session , more than likely early in the year . || the a session more than the year early 
66 || and there has been no effort since the election to pull it back together . || the to it together been effort and there 
67 || the administration could not say why $ 28 million was needed for a grant-in-aid program . || the was for a why program could not 28 
68 || the tax bill will be up for reconsideration wednesday in the house when the legislature reconvenes . || . the the for be bill the house wednesday 
69 || many legislators are already weary and frustrated over the so-far losing battle to block token integration . || and to are over the many integration losing 
70 || this is not the sort of thing most politicos would care to acknowledge publicly . || to would most sort of publicly this is not 
71 || passage of the sales tax measure would also give davis the means to effect a transition . || . the the to a would tax give passage 
72 || he could tell the legislature they had provided the needed funds to carry on the battle . || the . the the funds they had he could carry 
73 || estimates of the city 's loss in the $ 344,000 job have ranged as high as $ 200,000 . || . the as as loss job estimates the city 
74 || the city has sued for the full amount of the $ 172,400 performance bond covering the contract . || for the contract performance amount of the city covering 
75 || the philadelphia transportation co. is investigating the part its organization played in reviewing the project . || the . the the is its played 
76 || `` i am taking the position that the contract was clearly violated `` , berger said . || , the was said that the i am 
77 || but , hemphill added , bids from other contractors ranged from $ 2400 to $ 3100 per joint . || . to from from per but added 
78 || `` we can claim on the maximum amount of the bond `` , berger said . || , said on the amount of bond we can 
79 || berger insisted that `` we know enough to sue for the full amount `` . || . to for the amount insisted we know 
80 || `` we want to find out who knew about it `` , pratt said . || , out it said knew we want to 
81 || the cost of a license now is $ 2 , with an annual renewal fee of $ 1 . || of 2 1 now with an the cost of renewal 
82 || goodis said that single rooms account for 95 percent of the accomodations in some hotels . || . for said that rooms in some percent of the 
83 || he reported that the city 's contributions for animal care included $ 67,000 to the women 's s.p.c.a . ; ; || . 's 's for to the ; he that the care 
84 || $ 15,000 to pay six policemen assigned as dog catchers and $ 15,000 to investigate dog bites . || . and to as dog to pay policemen 
85 || the city is not adequately compensated for the services covered by the fees , he said . || , the said for the not covered the city 
86 || he was caught driving the day after the sentence was pronounced and given a warning . || . the and a was day he was driving 
87 || his widow started the circulation of petitions after barnard was reprimanded for violating the probation . || . the for was his after started circulation 
88 || the younger boy said the blast knocked him out of bed and against the wall . || the the and out of boy knocked the wall 
89 || the explosion sent the hood of the car flying over the roof of the house . || the over the sent of the house hood the car 
90 || a $ 500 reward was offered by the association 's local in kansas city , kas . . || . 's in a was by the city 500 
91 || mining is secretary-treasurer of the local and shiflett is a member of its executive committee . || and of the committee is a of its mining 
92 || his schedule calls for a noon speech monday in eugene at the emerald empire kiwanis club . || in a his at the empire club speech calls 
93 || -- three positions on the oak lodge water district board of directors have attracted 11 candidates . || . of on the have district 11 lodge three 
94 || incumbent richard salter seeks re-election and is opposed by donald huffman for the five-year term . || by for the term and is richard seeks 
95 || the council agreed it should more firmly state its belief in and dependence on the bible . || . the on the its should agreed in and firmly 
96 || `` surveys show that one out of three americans has vital contact with the church . || . that with the out of surveys vital americans 
97 || `` in this light we need 1,000 churches in illinois , where we have 200 ; ; || , ; in this churches we have we need 
98 || we need 100 in rhode island , we have none `` , he said . || , in said island we have we need 
99 || -- encouraging by every means , all existing assemblies of god churches to start new churches . || , of every churches start churches existing encouraging 
100 || -- engaging mature , experienced men to pioneer or open new churches in strategic population centers . || . to in or new population experienced mature 
101 || -- arranging for ministerial graduates to spend from 6-12 months as apprentices in well-established churches . || in for months churches spend graduates 
102 || catcher frank house 's throw in an effort to nab throneberry was wide and in the dirt . || . 's was frank and in the in an effort to 
103 || the detailed rundown on the kansas city scoring in the sixth went like this : || the in the on the this city went 
104 || the famed yankee clipper , now retired , has been assisting as a batting coach . || , the as a has been coach retired 
105 || hansen arrived just before nightfall , two hours late , in company with lee macphail ; ; || , , ; company hours before lee arrived 
106 || `` but they shouldda brought in tokyo , too `` , added old scrapiron . || , . old too brought but they tokyo 
107 || she was moving up to the allowance department after winning a $ 10,000 claiming event . || 
108 || both were under the meet mark of 1.10.8 set in 1950 by mal whitfield . || . set under the both mark 1950 
109 || mills shot out in front and kept the lead through two thirds of the race . || . and the of the through out in mills 
110 || a 208-pound , 6-foot 1-inch senior from stamford , moritz practices nothing but place-kicking . || , , . a but practices senior 
111 || he went into the army in march , 1957 , and returned two years later . || , , . in years he into the returned 
112 || `` once you get the feel of it , there 's not much to it . || not there once of it to it get the 
113 || moritz , however , kicks only about 10 or 12 extra points during each practice session . || , , points 10 each session only 12 
114 || `` if you kick too much , your leg gets kinda dead `` , he explained . || , your if you gets explained dead too much 
115 || meek expressed particular gratification at the defensive performances of end happy nelson and halfback billy gannon . || . at the end expressed nelson performances billy 
116 || `` as soon as it started to form , gannon spotted it `` , meek said . || , said form started as soon as spotted 
117 || `` he just lay back there and waited for it `` , meek said . || , it said he there lay waited 
118 || `` he 's looking a lot better , and he 's able to run `` , meek explained . || , , he he lot able to looking explained 
119 || `` buster would solve that quarterback problem just as we head that way `` . || . that that would problem as we 
120 || a & m has the best defense against passes , 34.7 yards per game . || , a against m game yards the best 
121 || they now lead louisville by a full game on top of the american association pack . || . by a they association lead game top of the 
122 || after al paschal gruonded out , jay cooke walked and jim mcdaniel singled home mcauliffe . || . out after home walked jim 
123 || gaines hammered the ball over the left fence for the third indianapolis run in the ninth . || . the the over the run fence the third 
124 || ed donnelly is still bothered by a side injury and will miss his starting turn . || his will by a injury turn is still ed 
125 || lemon was on with his fourth single of the game , a liner to center . || . to on a his single the game lemon 
126 || -- boston red sox outfielder jackie jensen said monday night he was through playing baseball . || . was said night red playing 
127 || the conductor said to ritchie : `` i do n't think you want to talk to him . || . the : said to talk to i do n't think you 
128 || of the two cherished achievements the elderly spahn 's hitless pitching probably reached the most hearts . || . 's of the the most elderly probably achievements 
129 || the modest and happy spahn waved off his new laurels as one of those good days . || the and as his days of those waved 
130 || willie 's big day revived the running argument about the relative merits of mays and mickey mantle . || . the the and argument big willie merits 
131 || four years later he resigned to take a similar job with the green bay packers . || . the bay job later four resigned take a 
132 || to spahn will go the sid mercer memorial award as the chapter 's player of the year . || the to 's will as the of the year memorial 
133 || shea and his wife , nori , make their home at sands point , l. i. . || , , . at their point and his l. 
134 || he was the lawyer for ted collins ' old boston yankees in the national football league . || . in the ' football he was lawyer ted 
135 || all was quiet in the office of the yankees and the local national leaguers yesterday . || the of the and the national all yesterday quiet 
136 || arnold palmer has been a blazing figure in golf over the past twelve months . || 
137 || he won the masters , the united states open and a record $ 80,738 in prize money . || , the in he and a money united states 
138 || but he also achieved something that endeared him to every duffer who ever flubbed a shot . || . a that who him to but he achieved 
139 || a couple of weeks ago , he scored a monstrous 12 on a par-5 hole . || a a he 12 hole a couple of weeks ago 
140 || he merely became victimized by a form of athletics that respects no one and aggravates all . || of that he by a all became no one 
141 || then the pixies and the zombies took over while the banshees wailed in the distance . || . in the and the took while the then the 
142 || on the narrow fairway of a 508-yard hole , arnold whipped into his second shot . || . into on the of a second hole arnold 
143 || `` you 're wrong `` , said arnold , a man who knows the rules . || , . the you wrong arnold a man who 
144 || he scored a 4 for the embedded ball , a 3 with the provisional one . || a a with the for the he one ball 
145 || however , this would require a lengthening of the season from thirteen to fourteen weeks . || to of the from this weeks however require 
146 || `` we 'll have the problem of baseball at one end and weather at the other `` . || . of at we end weather the other have the 
147 || `` pittsburgh definitely is the team to beat `` , mauch said here the other day . || , . the to said the other definitely 
148 || haddix has a 13-8 record against the redbirds , despite only a 1-3 mark in 1960 . || , the record mark has a only a 1960 
149 || pirate manager danny murtaugh said he had n't decided between mizell and vern law for wednesday 's game . || and n't between law manager game said he wednesday 
150 || `` i have to stay with nieman for a while `` , hemus said . || , with said for a while i have to 
151 || with a lefthander going for pittsburgh , i may use don taussig in center `` . || , . in may with a going don 
152 || bill mazeroski with and hal smith with were the only pirates dragging their feet . || . with their smith bill were the 
153 || since 1949 , the st. louis club has been below on may 1 just four times . || , . on 1 been club since four st. 
154 || bob burnes , sports editor of the globe-democrat , presented bob nordmann with his award . || , , . the with his bob bob editor 
155 || the major decided that , rather than be led , the slugger could lead . || , . the the than could led decided 
156 || mays ' day came a day earlier for willie than for the kids and commies this year . || and the for ' than day came this year 
157 || the bride 's brother , walter d. monroe jr. , will give her in marriage . || , , . the 's in give d. 
158 || in the small group will be the junior and senior mrs. walter monroe ; ; || and in the ; group be the mrs. 
159 || also present will be the bride 's children , joan , 13 , and kirkland , 11 . || , . and children will be also 13 bride joan 
160 || mrs. hamm will not come from vero beach , fla. , for the wedding . || , . the from beach will not mrs. 
161 || i 'm even going to try to get the whirling dervishes of damascus `` ! ! || of the ! i even to try to 
162 || the geraghtys ' youngest daughter , molly , bows in the passavant debutante cotillion the next night . || , . the in the ' daughter the next 
163 || molly already has her cotillion gown , and it 's fitted , says her mother . || , it her says mother already fitted 
164 || miss abra prentice 's debut supper dance in the casino will wind up the day . || . 's in the will up the miss supper 
165 || the burkes , who now live in kankakee , are telling friends of the engagement . || , , . the in of the now telling 
166 || if w. w. 's retiring soon , as hinted , he ai n't talking -- yet . || , as if yet soon ai w. talking 
167 || johnny ray , at the same l. r. , has something to cry about . || , to about has the same johnny r. 
168 || handsome bachelor charley was a favorite date of many of hollywood 's glamor gals for years . || . 's for was a date many of handsome 
169 || there is no such thing as an `` emergency telephone building fund drive `` . || . an drive building thing emergency there is no 
170 || you can mail contribs to danny thomas , post office box 7599 , chicago . || , . to box post thomas you can 
171 || jump off is tomorrow night when the packs meet st. louis in their season home opener . || . the is their home night meet jump louis 
172 || actually johnny is a glib , garrulous guy , with a rare sense of humor . || , . with a is a sense of actually guy 
173 || grandparents are mr. and mrs. robert l. chase and mr. and mrs . guy mullenax of kittredge . || . of and are mrs chase robert guy mr. 
174 || mrs. john c. vroman jr. of manzanola is spending several days in her sherman plaza apartment . || of is in her c. several apartment mrs. 
175 || mrs. stanley wright is ticket chairman and mrs. theodore pate is in charge of publicity . || . of and is in ticket wright mrs. 
176 || a cheery smile , a compassionate interest in others and a practical down-to-earth approach . || a a a approach interest smile others 
177 || and where is `` home `` , that magic place of the heart ? ? || , and of the is ? home magic 
178 || there are even motels for local weather peculiarities in shamrock , tex . , as i discovered . || , . . in for weather there are as i 
179 || parents of the bride are mr. and mrs. ferris m. gay , 7034 coronado . || , . and the are parents m. 
180 || her veil was caught to a crown , and she carried gardenias and stephanotis . || , . and was her to a she 
181 || the rev . melvin carter officiated at the ceremony in slaughter chapel of the first baptist church . || . the in at the church chapel the first carter 
182 || dan beam presented music and the bride was given in marriage by her father . || the in by was music father beam 
183 || her veil was caught to a pearl headdress , and she carried stephanotis and orchids . || , . and was her to a she 
184 || but we ca n't tell it all now and then have no new excitement later `` . || . n't no and then excitement it all but we 
185 || `` big business , this little thrift shop business `` , say the members . || , , . the little shop big 
186 || the fashion show , by natalie collett will have mrs. john newbold as commentator . || . the by as john show will have 
187 || mrs. a. voorhees anderson entertained at a luncheon at her home , on monday . || , at her at a anderson monday mrs. 
188 || mr. and mrs. frederick heinze are entertaining mr. walter lehner , of vienna ; ; || , are ; mr. mr. mrs. vienna 
189 || mr. ingo dussa , of dusseldorf , germany , and mr. bietnar haaek , of brelin . || , , , , . mr. mr. 
190 || she will entertain at a vieux carre restaurant at 1 o'clock in the early afternoon . || . 1 she at a restaurant in the early 
191 || the girl was in critical condition with burns over 90 per cent of her body . || . the her condition cent was in burns 90 
192 || the victims were h. malone dresbach , 47 , and his wife , shirley , 46 . || , , , . the were his wife 
193 || automatic rifle , according to capt . elmer hagner , chief of anne arundel detectives . || , , . . of to automatic 
194 || the circuit court jurist said the boy will have a hearing in juvenile court . || the court court said the will have hearing 
195 || the description of the car was immediately broadcast throughout southern maryland on police radio . || the on of the was radio southern broadcast 
196 || police said the boys are natural brothers and were adopted as small children by the dresbachs . || . the the are as were children brothers police 
197 || governor tawes announced that a triple swearing-in ceremony will be held in his office next friday . || . a be in his next announced governor ceremony 
198 || others , which are reached by walking up a single flight of stairs , have balconies . || , . of which walking others reached a single 
199 || it is a killer sub -- that is , a hunter of enemy subs . || . of a that is it is a 
200 || they are accused of whisking secrets out of naval strongrooms over which they kept guard . || of of over they they are secrets guard 
201 || a shadowy couple who call themselves peter kroger , bookseller , and wife , joyce . || , , a call wife peter couple joyce 
202 || `` this is russian money `` , said mervin griffith-jones for the attorney general 's office . || , for the general office money this is 
203 || almost any information about the dreadnought would also reveal secrets about the american underwater fleet . || the would information about the almost fleet reveal 
204 || it was first tried out on a conventional submarine , the albacore , in 1954 . || , , on a it was tried 1954 
205 || oddly , the calls were still heard 11 days after the five were arrested . || , . were still 11 after the calls 
206 || among other acts , teller and austin are accused of paying $ 800 to sears . || . of and to are among acts 
207 || his losses included his money bag , containing $ 40 to $ 50 and his $ 214 paycheck . || , . his his money 50 included 40 
208 || it was when he attempted to end the relationship that the murder took place . || . the to he that the took it was 
209 || a verdict against pohl came at 4:05 p.m. after almost 13-1/2 hours of deliberation . || . a against after hours came 
210 || christine 's twin sister , patricia , and darlene kowalski , 8 , escaped with minor burns . || , , , , with burns twin christine 
211 || they are home now with the other kowalski children , vicky , 14 ; ; || , ; children now the other they are 
212 || he said contributions also could be mailed to post office box 553 , warren village station . || , . to be office also village he said 
213 || `` i never knew there were such neighbors and friends around me and my family . || . and were i around knew and my 
214 || commandeering a passing car , kimmell pursued the fleeing vehicle , but lost it in traffic . || . a but car it in vehicle pursued 
215 || britain announced that it is asking the soviet union to agree tomorrow to an immediate cease-fire . || . the union britain to an agree that it is 
216 || a 14-power conference on laos should then meet on may 5 , he said . || , a said may should conference meet 
217 || he indicated that requests would be made for more u.s. arms and more u.s. military advisers . || . that he more would be arms military for more 
218 || he declared the government is thinking of asking for foreign troops if the situation worsens . || . he thinking foreign the government if the asking 
219 || a havana radio broadcast identified the americans as howard anderson and august jack mcnair . || . and a radio howard identified jack americans 
220 || at least 20 other americans were reported to have been arrested in a mass political roundup . || . a were other to have political at least arrested 
221 || more than 1,000 were said to have been arrested -- 100 of them roman catholic priests . || . were them 100 to have more than catholic arrested 
222 || they indicated that stand-ins and picketing would be started if theater owners failed to cooperate . || . and to that they if would be owners 
223 || he was born in pittsboro , miss . , and was a veteran of world war 1 . || , . in 1 world he was and was veteran 
224 || he was a member of the oakland city methodist church and a native of atlanta . || . of of the a city church he was a 
225 || two daughters , mrs. gene f. stoll and miss nancy harris , both of garland ; ; || , and ; gene two harris both 
226 || then he attacked the two officers again and was again restrained , slate related . || , was again related the two then he 
227 || slate said he and crawford received cuts and scratches and their uniforms were badly torn . || and were and their received said he torn 
228 || the eradication effort is being pushed in bibb and jones counties , over 37,679 acres . || and the in over being effort counties acres 
229 || students have been using electric computers and high speed movie cameras during the study . || and been students electric speed cameras the study 
230 || incidentally , 14th street and the expressway is the high accident intersection during daylight hours . || the street hours is the during accident incidentally 
231 || the junction of the northeast and northwest expressways and jones avenue and marietta street , aj . || . and and the of the street avenue 
232 || that death occurred at 50 p.m. friday and was reported sunday , the patrol said . || the that was said 50 sunday occurred friday 
233 || the staff deserves a lot of credit working down here under real obstacles `` . || . the here working real a lot of 
234 || harvey said his objective was to create a better public image for welfare `` . || . for a his was to public harvey 
235 || secret grand jury indictments were returned against the pair last week , detective murray logan reported . || were against the reported last week secret detective jury 
236 || the phoenix arrest culminates more than a year 's investigation by detective william taylor and other officers . || . the other taylor arrest investigation detective more than a year 
237 || she was arrested by phoenix police after they received the indictment papers from portland detectives . || . the by they police papers she was 
238 || for many years he had provided music and entertainment for functions throughout the northwest . || . the for had years music functions entertainment 
239 || mr. brooks was born in new york , and came to portland in 1920 . || . and to in was in new york mr. 
240 || over 400 portland firms contributed funds for the maintenance of junior achievement headquarters here . || of the over here firms funds achievement 
241 || for winning larson will receive a $ 100 u.s. savings bond from the junior achievement national organization . || for a from the will 100 organization achievement savings 
242 || bill davis quartet of hillsboro was second and baton twirler sue ann nuttall of reedville third . || of of and was bill third sue 
243 || janet jossy of north plains won grand champion honors of the 4-h sheep showman contest . || of of the champion won contest sheep 
244 || joan zurcher of hillsboro , phyllis jossy of north plains , jane cox of north plains . || , of , of . of joan 
245 || tom day of beaverton exhibited the grand champion 4-h market hog , a chester white . || , . of the market champion tom chester 
246 || swine showmanship championship went to bob day , with tom day and hutchins winning other blues . || to with day day championship blues winning 
247 || carol strong , 13 , of cedar mill cooked the championship junior dollar dinner . || , , the dinner mill junior carol 
248 || these were the last two days set aside by the board for hearing appeals . || the for days these aside the last appeals 
249 || a collection of english , french and german coins , valued at $ 500 ; ; || , of and a ; 500 coins valued 
250 || the property included a one-story brick manufacturing building on 8,293 square feet of land . || . of the square building included brick 
251 || the fund 's statewide quota this year is $ 8,250 to provide christmas gifts for needy youngsters . || the 's this year to provide youngsters gifts 
252 || hospital officials said the injury was severe but the youth was in good condition last night . || was hospital condition night was in said the but the 
253 || no formal charges have been filed as a result of either of the two reported incidents . || . of the no been reported charges as a result of 
254 || the conservation leader said other mistakes in spraying had caused serious damage in ohio and wyoming . || . and in the in had other leader serious 
255 || the world war 2 , german bomber rolled down a runway and took off . || and a off 2 the world german rolled 
256 || `` there was only one power control -- a valve to adjust the fuel flow . || the to a control flow one there was 
257 || the only way out of this state of affairs is agreement to abolish nuclear weapons ; ; || to is ; out of nuclear state of the only 
258 || stein 's fee , lee said , was 10 per cent of the janitors ' pay . || , . 's of the was per said ' 
259 || the weather bureau has estimated that radioactive fallout from the test might arrive here next week . || the from the here might week estimated bureau 
260 || the shortage was discovered after huff failed to report for work on sept. 18 . || . the was report after work failed sept. 
261 || when huff attempted to cash another $ 100 check there monday , hotel officials called police . || , when 100 there police cash officials attempted 
262 || for many reasons , the demand to buy shares in the dallas-headquartered company was tremendous . || the for in the company reasons to buy tremendous 
263 || it was not a case of the investment bankers having to sell the stock ; ; || the ; case stock having sell it was not 
264 || some dallas investment firms got only 100 shares , for all of their customers . || , 100 some got investment customers all of 
265 || the stock was sold in the underwriting at a price of $ 12.50 a share . || . of the a was in the at a 
266 || but the morton foods issue was hot long before it was on the market . || . the was foods long it was but the 
267 || the present company is a combination of several smaller ones that date back to 1834 . || . of the a that company back to smaller 
268 || the company sells a complete line of gin machinery all over the cotton-growing world . || a world over the line the company machinery 
269 || presently , hardwicke-etter employs 300-450 people , depending on the season of the year . || the people of the year depending presently 
270 || the lummus cotton gin co. has had a sales and service office in dallas since 1912 . || . the and a has office since cotton 
271 || the moss gordin lint cleaner co. and gordin unit system of ginning have joint headquarters here . || . of and the have unit cleaner headquarters 
272 || they make gin saws and deal in parts , supplies and some used gin machinery . || , and in they and some machinery 
273 || the firm also handles gin and oil mill supplies such as belting , bearings , etc . . || , , . and the also such as mill 
274 || business firms provide 20 weeks of practical employment to supplement classroom instruction in these fields . || to in business weeks fields provide practical classroom 
275 || arnold hayes , mary ann shay , and lloyd satterfield of thomas jefferson ; ; || , , of ; lloyd arnold ann 
276 || william cluck , deloris carrel carty , and edna earl eaton of north dallas ; ; || , , of ; william earl 
277 || patricia ann neal , johnny carruthers , and david mclauchlin of rylie of seagoville ; ; || , of , of ; david ann 
278 || david wolverton , sharon flanagan , and james weaver of w. w. samuels ; ; || , , of ; james david w. 
279 || william austin , gary hammond , and ronnie davis of south oak cliff ; ; || , , ; william davis south cliff 
280 || he urged support for president kennedy 's requests for both defense and foreign aid appropriations . || . and 's for he support president aid 
281 || a substantial rise in new orders and sales of durable goods was reported for last month . || . of and a new rise last goods reported 
282 || under the new offering , only $ 60 million in debentures are convertible into 923,076 common shares . || . in are into common only under the offering 60 
283 || -- american stock exchange prices enjoyed a fairly solid rise but here also trading dwindled . || . rise here american exchange trading enjoyed fairly 
284 || but it seems that this `` electronic brain `` was n't `` programmed `` correctly . || electronic was n't but it that this correctly 
285 || the proposed c & o-b & o railroad would make it the hemisphere 's second largest . || the 's it & would c largest 
286 || -- the government 's short-term borrowing costs rose with tuesday 's weekly offering of treasury bills . || . 's with costs the government offering treasury short-term 
287 || expect their own production volume , and presumably sales , to jump 30 percent in 1961 . || . and to in own volume sales 30 expect 
288 || why the discrepancy between the builders ' forecasts for themselves and for the industry ? ? || for ? ' between the industry why and for 
289 || the significance of the pickup in farm machinery sales extends beyond the farm equipment industry . || . the the in of the equipment machinery extends 
290 || the demand for farm machinery is regarded as a yardstick of rural buying generally . || . of the for a machinery regarded buying 
291 || last year , we probably would have given him $ 700 for a comparable machine `` . || . him for a we machine would have last year 
292 || louisiana , however , collected an income tax on the profits from the sale . || , , . the from the an tax 
293 || peace corps volunteers are assured a tax benefit under the law creating the agency . || tax peace under the agency assured volunteers creating 
294 || harry rolnick , president of the byer-rolnick hat corporation and designer of men 's hats ; ; || , of and 's of the ; hat harry 
295 || her favorite cocktail dress is a norell , a black and white organdy and silk jersey . || , and a her black white jersey dress 
296 || she also likes the femininity and charm of designs by ceil chapman and helen rose . || . of and by she likes chapman helen 
297 || her mother was a greer and her father 's family came from the orkney isles . || . the 's a came and her her mother 
298 || among stage performances was a starring role in `` golden arrow `` directed by noel coward . || . a role among performances directed golden 
299 || ramsey , as smu 's food wrangler , buys enough groceries to serve 32,000 meals a week . || , , to 's enough week meals 
300 || tell that to the little wife when she moans at the woman 's burden ! ! || 's to the ! at the she wife tell 
301 || once four tibetan monks , in their saffron robes , filed through the cafeteria line . || , , their through the line once 
302 || `` they are n't supposed to look at women , you know `` , ramsey recalled . || , , at know they are recalled supposed to 
303 || `` what with all those pretty girls around , they had a hard time `` . || . around what all hard they had pretty 
304 || while this is baking , saute mushrooms , fresh or canned , in butter . || , , , is or butter while 
305 || serve each breast on a thin slice of slow-baked ham and sprinkle with thompson seedless grapes . || . with a ham slice breast serve 
306 || ( leave off the ham and you call it chicken pontiac , says ramsey . || , . ( it off the and you 
307 || that is the goal of two new collections being introduced in dallas this month . || . of in this new being that is the 
308 || see-through design of the chairs combines both the nostalgic ladder back and an oriental shoji flavor . || . the design both and an ladder 
309 || to bring warmth to the dining area , golden orange tones are used in the fabrics . || . in the are to the area to bring golden 
310 || center panel , hand-screened wood , actually is a back of one of the tall bookcases . || . a wood panel actually of one of the 
311 || invitations have been extended to some austin dignitaries including gov . and mrs. price daniel . || . to have been including daniel mrs. 
312 || decorating the ballroom will be the yellow rose of texas , in tall bushes ; ; || , of the ; will be tall yellow 
313 || their activities will be climaxed in the spring of 1962 when they go to europe . || . of to in the their will be when they 
314 || two of these are in or near dallas and the others away from the vicinity . || . and the near are in away from the two of 
315 || w. h. roquemore , treasurer , and the following chairmen : mmes mckee , publicity ; ; || , , , : ; the following w. 
316 || mrs. reese baked her cookies for only the third time in the bake-off finals . || . for in the her the third mrs. 
317 || more than 200 are expected at the autumn event which is matched in the spring . || . is in the are at the event more than 
318 || he started practice in 1917 , and served on the state board of medical examiners . || , . of he practice served the state 
319 || a heart attack when she was barely 20 put an end to the 10-hour daily practicing . || . a to the an attack daily 20 she was 
320 || there they continued their studies at the university , she in art , he in architecture . || , , . in the in studies there continued 
321 || `` my father walked , through two miles of snow , in illinois `` . || , , . of two my father 
322 || i 've tried to compromise by letting them take the little car now and then . || the by i them car and then tried to 
323 || when they do that my wife has to drive me to work in the big car . || to that in the car wife me to when they 
324 || if they have to take any car , they 'd rather take the big one . || . they car rather to take if they the big 
325 || my wife could drive us down the hill and we could all walk from there . || . the from all us could my and we 
326 || nobody walks anymore but crackpots and harry truman , and he 's already got an education . || , . and he an but already nobody 
327 || she is the former judy chapman , daughter of john s. chapman of this city . || . this john daughter former chapman chapman she is 
328 || but the raoul esnards have exchanged their residence in southern california for mexico city . || . in have their but the california mexico 
329 || to create such a lamp , order a wired pedestal from any lamp shop . || , . a a from lamp to create 
330 || a generation ago there were plenty of people who appreciated antiques and fine reproductions . || . and a were ago of people appreciated 
331 || in the comedy division , the kings simply augment talent and imagination with a few props . || . the in the division a few simply imagination talent 
332 || net result is some crazy-wonderful nonsense , part of which can be classed as pure slapstick . || . is as can be net part of nonsense 
333 || kings 4 , have rated as a popular act in vegas and western nightclubs . || , . and as a act kings 
334 || `` flip `` phillips for a return engagement at fireside steak ranch wednesday ; ; || a ; phillips wednesday engagement 
335 || bandstand features hal decicco , pianist , for both dinner hour and the late trade . || , , . features both hour the late 
336 || the tic-tac-toe trio is the club 's new show group which also plays for dancing . || the 's which is the show plays dancing 
337 || vivacious redhead debuts another shop , her sixth , in the governor 's club hotel this week . || , 's in the hotel week another sixth 
338 || ( which is understandable -- if you 've ever sampled the exotic , peppery fare . || , the ( is ever if you fare 
339 || the business education program operates with the cooperation of local high schools and business firms . || the of the and education high firms operates 
340 || at that time the second half of the christian youth crusade against communism will be staged . || . against will be youth at that the second half of the 
341 || the first one , two years ago , changed the routine of their home life . || , life their the first years ago changed routine 
342 || to their surprise , the children all were eager and quite able to take part . || , and were children part able to to their 
343 || new officers of the church will be ordained and installed at the 7:30 p.m. service . || and of the at the new service will be 
344 || the season in san francisco will open with a special gala concert on november 22 . || . the in will with a november concert 
345 || pianists leon fleisher , ruth slenczynka and stephen bishop and conductor earl bernard murray . || , and bishop murray earl 
346 || in other words , no merely male creature can resist that corps de ballet . || . that de no can male in other words 
347 || all the sins of ancient rome are said to be collected into this three-hour film . || of into be said film all the rome 
348 || if that 's all the romans did , it 's a surprise to me that rome fell . || . the 's a it if did to me rome 
349 || what a swinging group they must have been when they first started entertaining ! ! || ! been group what they must started 
350 || but this does n't detract from its merit as an interesting , if not great , film . || , , . from n't not an but this merit 
351 || `` where do you put the lighter fluid , ha , ha `` ? ? || the ? you where ha fluid ha 
352 || but he left the doors to his office open so he could hear the music . || . the the open to his but he he could 
353 || they decided that they thought rembrandt 's self-portrait made him look `` sad `` ; ; || 's ; they made look that they sad 
354 || i 'm sure you 've heard of him and his record , ' the confederacy ' `` . || , . of the ' i and his 've sure 
355 || among the other artists , whose paintings were discussed were boucher , courbet , fra angelico . || , , . were were whose among the artists 
356 || they came together in the huge , high-ceilinged council chamber to hear the late leader eulogized . || , . the together council they late to hear 
357 || the marriage of john and mary black had clearly reached the breaking point after eight years . || . the of the and point black eight clearly 
358 || john had a job in a small firm where the work was dull and monotonous . || . a in a john firm the work dull 
359 || family service , sharing in ugf , has five agencies in the washington area . || , , in in the area family five 
360 || they know the value of being just that -- an ordinary , happy family . || , the that an they family of being 
361 || `` i 'm hopeful that from more traditional exchanges we can perhaps find greater common ground `` . || . that i can more common find exchanges 
362 || president kennedy will meet with soviet premier nikita s. khrushchev in vienna june 3 and 4 . || . and in with will president june s. premier 
363 || the spirit served chiefly to lull the west while moscow made inroads into the middle east . || the to into the moscow east served the west 
364 || in 1959 president eisenhower and premier khrushchev held an informal session in the u. s. . || and in in the president held s. informal 
365 || ideally , he knew , it should be preceded by concrete progress at lower levels . || , . by he should be lower progress ideally 
366 || the president was especially concerned about the deadlock in the nuclear test ban negotiations at geneva . || in the test about the negotiations especially the president geneva 
367 || developments in cuba and laos also suggested the advisability of an early summit meeting . || . the and also of an summit developments 
368 || ambassador thompson reported from moscow that the soviet leader 's mood was cocky and aggressive . || . the and moscow leader reported mood ambassador 
369 || he has indicated that he plans new moves on berlin before the year is out . || . on is new that he before the he has 
370 || the inclination was to accept the statement that there would be no formal negotiations . || . the the be was to that there formal 
371 || there is , however , one curious discrepancy in this broad and flattering picture . || and one in this picture there is however 
372 || community esprit de corps has been the protective shell which has made the achievement possible . || . de which made has been community achievement protective 
373 || it is something more than the arithmetical sum of individual totals of piety and detachment . || . of and sum it is more than individual 
374 || this `` family-community `` spirit is the real explanation of the marvel of our achievement . || . of the this spirit of our the real 
375 || in the first place there is the obvious problem of recruiting high caliber personnel . || high is the problem personnel in the first place 
376 || much has been made of the fact that major catholic institutions now guarantee firm tenure . || . been much now firm catholic of the fact that 
377 || the senator was shocked by stoppages over allegedly trivial disputes that delayed our missile program . || the by was over program disputes delayed 
378 || neither has congressman martin nor senator mcclellan been heard from on the matter ; ; || the from ; been martin neither 
379 || they are preoccupied with ending labor abuses by extending the anti-monopoly laws to the unions . || . the the with by laws they are 
380 || the fact is that any business that wants to operate successfully can not follow the law . || that not business the fact the law wants to successfully 
381 || uncle sam would then accuse them of creating a monopoly by `` unfair competition `` . || . them would unfair monopoly uncle creating 
382 || ( p. 214 ) anti-trust laws became the greatest protection to uncontrolled business dictatorship . || . the ) ( business protection laws 
383 || before 1933 , individuals who opposed trade unions and collective bargaining said so in plain english . || , . and who before so trade plain bargaining 
384 || the basic purpose of an effective collective-bargaining system is the removal of wages from competition . || . the of the from system an purpose 
385 || human labor was exactly that -- a commodity -- in eighteenth- and nineteenth-century america . || and in a that was america human 
386 || there were no pious hypocrisies then about being for collective bargaining , but against labor monopoly . || , against being then there were monopoly collective 
387 || in people vs. fisher , justice savage of the new york supreme court declared : || , in : court savage the new york 
388 || labor remained a commodity -- but presumably a privileged one granted immunization from the anti-trust laws . || a from the but one laws remained 
389 || ) the court first ruled that the strike constituted only an indirect interference with commerce . || the ) an court interference ruled commerce constituted 
390 || what herter presented , said gore , was `` not a very encouraging review `` . || , . said what presented not a encouraging 
391 || and counting noses , they seemed to have the votes to work their will . || , and the will seemed to to work 
392 || smith flatly rejected the offer , and mister sam thereupon decided to join the rebels . || . the and smith offer decided to rejected sam 
393 || but in the prospect of winning the battle loomed the specter of losing a costlier war . || of the of the a war but in the 
394 || fair dealer humphrey upped the ante , asked cloture power for a mere majority of senators . || , . the a power fair majority 
395 || privately , the liberals admitted that the humphrey amendment had no chance of passage . || . the of the no admitted amendment privately 
396 || nixon fulfilled his assignment with grace , then went beyond the required `` sufficient declaration `` . || , . the with his went sufficient 
397 || the augusta national golf club course got up and bit both player and palmer . || . and the and national club got both 
398 || as he signed his scorecard and walked off the course , player was almost in tears . || , . and in was his off the as he 
399 || as if to confirm his stature , he quickly won three of the first eight tournaments . || , . three the first as if quickly confirm 
400 || player immediately proved he was not in the least awed by the dramatic proximity of palmer . || . of the by the was not player proved 
401 || he outplayed palmer all around the course and finished with a tremendous 65 to palmer 's 71 . || . and the 's he with a all 65 
402 || it struck the 9th green on the fly and stopped just off the edge . || . the the the and it green just 
403 || starting the second nine , palmer was already four strokes behind player and knew it . || , and was it behind four second starting 
404 || experts point to the thinning of pitching talent in the american league caused by expansion . || of to the caused expansion talent experts the american 
405 || after 108 games in 1961 , mickey mantle has 43 , roger maris 41 . || , has after games 41 1961 
406 || in ruth 's day -- and until this year -- the schedule was 154 games . || and the 's in was games this year 
407 || neither mantle nor maris , understandably , will predict 60 home runs for himself . || , , . for home nor neither predict 
408 || with their huge backs and overdeveloped shoulders , both must have their clothes made to order . || . to have both with their clothes shoulders backs 
409 || of the two , mantle is by nature the less outgoing , maris the more outspoken . || , , . of the is nature less the more 
410 || ( farrell did -- and maris led the team to victory in the little world series . || . and the ( world did team victory led 
411 || with this ultimate weapon , the two yankees may have saved baseball from its dullest season . || from season may have the two weapon with this 
412 || old and new briefly crossed paths in the u.s. senate , then went their respective ways . || in the their new old ways then crossed senate 
413 || pittsburgh turned him down , just as pittsburgh society had been snubbing him for years . || down him society years been turned just as 
414 || but in all its 175 years , not a single negro student has entered its classrooms . || . years its student entered but in not a 
415 || but holmes was rejected again `` on the basis of his record and interview `` . || . was but again record interview on the basis of 
416 || they also said he lied in saying that he had never been `` arrested `` . || . in been they said he that he had arrested 
417 || their reason : holmes once paid a $ 20 speeding fine , had his license suspended . || a : had their once 20 fine suspended 
418 || the state will appeal -- but few think it will actually try to close the university . || . the to but appeal actually the state think it 
419 || beadle is even that rare scientist who takes an interest in money matters ; ; || that is ; interest money takes scientist 
420 || and it was filled then as now by quarreling tribes with no political or historical unity . || . with now then political historical and it was 
421 || they were determined by the points at which leopold 's explorers and gunmen got tired of walking . || . of and 's at by the got they were 
422 || the religions of the people include christianity , mohammedanism , paganism , ancestor worship and animism . || , , . the of the people christianity worship 
423 || at first the belgian royal family administered the congo as its own private property . || the at as property own royal administered 
424 || had they been truly ruthless , the belgians might have exploited the congolese without compassion . || , . the had been without might have 
425 || their program of mass medical care was doubtless the best on the continent ; ; || of the was ; their medical the best 
426 || but they did not believe in widespread secondary education , much less in college . || , in college not less secondary but they 
427 || why did the belgians grant independence to a colony so manifestly unprepared to accept it ? ? || the to ? it to a so why grant 
428 || and in brussels , street crowds shouted , `` pas une goutte de sang ! ! || , , ! de and in crowds 
429 || the belgians would not fight for the privilege of being the detested pedagogue ; ; || the ; for the would not of being 
430 || the belgian government decided to act , and on july 10 dispatched paratroops to the congo . || , . the to on to the government 10 
431 || it took the u.n. three months to bring a modest form of order to the congo . || . of the to the it three to bring modest 
432 || ( however , there is little evidence that the late lumumba was a communist . || , . ( is evidence was a the late 
433 || from october 1960 to february 1961 , the u.n. forces in the congo took little action . || , the from action forces took february 1960 
434 || the conversation apparently convinced mr. kennedy that the positions of france and tunisia were not irreconcilable . || . of the and that the were not apparently mr. 
435 || chen was equally adamant in his opposition to the admission of outer mongolia ; ; || of was to the ; in his 
436 || the president also conferred with emissaries from guatemala and nepal who are seeking more foreign aid . || and with from more aid who are the president 
437 || all week long the president clearly was playing a larger personal role in foreign affairs ; ; || in a was ; all president long personal affairs 
438 || `` the man was bent over with his hand on his stomach `` , berry said . || , said on his with his the man bent 
439 || salvador saw the youth hold his against the head of stewardess lois carnegey ; ; || of the his ; saw youth 
440 || what the man wanted was four persons to volunteer as hostages , along with the crew . || , . to as with the four wanted what the 
441 || they chose four : jack casey , who works for continental airlines in houston ; ; || , in ; they works four jack continental 
442 || at 7:30 a.m. , more than three hours after landing , the beardens gave an ultimatum : || , the : at than hours gave landing 
443 || the elder bearden had one pistol in his hand , the other in a hip pocket . || , the a had in his other pocket 
444 || ( bearden reportedly hoped to peddle the plane to castro , and live high in cuba . || , . to the to in ( live reportedly 
445 || holders of toll-road bonds are finding improvements in monthly reports on operation of the turnpikes . || . the in reports operation bonds holders finding 
446 || another result is that buyers are tending to bid up the prices of these tax-exempt bonds . || to are up the is that of these another bonds 
447 || investors , however , still see an element of more-than-ordinary risk in the toll-road bonds . || of the an still risk bonds investors however 
448 || the report is based on a survey by blyth & company , investment bankers . || , . the by is & on a 
449 || then march brought an 18 per cent rise in net revenues -- after operating costs . || in after cent then costs brought 18 revenues 
450 || the road 's engineers look for further improvement when the turnpike is extended into boston . || . the for is into the road engineers improvement 
451 || some turnpikes have not been in full operation long enough to prove what they can do . || to have do been some long full what they 
452 || progress is being made , too , in improving motorists ' access to many turnpikes . || , , . to ' being progress improving 
453 || investors studying the toll-road bonds for opportunities find that not all roads are nearing their goals . || . the that are their all bonds opportunities investors 
454 || many others are attracting the traffic needed to push revenues up to the break-even point . || the are to the point many needed to revenues 
455 || a skilled worker on the assembly line , for example , earns $ 37 a week . || the a line week worker 37 for example 
456 || `` said secretary hodges : ' it 's a tough combination for the u.s. to face . || . the to a : it said combination 
457 || `` hodges is trying to get more foreign business to go to the u.s. . || . is to get foreign to go to the 
458 || there are many places where we can use their vigor and new ideas ' `` . || . and their ideas places there are we can 
459 || the indians and pakistanis are chafing under similar restrictions on the british market for similar reasons . || . the and the are market under similar restrictions 
460 || gradual , controlled expansion of the world 's textile trade is what president kennedy wants . || . what trade controlled kennedy of the world gradual 
461 || in veiled terms , that 's what the kennedy administration is saying to the american textile industry . || in that industry terms administration saying what the the american 
462 || the british coal industry is unprofitable , has large coal stocks it ca n't sell . || , . the is coal large stocks ca n't 
463 || what to buy out of the year 's grist of nearly 15,000 book titles ? ? || of ? what book of the year buy 
464 || within a system , however , the autonomy of each member library is preserved . || . of the is system member within however 
465 || the entire headquarters collection is available to the patrons of all members on interlibrary loans . || the on collection of all available loans the entire 
466 || the books are carried around by truck in canvas bags from headquarters to the other libraries . || the from are to the around truck libraries canvas 
467 || it maintains a central exhibit collection to share displays already created and used ; ; || and a it ; collection share already 
468 || the system itself is governed by a board of trustees , geographically representing its membership . || , of the a itself membership representing governed 
469 || a fundamental source of knowledge in the world today is the book found in our libraries . || . a is the our knowledge found the world source 
470 || this session , for instance , may have insured a financial crisis two years from now . || , a years this now crisis may have instance 
471 || the harder the choice , the more willing the league is to wade in . || , the the the in more is to 
472 || and the league takes a stand , with great regularity , on the side of right . || , . with and the stand takes the side of 
473 || this left the soviets plenty of leeway to start low-grade brushfire aggressions with considerable impunity . || . the to with this plenty 
474 || assassination , even of a tyrant , is repulsive to men of good conscience . || , , of to of a conscience 
475 || but the price was the silence of the grave for all criticism or opposition . || . of the or was the but the for all 
476 || the jails were filled to overflowing with political prisoners who had incurred his displeasure . || . the to with had were his prisoners 
477 || the dominican republic could turn toward communist-type authoritarianism as easily as toward western freedom . || . the as as republic turn western 
478 || another remained when an american army car was recovered but with a broken glass . || when glass with a car american another recovered 
479 || a horizon even and seamless , binding the vast sun-bleached dome of sky to earth . || , . of the to a even 
480 || the park service makes an impressive ecological and statistical case for creating this new park . || . the and an new service case creating 
481 || a philadelphia distiller is currently breaching the customary prohibition against hard-liquor advertising on tv and radio . || the a is against radio tv advertising 
482 || his election , on the other hand , would unquestionably strengthen the `` regulars `` . || , . his would strengthen the other hand 
483 || but his reelection would strengthen the liberal democrats and the labor unions who back him . || . the the would back but democrats unions 
484 || the vote still gives citizens a voice in the operation of their government and their party . || . the the voice of their still citizens and their 
485 || both mr. k 's have so far continued to speak softly and carry big sticks over laos . || . to have k both sticks far softly carry 
486 || in this case he has put the alternatives clearly to mr. khrushchev for the third time . || the time has for the clearly in this case mr. 
487 || twice previously the senate has approved measures backing etv and the house has let them die . || . has and the them approved twice backing the senate 
488 || the funds would be used for equipment , not for land , buildings , or operation . || , , , the for for operation would be 
489 || the relatively few communities that have educational stations have found them of considerable value . || of the value few found stations that have 
490 || mr. speaker , mr. sam , and mr. democrat , at one and the same time . || , and at time and the democrat sam mr. 
491 || when it was not , one of the great dramas of washington would be presented . || . of not would be when it one of the great 
492 || he expected democrats to do their duty when it had been patiently pointed out to them . || do he duty pointed democrats to them it had been 
493 || he was , of course , in the house for a very long time . || time he was a very of course in the house 
494 || to be presiding officer of it was the end of his desire and ambition . || . and to be of his officer it was the 
495 || sound the roll of those with whom he served and who preceded him in death . || . who roll sound those him in served whom 
496 || in 18 months , no more grisly incident has been reported from that jungle . || . in from no been months incident 
497 || the excuse was offered for them that they had mistaken the italians for belgian mercenaries . || . the the for was they had for them 
498 || to the contrary , through the past six weeks violence has been piled upon violence . || , . to the upon has been weeks the past 
499 || yet this basic condition of outlawry and anarchy is not the work of katanga . || of . of and yet basic is not the 
